<?xml version="1.0" encoding="UTF-8"?>
<robot generator="Robot 7.2.2 (Python 3.13.3 on win32)" generated="2025-05-23T16:48:11.886835" rpa="false" schemaversion="5">
<suite id="s1" name="Api Booking" source="c:\Users\hoewe\Documents\ENTREGAS PB\SPRINT 5\Semana 10 - Base Testes Automatizados Robot Framework\API restful-booker\tests\api_booking.robot">
<test id="s1-t1" name="Cenário 03: Criar uma reserva" line="21">
<kw name="Criar uma reserva" owner="api_booking">
<kw name="Create Dictionary" owner="BuiltIn">
<msg time="2025-05-23T16:48:12.626676" level="INFO">${header} = {'Content-Type': 'application/json', 'Accept': 'application/json'}</msg>
<var>${header}</var>
<arg>Content-Type=application/json</arg>
<arg>Accept=application/json</arg>
<doc>Creates and returns a dictionary based on the given ``items``.</doc>
<status status="PASS" start="2025-05-23T16:48:12.626197" elapsed="0.006193"/>
</kw>
<kw name="Create Dictionary" owner="BuiltIn">
<msg time="2025-05-23T16:48:12.633710" level="INFO">${body} = {'firstname': 'Carolina', 'lastname': 'Hoewell', 'totalprice': '148', 'depositpaid': 'true', 'bookingdates': 'Create Dictionary', 'checkin': '2024-10-01', 'checkout': '2024-10-10', 'additionalneeds': ...</msg>
<var>${body}</var>
<arg>firstname=Carolina</arg>
<arg>lastname=Hoewell</arg>
<arg>totalprice=148</arg>
<arg>depositpaid=true</arg>
<arg>bookingdates=Create Dictionary</arg>
<arg>checkin=2024-10-01</arg>
<arg>checkout=2024-10-10</arg>
<arg>additionalneeds=Breakfast</arg>
<doc>Creates and returns a dictionary based on the given ``items``.</doc>
<status status="PASS" start="2025-05-23T16:48:12.632915" elapsed="0.001132"/>
</kw>
<kw name="POST" owner="RequestsLibrary">
<msg time="2025-05-23T16:48:13.355014" level="INFO">POST Request : url=https://restful-booker.herokuapp.com/booking 
 path_url=/booking 
 headers={'User-Agent': 'python-requests/2.32.3', 'Accept-Encoding': 'gzip, deflate', 'Accept': '*/*', 'Connection': 'keep-alive', 'Content-Length': '212', 'Content-Type': 'application/json'} 
 body=b'{"firstname": "Carolina", "lastname": "Hoewell", "totalprice": "148", "depositpaid": "true", "bookingdates": "Create Dictionary", "checkin": "2024-10-01", "checkout": "2024-10-10", "additionalneeds": "Breakfast"}' 
 </msg>
<msg time="2025-05-23T16:48:13.355741" level="INFO">POST Response : url=https://restful-booker.herokuapp.com/booking 
 status=500, reason=Internal Server Error 
 headers={'Content-Length': '21', 'Content-Type': 'text/plain; charset=utf-8', 'Date': 'Fri, 23 May 2025 19:48:13 GMT', 'Etag': 'W/"15-/6VXivhc2MKdLfIkLcUE47K6aH0"', 'Nel': '{"report_to":"heroku-nel","response_headers":["Via"],"max_age":3600,"success_fraction":0.01,"failure_fraction":0.1}', 'Report-To': '{"group":"heroku-nel","endpoints":[{"url":"https://nel.heroku.com/reports?s=RkVop08F4i%2FQWSnirddx9WbHCtuR8TyR%2FzrLoGA%2BjXE%3D\\u0026sid=c46efe9b-d3d2-4a0c-8c76-bfafa16c5add\\u0026ts=1748029693"}],"max_age":3600}', 'Reporting-Endpoints': 'heroku-nel="https://nel.heroku.com/reports?s=RkVop08F4i%2FQWSnirddx9WbHCtuR8TyR%2FzrLoGA%2BjXE%3D&amp;sid=c46efe9b-d3d2-4a0c-8c76-bfafa16c5add&amp;ts=1748029693"', 'Server': 'Heroku', 'Via': '1.1 heroku-router', 'X-Powered-By': 'Express'} 
 body=Internal Server Error 
 </msg>
<msg time="2025-05-23T16:48:13.356440" level="FAIL">HTTPError: 500 Server Error: Internal Server Error for url: https://restful-booker.herokuapp.com/booking</msg>
<var>${response}</var>
<arg>url=https://restful-booker.herokuapp.com/booking</arg>
<arg>json=${body}</arg>
<doc>Sends a POST request.</doc>
<status status="FAIL" start="2025-05-23T16:48:12.634467" elapsed="0.738129">HTTPError: 500 Server Error: Internal Server Error for url: https://restful-booker.herokuapp.com/booking</status>
</kw>
<kw name="Set Test Variable" owner="BuiltIn">
<arg>${id}</arg>
<arg>${response.json()}[bookingid]</arg>
<doc>Makes a variable available everywhere within the scope of the current test.</doc>
<status status="NOT RUN" start="2025-05-23T16:48:13.373606" elapsed="0.000493"/>
</kw>
<kw name="Log" owner="BuiltIn">
<arg>${id}</arg>
<doc>Logs the given message with the given level.</doc>
<status status="NOT RUN" start="2025-05-23T16:48:13.374862" elapsed="0.000359"/>
</kw>
<kw name="Status Should Be" owner="RequestsLibrary">
<arg>200</arg>
<doc>Fails if response status code is different than the expected.</doc>
<status status="NOT RUN" start="2025-05-23T16:48:13.375790" elapsed="0.000357"/>
</kw>
<kw name="Should Be Equal" owner="BuiltIn">
<arg>${response.json()}[firstname]</arg>
<arg>Carolina</arg>
<doc>Fails if the given objects are unequal.</doc>
<status status="NOT RUN" start="2025-05-23T16:48:13.376703" elapsed="0.000486"/>
</kw>
<kw name="Should Be Equal" owner="BuiltIn">
<arg>${response.json()}[lastname]</arg>
<arg>Hoewell</arg>
<doc>Fails if the given objects are unequal.</doc>
<status status="NOT RUN" start="2025-05-23T16:48:13.377793" elapsed="0.000419"/>
</kw>
<kw name="Should Be Equal As Numbers" owner="BuiltIn">
<arg>${response.json()}[totalprice]</arg>
<arg>148</arg>
<doc>Fails if objects are unequal after converting them to real numbers.</doc>
<status status="NOT RUN" start="2025-05-23T16:48:13.378776" elapsed="0.000359"/>
</kw>
<kw name="Dictionary Should Contain Value" owner="Collections">
<arg>${response.json()}</arg>
<arg>Carolina</arg>
<doc>Fails if ``value`` is not found from ``dictionary``.</doc>
<status status="NOT RUN" start="2025-05-23T16:48:13.379655" elapsed="0.000330"/>
</kw>
<status status="FAIL" start="2025-05-23T16:48:12.625052" elapsed="0.755711">HTTPError: 500 Server Error: Internal Server Error for url: https://restful-booker.herokuapp.com/booking</status>
</kw>
<status status="FAIL" start="2025-05-23T16:48:12.623594" elapsed="0.762074">HTTPError: 500 Server Error: Internal Server Error for url: https://restful-booker.herokuapp.com/booking</status>
</test>
<doc>Testes API Booking</doc>
<status status="FAIL" start="2025-05-23T16:48:11.899659" elapsed="1.489338"/>
</suite>
<statistics>
<total>
<stat pass="0" fail="1" skip="0">All Tests</stat>
</total>
<tag>
</tag>
<suite>
<stat name="Api Booking" id="s1" pass="0" fail="1" skip="0">Api Booking</stat>
</suite>
</statistics>
<errors>
</errors>
</robot>
