<?xml version="1.0" encoding="UTF-8"?>
<robot generator="Robot 7.2.2 (Python 3.13.3 on win32)" generated="2025-05-23T17:16:45.610902" rpa="false" schemaversion="5">
<suite id="s1" name="Api Testing User" source="c:\Users\hoewe\Documents\ENTREGAS PB\SPRINT 5\Semana 10 - Base Testes Automatizados Robot Framework\Code Review - Luis\api_testing_user.robot">
<test id="s1-t1" name="Cenário: POST Fazer login" line="6">
<kw name="Criar sessão no ReqRes" owner="api_testing_user">
<kw name="Create Dictionary" owner="BuiltIn">
<msg time="2025-05-23T17:16:46.309862" level="INFO">${headers} = {'accept': 'application/json', 'Content-Type': 'application/json', 'x-api-key': 'reqres-free-v1'}</msg>
<var>${headers}</var>
<arg>accept=application/json</arg>
<arg>Content-Type=application/json</arg>
<arg>x-api-key=reqres-free-v1</arg>
<doc>Creates and returns a dictionary based on the given ``items``.</doc>
<status status="PASS" start="2025-05-23T17:16:46.308879" elapsed="0.004244"/>
</kw>
<kw name="Create Session" owner="RequestsLibrary">
<msg time="2025-05-23T17:16:46.314315" level="INFO">Creating Session using : alias=ReqRes, url=https://reqres.in/api/, headers={'accept': 'application/json', 'Content-Type': 'application/json', 'x-api-key': 'reqres-free-v1'},                     cookies={}, auth=None, timeout=None, proxies=None, verify=False,                     debug=0 </msg>
<arg>ReqRes</arg>
<arg>https://reqres.in/api/</arg>
<arg>${headers}</arg>
<doc>Create Session: create a HTTP session to a server</doc>
<status status="PASS" start="2025-05-23T17:16:46.313719" elapsed="0.001216"/>
</kw>
<status status="PASS" start="2025-05-23T17:16:46.307302" elapsed="0.008004"/>
</kw>
<kw name="POST Endpoint /login" owner="api_testing_user">
<kw name="Create Dictionary" owner="BuiltIn">
<msg time="2025-05-23T17:16:46.318688" level="INFO">${body} = {'email': 'eve.holt@reqres.in', 'password': 'cityslicka'}</msg>
<var>${body}</var>
<arg>email=eve.holt@reqres.in</arg>
<arg>password=cityslicka</arg>
<doc>Creates and returns a dictionary based on the given ``items``.</doc>
<status status="PASS" start="2025-05-23T17:16:46.318036" elapsed="0.000865"/>
</kw>
<kw name="POST On Session" owner="RequestsLibrary">
<msg time="2025-05-23T17:16:46.917375" level="INFO">POST Request : url=https://reqres.in/api/login 
 path_url=/api/login 
 headers={'User-Agent': 'python-requests/2.32.3', 'Accept-Encoding': 'gzip, deflate', 'accept': 'application/json', 'Connection': 'keep-alive', 'Content-Type': 'application/json', 'x-api-key': 'reqres-free-v1', 'Content-Length': '57'} 
 body=b'{"email": "eve.holt@reqres.in", "password": "cityslicka"}' 
 </msg>
<msg time="2025-05-23T17:16:46.919399" level="INFO">POST Response : url=https://reqres.in/api/login 
 status=200, reason=OK 
 headers={'Date': 'Fri, 23 May 2025 20:16:47 GMT', 'Content-Type': 'application/json; charset=utf-8', 'Transfer-Encoding': 'chunked', 'Connection': 'keep-alive', 'Server': 'cloudflare', 'Cf-Ray': '94473ba45ab4e2b8-GIG', 'Report-To': '{"group":"heroku-nel","max_age":3600,"endpoints":[{"url":"https://nel.heroku.com/reports?ts=1748031407&amp;sid=c4c9725f-1ab0-44d8-820f-430df2718e11&amp;s=1E86zBJLK6KR4qmQXKC8sec09tUFvUdB%2BwFDm07nc8k%3D"}]}', 'Reporting-Endpoints': 'heroku-nel=https://nel.heroku.com/reports?ts=1748031407&amp;sid=c4c9725f-1ab0-44d8-820f-430df2718e11&amp;s=1E86zBJLK6KR4qmQXKC8sec09tUFvUdB%2BwFDm07nc8k%3D', 'Nel': '{"report_to":"heroku-nel","max_age":3600,"success_fraction":0.005,"failure_fraction":0.05,"response_headers":["Via"]}', 'X-Powered-By': 'Express', 'Access-Control-Allow-Origin': '*', 'Ratelimit-Policy': '100;w=60', 'Ratelimit-Limit': '100', 'Ratelimit-Remaining': '98', 'Ratelimit-Reset': '60', 'Etag': 'W/"1d-lGCrvD6B7Qzk11+2C98+nGhhuec"', 'Via': '1.1 vegur', 'Cf-Cache-Status': 'DYNAMIC', 'Content-Encoding': 'gzip', 'server-timing': 'cfL4;desc="?proto=TCP&amp;rtt=38300&amp;min_rtt=35973&amp;rtt_var=12309&amp;sent=5&amp;recv=7&amp;lost=0&amp;retrans=0&amp;sent_bytes=2837&amp;recv_bytes=940&amp;delivery_rate=95293&amp;cwnd=252&amp;unsent_bytes=0&amp;cid=b859de0eddb75306&amp;ts=455&amp;x=0"'} 
 body={"token":"QpwL5tke4Pnpja7X4"} 
 </msg>
<msg time="2025-05-23T17:16:46.921675" level="INFO">C:\Program Files\Python313\Lib\site-packages\urllib3\connectionpool.py:1097: InsecureRequestWarning: Unverified HTTPS request is being made to host 'reqres.in'. Adding certificate verification is strongly advised. See: https://urllib3.readthedocs.io/en/latest/advanced-usage.html#tls-warnings
  warnings.warn(</msg>
<msg time="2025-05-23T17:16:46.930035" level="INFO">${response} = &lt;Response [200]&gt;</msg>
<var>${response}</var>
<arg>alias=ReqRes</arg>
<arg>url=/login</arg>
<arg>json=${body}</arg>
<doc>Sends a POST request on a previously created HTTP Session.</doc>
<status status="PASS" start="2025-05-23T17:16:46.319352" elapsed="0.611146"/>
</kw>
<kw name="Set Global Variable" owner="BuiltIn">
<msg time="2025-05-23T17:16:46.931787" level="INFO">${response} = &lt;Response [200]&gt;</msg>
<arg>${response}</arg>
<doc>Makes a variable available globally in all tests and suites.</doc>
<status status="PASS" start="2025-05-23T17:16:46.931076" elapsed="0.001047"/>
</kw>
<status status="PASS" start="2025-05-23T17:16:46.317381" elapsed="0.615144"/>
</kw>
<kw name="Validar status code &quot;200&quot;" owner="api_testing_user" source_name="Validar status code &quot;${statuscode}&quot;">
<kw name="Should Be True" owner="BuiltIn">
<arg>${response.status_code} == ${statuscode}</arg>
<doc>Fails if the given condition is not true.</doc>
<status status="PASS" start="2025-05-23T17:16:46.937827" elapsed="0.004560"/>
</kw>
<status status="PASS" start="2025-05-23T17:16:46.936436" elapsed="0.006440"/>
</kw>
<status status="PASS" start="2025-05-23T17:16:46.306282" elapsed="0.638629"/>
</test>
<test id="s1-t2" name="Cenário: POST Fazer login UNSUCCESSFUL" line="11">
<kw name="Criar sessão no ReqRes" owner="api_testing_user">
<kw name="Create Dictionary" owner="BuiltIn">
<msg time="2025-05-23T17:16:46.950107" level="INFO">${headers} = {'accept': 'application/json', 'Content-Type': 'application/json', 'x-api-key': 'reqres-free-v1'}</msg>
<var>${headers}</var>
<arg>accept=application/json</arg>
<arg>Content-Type=application/json</arg>
<arg>x-api-key=reqres-free-v1</arg>
<doc>Creates and returns a dictionary based on the given ``items``.</doc>
<status status="PASS" start="2025-05-23T17:16:46.949352" elapsed="0.001074"/>
</kw>
<kw name="Create Session" owner="RequestsLibrary">
<msg time="2025-05-23T17:16:46.951508" level="INFO">Creating Session using : alias=ReqRes, url=https://reqres.in/api/, headers={'accept': 'application/json', 'Content-Type': 'application/json', 'x-api-key': 'reqres-free-v1'},                     cookies={}, auth=None, timeout=None, proxies=None, verify=False,                     debug=0 </msg>
<arg>ReqRes</arg>
<arg>https://reqres.in/api/</arg>
<arg>${headers}</arg>
<doc>Create Session: create a HTTP session to a server</doc>
<status status="PASS" start="2025-05-23T17:16:46.950891" elapsed="0.001256"/>
</kw>
<status status="PASS" start="2025-05-23T17:16:46.948725" elapsed="0.003822"/>
</kw>
<kw name="POST Endpoint /login - sem senha" owner="api_testing_user">
<kw name="Create Dictionary" owner="BuiltIn">
<msg time="2025-05-23T17:16:46.961578" level="INFO">${body} = {'email': 'eve.holt@reqres.in'}</msg>
<var>${body}</var>
<arg>email=eve.holt@reqres.in</arg>
<doc>Creates and returns a dictionary based on the given ``items``.</doc>
<status status="PASS" start="2025-05-23T17:16:46.961062" elapsed="0.000789"/>
</kw>
<kw name="POST On Session" owner="RequestsLibrary">
<msg time="2025-05-23T17:16:47.590816" level="INFO">POST Request : url=https://reqres.in/api/login 
 path_url=/api/login 
 headers={'User-Agent': 'python-requests/2.32.3', 'Accept-Encoding': 'gzip, deflate', 'accept': 'application/json', 'Connection': 'keep-alive', 'Content-Type': 'application/json', 'x-api-key': 'reqres-free-v1', 'Content-Length': '31'} 
 body=b'{"email": "eve.holt@reqres.in"}' 
 </msg>
<msg time="2025-05-23T17:16:47.592124" level="INFO">POST Response : url=https://reqres.in/api/login 
 status=400, reason=Bad Request 
 headers={'Date': 'Fri, 23 May 2025 20:16:47 GMT', 'Content-Type': 'application/json; charset=utf-8', 'Content-Length': '28', 'Connection': 'keep-alive', 'Server': 'cloudflare', 'Cf-Ray': '94473ba89efe0faa-GIG', 'Report-To': '{"group":"heroku-nel","max_age":3600,"endpoints":[{"url":"https://nel.heroku.com/reports?ts=1748031407&amp;sid=c4c9725f-1ab0-44d8-820f-430df2718e11&amp;s=1E86zBJLK6KR4qmQXKC8sec09tUFvUdB%2BwFDm07nc8k%3D"}]}', 'Reporting-Endpoints': 'heroku-nel=https://nel.heroku.com/reports?ts=1748031407&amp;sid=c4c9725f-1ab0-44d8-820f-430df2718e11&amp;s=1E86zBJLK6KR4qmQXKC8sec09tUFvUdB%2BwFDm07nc8k%3D', 'Nel': '{"report_to":"heroku-nel","max_age":3600,"success_fraction":0.005,"failure_fraction":0.05,"response_headers":["Via"]}', 'X-Powered-By': 'Express', 'Access-Control-Allow-Origin': '*', 'Ratelimit-Policy': '100;w=60', 'Ratelimit-Limit': '100', 'Ratelimit-Remaining': '96', 'Ratelimit-Reset': '60', 'Etag': 'W/"1c-NmpazMScs9tOqR7eDEesn+pqC9Q"', 'Via': '1.1 vegur', 'Cf-Cache-Status': 'DYNAMIC', 'server-timing': 'cfL4;desc="?proto=TCP&amp;rtt=35591&amp;min_rtt=33913&amp;rtt_var=12452&amp;sent=6&amp;recv=9&amp;lost=0&amp;retrans=1&amp;sent_bytes=4198&amp;recv_bytes=914&amp;delivery_rate=25572&amp;cwnd=252&amp;unsent_bytes=0&amp;cid=3fa631c7fb38a18d&amp;ts=497&amp;x=0"'} 
 body={"error":"Missing password"} 
 </msg>
<msg time="2025-05-23T17:16:47.594103" level="INFO">C:\Program Files\Python313\Lib\site-packages\urllib3\connectionpool.py:1097: InsecureRequestWarning: Unverified HTTPS request is being made to host 'reqres.in'. Adding certificate verification is strongly advised. See: https://urllib3.readthedocs.io/en/latest/advanced-usage.html#tls-warnings
  warnings.warn(</msg>
<msg time="2025-05-23T17:16:47.615640" level="INFO">${response} = &lt;Response [400]&gt;</msg>
<var>${response}</var>
<arg>alias=ReqRes</arg>
<arg>url=/login</arg>
<arg>json=${body}</arg>
<arg>expected_status=400</arg>
<doc>Sends a POST request on a previously created HTTP Session.</doc>
<status status="PASS" start="2025-05-23T17:16:46.962249" elapsed="0.654731"/>
</kw>
<kw name="Set Global Variable" owner="BuiltIn">
<msg time="2025-05-23T17:16:47.621267" level="INFO">${response} = &lt;Response [400]&gt;</msg>
<arg>${response}</arg>
<doc>Makes a variable available globally in all tests and suites.</doc>
<status status="PASS" start="2025-05-23T17:16:47.618378" elapsed="0.004115"/>
</kw>
<status status="PASS" start="2025-05-23T17:16:46.960376" elapsed="0.662977"/>
</kw>
<kw name="Validar status code &quot;400&quot;" owner="api_testing_user" source_name="Validar status code &quot;${statuscode}&quot;">
<kw name="Should Be True" owner="BuiltIn">
<arg>${response.status_code} == ${statuscode}</arg>
<doc>Fails if the given condition is not true.</doc>
<status status="PASS" start="2025-05-23T17:16:47.629378" elapsed="0.002747"/>
</kw>
<status status="PASS" start="2025-05-23T17:16:47.627997" elapsed="0.004439"/>
</kw>
<status status="PASS" start="2025-05-23T17:16:46.947488" elapsed="0.685879"/>
</test>
<test id="s1-t3" name="Cenário: POST Logout" line="16">
<kw name="Criar sessão no ReqRes" owner="api_testing_user">
<kw name="Create Dictionary" owner="BuiltIn">
<msg time="2025-05-23T17:16:47.642528" level="INFO">${headers} = {'accept': 'application/json', 'Content-Type': 'application/json', 'x-api-key': 'reqres-free-v1'}</msg>
<var>${headers}</var>
<arg>accept=application/json</arg>
<arg>Content-Type=application/json</arg>
<arg>x-api-key=reqres-free-v1</arg>
<doc>Creates and returns a dictionary based on the given ``items``.</doc>
<status status="PASS" start="2025-05-23T17:16:47.641701" elapsed="0.001161"/>
</kw>
<kw name="Create Session" owner="RequestsLibrary">
<msg time="2025-05-23T17:16:47.644061" level="INFO">Creating Session using : alias=ReqRes, url=https://reqres.in/api/, headers={'accept': 'application/json', 'Content-Type': 'application/json', 'x-api-key': 'reqres-free-v1'},                     cookies={}, auth=None, timeout=None, proxies=None, verify=False,                     debug=0 </msg>
<arg>ReqRes</arg>
<arg>https://reqres.in/api/</arg>
<arg>${headers}</arg>
<doc>Create Session: create a HTTP session to a server</doc>
<status status="PASS" start="2025-05-23T17:16:47.643394" elapsed="0.001314"/>
</kw>
<status status="PASS" start="2025-05-23T17:16:47.640600" elapsed="0.004495"/>
</kw>
<kw name="POST Endpoint /logout" owner="api_testing_user">
<kw name="POST On Session" owner="RequestsLibrary">
<msg time="2025-05-23T17:16:48.262199" level="INFO">POST Request : url=https://reqres.in/api/logout 
 path_url=/api/logout 
 headers={'User-Agent': 'python-requests/2.32.3', 'Accept-Encoding': 'gzip, deflate', 'accept': 'application/json', 'Connection': 'keep-alive', 'Content-Type': 'application/json', 'x-api-key': 'reqres-free-v1', 'Content-Length': '0'} 
 body=None 
 </msg>
<msg time="2025-05-23T17:16:48.262462" level="INFO">POST Response : url=https://reqres.in/api/logout 
 status=200, reason=OK 
 headers={'Date': 'Fri, 23 May 2025 20:16:48 GMT', 'Content-Type': 'application/json; charset=utf-8', 'Transfer-Encoding': 'chunked', 'Connection': 'keep-alive', 'Server': 'cloudflare', 'Cf-Ray': '94473bac8fa364e7-GIG', 'Report-To': '{"group":"heroku-nel","max_age":3600,"endpoints":[{"url":"https://nel.heroku.com/reports?ts=1748031408&amp;sid=c4c9725f-1ab0-44d8-820f-430df2718e11&amp;s=pA4RHwlTINnrUfgYaiG4MjyGaB%2FaAVQQ0xXuGdW7kno%3D"}]}', 'Reporting-Endpoints': 'heroku-nel=https://nel.heroku.com/reports?ts=1748031408&amp;sid=c4c9725f-1ab0-44d8-820f-430df2718e11&amp;s=pA4RHwlTINnrUfgYaiG4MjyGaB%2FaAVQQ0xXuGdW7kno%3D', 'Nel': '{"report_to":"heroku-nel","max_age":3600,"success_fraction":0.005,"failure_fraction":0.05,"response_headers":["Via"]}', 'X-Powered-By': 'Express', 'Access-Control-Allow-Origin': '*', 'Ratelimit-Policy': '100;w=60', 'Ratelimit-Limit': '100', 'Ratelimit-Remaining': '94', 'Ratelimit-Reset': '59', 'Etag': 'W/"2-vyGp6PvFo4RvsFtPoIWeCReyIC8"', 'Via': '1.1 vegur', 'Cf-Cache-Status': 'DYNAMIC', 'Content-Encoding': 'gzip', 'server-timing': 'cfL4;desc="?proto=TCP&amp;rtt=36829&amp;min_rtt=35929&amp;rtt_var=15274&amp;sent=5&amp;recv=6&amp;lost=0&amp;retrans=0&amp;sent_bytes=2838&amp;recv_bytes=861&amp;delivery_rate=94593&amp;cwnd=252&amp;unsent_bytes=0&amp;cid=2ca81a8a75319a3e&amp;ts=438&amp;x=0"'} 
 body={} 
 </msg>
<msg time="2025-05-23T17:16:48.262639" level="INFO">C:\Program Files\Python313\Lib\site-packages\urllib3\connectionpool.py:1097: InsecureRequestWarning: Unverified HTTPS request is being made to host 'reqres.in'. Adding certificate verification is strongly advised. See: https://urllib3.readthedocs.io/en/latest/advanced-usage.html#tls-warnings
  warnings.warn(</msg>
<msg time="2025-05-23T17:16:48.263929" level="INFO">${response} = &lt;Response [200]&gt;</msg>
<var>${response}</var>
<arg>alias=ReqRes</arg>
<arg>url=/logout</arg>
<doc>Sends a POST request on a previously created HTTP Session.</doc>
<status status="PASS" start="2025-05-23T17:16:47.649789" elapsed="0.614414"/>
</kw>
<kw name="Set Global Variable" owner="BuiltIn">
<msg time="2025-05-23T17:16:48.265203" level="INFO">${response} = &lt;Response [200]&gt;</msg>
<arg>${response}</arg>
<doc>Makes a variable available globally in all tests and suites.</doc>
<status status="PASS" start="2025-05-23T17:16:48.264625" elapsed="0.000872"/>
</kw>
<status status="PASS" start="2025-05-23T17:16:47.648016" elapsed="0.617758"/>
</kw>
<kw name="Validar status code &quot;200&quot;" owner="api_testing_user" source_name="Validar status code &quot;${statuscode}&quot;">
<kw name="Should Be True" owner="BuiltIn">
<arg>${response.status_code} == ${statuscode}</arg>
<doc>Fails if the given condition is not true.</doc>
<status status="PASS" start="2025-05-23T17:16:48.268876" elapsed="0.002479"/>
</kw>
<status status="PASS" start="2025-05-23T17:16:48.268290" elapsed="0.003386"/>
</kw>
<status status="PASS" start="2025-05-23T17:16:47.639241" elapsed="0.633321"/>
</test>
<test id="s1-t4" name="Cenário: POST Cadastro de usuário" line="21">
<kw name="Criar sessão no ReqRes" owner="api_testing_user">
<kw name="Create Dictionary" owner="BuiltIn">
<msg time="2025-05-23T17:16:48.276553" level="INFO">${headers} = {'accept': 'application/json', 'Content-Type': 'application/json', 'x-api-key': 'reqres-free-v1'}</msg>
<var>${headers}</var>
<arg>accept=application/json</arg>
<arg>Content-Type=application/json</arg>
<arg>x-api-key=reqres-free-v1</arg>
<doc>Creates and returns a dictionary based on the given ``items``.</doc>
<status status="PASS" start="2025-05-23T17:16:48.275959" elapsed="0.000822"/>
</kw>
<kw name="Create Session" owner="RequestsLibrary">
<msg time="2025-05-23T17:16:48.277694" level="INFO">Creating Session using : alias=ReqRes, url=https://reqres.in/api/, headers={'accept': 'application/json', 'Content-Type': 'application/json', 'x-api-key': 'reqres-free-v1'},                     cookies={}, auth=None, timeout=None, proxies=None, verify=False,                     debug=0 </msg>
<arg>ReqRes</arg>
<arg>https://reqres.in/api/</arg>
<arg>${headers}</arg>
<doc>Create Session: create a HTTP session to a server</doc>
<status status="PASS" start="2025-05-23T17:16:48.277212" elapsed="0.000970"/>
</kw>
<status status="PASS" start="2025-05-23T17:16:48.275336" elapsed="0.003095"/>
</kw>
<kw name="POST Endpoint /register" owner="api_testing_user">
<kw name="Create Dictionary" owner="BuiltIn">
<msg time="2025-05-23T17:16:48.280328" level="INFO">${body} = {'email': 'eve.holt@reqres.in', 'password': 'pistol'}</msg>
<var>${body}</var>
<arg>email=eve.holt@reqres.in</arg>
<arg>password=pistol</arg>
<doc>Creates and returns a dictionary based on the given ``items``.</doc>
<status status="PASS" start="2025-05-23T17:16:48.279757" elapsed="0.001011"/>
</kw>
<kw name="POST On Session" owner="RequestsLibrary">
<msg time="2025-05-23T17:16:48.825774" level="INFO">POST Request : url=https://reqres.in/api/register 
 path_url=/api/register 
 headers={'User-Agent': 'python-requests/2.32.3', 'Accept-Encoding': 'gzip, deflate', 'accept': 'application/json', 'Connection': 'keep-alive', 'Content-Type': 'application/json', 'x-api-key': 'reqres-free-v1', 'Content-Length': '53'} 
 body=b'{"email": "eve.holt@reqres.in", "password": "pistol"}' 
 </msg>
<msg time="2025-05-23T17:16:48.826280" level="INFO">POST Response : url=https://reqres.in/api/register 
 status=200, reason=OK 
 headers={'Date': 'Fri, 23 May 2025 20:16:49 GMT', 'Content-Type': 'application/json; charset=utf-8', 'Transfer-Encoding': 'chunked', 'Connection': 'keep-alive', 'Server': 'cloudflare', 'Cf-Ray': '94473bb05c46a026-GIG', 'Report-To': '{"group":"heroku-nel","max_age":3600,"endpoints":[{"url":"https://nel.heroku.com/reports?ts=1748031408&amp;sid=c4c9725f-1ab0-44d8-820f-430df2718e11&amp;s=pA4RHwlTINnrUfgYaiG4MjyGaB%2FaAVQQ0xXuGdW7kno%3D"}]}', 'Reporting-Endpoints': 'heroku-nel=https://nel.heroku.com/reports?ts=1748031408&amp;sid=c4c9725f-1ab0-44d8-820f-430df2718e11&amp;s=pA4RHwlTINnrUfgYaiG4MjyGaB%2FaAVQQ0xXuGdW7kno%3D', 'Nel': '{"report_to":"heroku-nel","max_age":3600,"success_fraction":0.005,"failure_fraction":0.05,"response_headers":["Via"]}', 'X-Powered-By': 'Express', 'Access-Control-Allow-Origin': '*', 'Ratelimit-Policy': '100;w=60', 'Ratelimit-Limit': '100', 'Ratelimit-Remaining': '92', 'Ratelimit-Reset': '59', 'Etag': 'W/"24-4iP0za1geN2he+ohu8F0FhCjLks"', 'Via': '1.1 vegur', 'Cf-Cache-Status': 'DYNAMIC', 'Content-Encoding': 'gzip', 'server-timing': 'cfL4;desc="?proto=TCP&amp;rtt=36489&amp;min_rtt=35967&amp;rtt_var=11136&amp;sent=5&amp;recv=7&amp;lost=0&amp;retrans=0&amp;sent_bytes=2837&amp;recv_bytes=939&amp;delivery_rate=101923&amp;cwnd=252&amp;unsent_bytes=0&amp;cid=fb3d91ffd4d2eed0&amp;ts=439&amp;x=0"'} 
 body={"id":4,"token":"QpwL5tke4Pnpja7X4"} 
 </msg>
<msg time="2025-05-23T17:16:48.826665" level="INFO">C:\Program Files\Python313\Lib\site-packages\urllib3\connectionpool.py:1097: InsecureRequestWarning: Unverified HTTPS request is being made to host 'reqres.in'. Adding certificate verification is strongly advised. See: https://urllib3.readthedocs.io/en/latest/advanced-usage.html#tls-warnings
  warnings.warn(</msg>
<msg time="2025-05-23T17:16:48.830948" level="INFO">${response} = &lt;Response [200]&gt;</msg>
<var>${response}</var>
<arg>alias=ReqRes</arg>
<arg>url=/register</arg>
<arg>json=${body}</arg>
<doc>Sends a POST request on a previously created HTTP Session.</doc>
<status status="PASS" start="2025-05-23T17:16:48.281194" elapsed="0.550312"/>
</kw>
<kw name="Set Global Variable" owner="BuiltIn">
<msg time="2025-05-23T17:16:48.833578" level="INFO">${response} = &lt;Response [200]&gt;</msg>
<arg>${response}</arg>
<doc>Makes a variable available globally in all tests and suites.</doc>
<status status="PASS" start="2025-05-23T17:16:48.832366" elapsed="0.001706"/>
</kw>
<kw name="Log" owner="BuiltIn">
<msg time="2025-05-23T17:16:48.836523" level="INFO">&lt;bound method Response.json of &lt;Response [200]&gt;&gt;</msg>
<arg>${response.json}</arg>
<doc>Logs the given message with the given level.</doc>
<status status="PASS" start="2025-05-23T17:16:48.834705" elapsed="0.002359"/>
</kw>
<status status="PASS" start="2025-05-23T17:16:48.279093" elapsed="0.558430"/>
</kw>
<kw name="Validar status code &quot;200&quot;" owner="api_testing_user" source_name="Validar status code &quot;${statuscode}&quot;">
<kw name="Should Be True" owner="BuiltIn">
<arg>${response.status_code} == ${statuscode}</arg>
<doc>Fails if the given condition is not true.</doc>
<status status="PASS" start="2025-05-23T17:16:48.845252" elapsed="0.002388"/>
</kw>
<status status="PASS" start="2025-05-23T17:16:48.844427" elapsed="0.003654"/>
</kw>
<tag>POST</tag>
<tag>user</tag>
<status status="PASS" start="2025-05-23T17:16:48.274301" elapsed="0.576055"/>
</test>
<test id="s1-t5" name="Cenário: POST Cadastro de usuário UNSUCCESSFUL" line="27">
<kw name="Criar sessão no ReqRes" owner="api_testing_user">
<kw name="Create Dictionary" owner="BuiltIn">
<msg time="2025-05-23T17:16:48.859630" level="INFO">${headers} = {'accept': 'application/json', 'Content-Type': 'application/json', 'x-api-key': 'reqres-free-v1'}</msg>
<var>${headers}</var>
<arg>accept=application/json</arg>
<arg>Content-Type=application/json</arg>
<arg>x-api-key=reqres-free-v1</arg>
<doc>Creates and returns a dictionary based on the given ``items``.</doc>
<status status="PASS" start="2025-05-23T17:16:48.859107" elapsed="0.000726"/>
</kw>
<kw name="Create Session" owner="RequestsLibrary">
<msg time="2025-05-23T17:16:48.860538" level="INFO">Creating Session using : alias=ReqRes, url=https://reqres.in/api/, headers={'accept': 'application/json', 'Content-Type': 'application/json', 'x-api-key': 'reqres-free-v1'},                     cookies={}, auth=None, timeout=None, proxies=None, verify=False,                     debug=0 </msg>
<arg>ReqRes</arg>
<arg>https://reqres.in/api/</arg>
<arg>${headers}</arg>
<doc>Create Session: create a HTTP session to a server</doc>
<status status="PASS" start="2025-05-23T17:16:48.860139" elapsed="0.000827"/>
</kw>
<status status="PASS" start="2025-05-23T17:16:48.857404" elapsed="0.003830"/>
</kw>
<kw name="POST Endpoint /register - sem senha" owner="api_testing_user">
<kw name="Create Dictionary" owner="BuiltIn">
<msg time="2025-05-23T17:16:48.865728" level="INFO">${body} = {'email': 'sydney@fife'}</msg>
<var>${body}</var>
<arg>email=sydney@fife</arg>
<doc>Creates and returns a dictionary based on the given ``items``.</doc>
<status status="PASS" start="2025-05-23T17:16:48.865167" elapsed="0.001800"/>
</kw>
<kw name="POST On Session" owner="RequestsLibrary">
<msg time="2025-05-23T17:16:49.424347" level="INFO">POST Request : url=https://reqres.in/api/register 
 path_url=/api/register 
 headers={'User-Agent': 'python-requests/2.32.3', 'Accept-Encoding': 'gzip, deflate', 'accept': 'application/json', 'Connection': 'keep-alive', 'Content-Type': 'application/json', 'x-api-key': 'reqres-free-v1', 'Content-Length': '24'} 
 body=b'{"email": "sydney@fife"}' 
 </msg>
<msg time="2025-05-23T17:16:49.424856" level="INFO">POST Response : url=https://reqres.in/api/register 
 status=400, reason=Bad Request 
 headers={'Date': 'Fri, 23 May 2025 20:16:49 GMT', 'Content-Type': 'application/json; charset=utf-8', 'Content-Length': '28', 'Connection': 'keep-alive', 'Server': 'cloudflare', 'Cf-Ray': '94473bb42d53ff2c-GIG', 'Report-To': '{"group":"heroku-nel","max_age":3600,"endpoints":[{"url":"https://nel.heroku.com/reports?ts=1748031409&amp;sid=c4c9725f-1ab0-44d8-820f-430df2718e11&amp;s=R91BBEDEDfFrOnQKVQtep8mMNwwMW1QrsUuoNjfK80w%3D"}]}', 'Reporting-Endpoints': 'heroku-nel=https://nel.heroku.com/reports?ts=1748031409&amp;sid=c4c9725f-1ab0-44d8-820f-430df2718e11&amp;s=R91BBEDEDfFrOnQKVQtep8mMNwwMW1QrsUuoNjfK80w%3D', 'Nel': '{"report_to":"heroku-nel","max_age":3600,"success_fraction":0.005,"failure_fraction":0.05,"response_headers":["Via"]}', 'X-Powered-By': 'Express', 'Access-Control-Allow-Origin': '*', 'Ratelimit-Policy': '100;w=60', 'Ratelimit-Limit': '100', 'Ratelimit-Remaining': '90', 'Ratelimit-Reset': '58', 'Etag': 'W/"1c-NmpazMScs9tOqR7eDEesn+pqC9Q"', 'Via': '1.1 vegur', 'Cf-Cache-Status': 'DYNAMIC', 'server-timing': 'cfL4;desc="?proto=TCP&amp;rtt=39128&amp;min_rtt=36616&amp;rtt_var=13724&amp;sent=5&amp;recv=7&amp;lost=0&amp;retrans=0&amp;sent_bytes=2837&amp;recv_bytes=910&amp;delivery_rate=83144&amp;cwnd=252&amp;unsent_bytes=0&amp;cid=11be165b564cb8b1&amp;ts=442&amp;x=0"'} 
 body={"error":"Missing password"} 
 </msg>
<msg time="2025-05-23T17:16:49.425244" level="INFO">C:\Program Files\Python313\Lib\site-packages\urllib3\connectionpool.py:1097: InsecureRequestWarning: Unverified HTTPS request is being made to host 'reqres.in'. Adding certificate verification is strongly advised. See: https://urllib3.readthedocs.io/en/latest/advanced-usage.html#tls-warnings
  warnings.warn(</msg>
<msg time="2025-05-23T17:16:49.433712" level="INFO">${response} = &lt;Response [400]&gt;</msg>
<var>${response}</var>
<arg>alias=ReqRes</arg>
<arg>url=/register</arg>
<arg>json=${body}</arg>
<arg>expected_status=400</arg>
<doc>Sends a POST request on a previously created HTTP Session.</doc>
<status status="PASS" start="2025-05-23T17:16:48.867373" elapsed="0.566791"/>
</kw>
<kw name="Set Global Variable" owner="BuiltIn">
<msg time="2025-05-23T17:16:49.436109" level="INFO">${response} = &lt;Response [400]&gt;</msg>
<arg>${response}</arg>
<doc>Makes a variable available globally in all tests and suites.</doc>
<status status="PASS" start="2025-05-23T17:16:49.434911" elapsed="0.001749"/>
</kw>
<kw name="Log" owner="BuiltIn">
<msg time="2025-05-23T17:16:49.439797" level="INFO">&lt;bound method Response.json of &lt;Response [400]&gt;&gt;</msg>
<arg>${response.json}</arg>
<doc>Logs the given message with the given level.</doc>
<status status="PASS" start="2025-05-23T17:16:49.437279" elapsed="0.002995"/>
</kw>
<status status="PASS" start="2025-05-23T17:16:48.864442" elapsed="0.576185"/>
</kw>
<kw name="Validar status code &quot;400&quot;" owner="api_testing_user" source_name="Validar status code &quot;${statuscode}&quot;">
<kw name="Should Be True" owner="BuiltIn">
<arg>${response.status_code} == ${statuscode}</arg>
<doc>Fails if the given condition is not true.</doc>
<status status="PASS" start="2025-05-23T17:16:49.442517" elapsed="0.001527"/>
</kw>
<status status="PASS" start="2025-05-23T17:16:49.441610" elapsed="0.002671"/>
</kw>
<tag>POST</tag>
<tag>user</tag>
<status status="PASS" start="2025-05-23T17:16:48.852706" elapsed="0.592272"/>
</test>
<test id="s1-t6" name="Cenário: GET Listar todos os usuários" line="33">
<kw name="Criar sessão no ReqRes" owner="api_testing_user">
<kw name="Create Dictionary" owner="BuiltIn">
<msg time="2025-05-23T17:16:49.454040" level="INFO">${headers} = {'accept': 'application/json', 'Content-Type': 'application/json', 'x-api-key': 'reqres-free-v1'}</msg>
<var>${headers}</var>
<arg>accept=application/json</arg>
<arg>Content-Type=application/json</arg>
<arg>x-api-key=reqres-free-v1</arg>
<doc>Creates and returns a dictionary based on the given ``items``.</doc>
<status status="PASS" start="2025-05-23T17:16:49.453187" elapsed="0.001116"/>
</kw>
<kw name="Create Session" owner="RequestsLibrary">
<msg time="2025-05-23T17:16:49.455162" level="INFO">Creating Session using : alias=ReqRes, url=https://reqres.in/api/, headers={'accept': 'application/json', 'Content-Type': 'application/json', 'x-api-key': 'reqres-free-v1'},                     cookies={}, auth=None, timeout=None, proxies=None, verify=False,                     debug=0 </msg>
<arg>ReqRes</arg>
<arg>https://reqres.in/api/</arg>
<arg>${headers}</arg>
<doc>Create Session: create a HTTP session to a server</doc>
<status status="PASS" start="2025-05-23T17:16:49.454670" elapsed="0.000962"/>
</kw>
<status status="PASS" start="2025-05-23T17:16:49.450143" elapsed="0.005767"/>
</kw>
<kw name="GET Endpoint /users" owner="api_testing_user">
<kw name="GET On Session" owner="RequestsLibrary">
<msg time="2025-05-23T17:16:49.627735" level="INFO">GET Request : url=https://reqres.in/api/users 
 path_url=/api/users 
 headers={'User-Agent': 'python-requests/2.32.3', 'Accept-Encoding': 'gzip, deflate', 'accept': 'application/json', 'Connection': 'keep-alive', 'Content-Type': 'application/json', 'x-api-key': 'reqres-free-v1'} 
 body=None 
 </msg>
<msg time="2025-05-23T17:16:49.628297" level="INFO">GET Response : url=https://reqres.in/api/users 
 status=200, reason=OK 
 headers={'Date': 'Fri, 23 May 2025 20:16:49 GMT', 'Content-Type': 'application/json; charset=utf-8', 'Transfer-Encoding': 'chunked', 'Connection': 'keep-alive', 'Cf-Ray': '94473bb7bf856502-GIG', 'Server': 'cloudflare', 'Content-Encoding': 'gzip', 'Report-To': '{"group":"heroku-nel","max_age":3600,"endpoints":[{"url":"https://nel.heroku.com/reports?ts=1748018980&amp;sid=c4c9725f-1ab0-44d8-820f-430df2718e11&amp;s=MG4lrcR8ztiDZHy2pUPvYj4LP%2F0LFdpX86K1ibBn3HQ%3D"}]}', 'Reporting-Endpoints': 'heroku-nel=https://nel.heroku.com/reports?ts=1748018980&amp;sid=c4c9725f-1ab0-44d8-820f-430df2718e11&amp;s=MG4lrcR8ztiDZHy2pUPvYj4LP%2F0LFdpX86K1ibBn3HQ%3D', 'Nel': '{"report_to":"heroku-nel","max_age":3600,"success_fraction":0.005,"failure_fraction":0.05,"response_headers":["Via"]}', 'X-Powered-By': 'Express', 'Access-Control-Allow-Origin': '*', 'Ratelimit-Policy': '100;w=60', 'Ratelimit-Limit': '100', 'Ratelimit-Remaining': '94', 'Ratelimit-Reset': '59', 'Etag': 'W/"41e-bY3U72nulxuwNd/TmihMEHjLmek"', 'Via': '1.1 vegur', 'Cache-Control': 'max-age=14400', 'Cf-Cache-Status': 'HIT', 'Age': '5048', 'Vary': 'Accept-Encoding', 'server-timing': 'cfL4;desc="?proto=TCP&amp;rtt=34793&amp;min_rtt=33971&amp;rtt_var=11117&amp;sent=5&amp;recv=6&amp;lost=0&amp;retrans=0&amp;sent_bytes=2836&amp;recv_bytes=840&amp;delivery_rate=103527&amp;cwnd=252&amp;unsent_bytes=0&amp;cid=13069c4796cd5b54&amp;ts=61&amp;x=0"'} 
 body={"page":1,"per_page":6,"total":12,"total_pages":2,"data":[{"id":1,"email":"george.bluth@reqres.in","first_name":"George","last_name":"Bluth","avatar":"https://reqres.in/img/faces/1-image.jpg"},{"id":2,"email":"janet.weaver@reqres.in","first_name":"Janet","last_name":"Weaver","avatar":"https://reqres.in/img/faces/2-image.jpg"},{"id":3,"email":"emma.wong@reqres.in","first_name":"Emma","last_name":"Wong","avatar":"https://reqres.in/img/faces/3-image.jpg"},{"id":4,"email":"eve.holt@reqres.in","first_name":"Eve","last_name":"Holt","avatar":"https://reqres.in/img/faces/4-image.jpg"},{"id":5,"email":"charles.morris@reqres.in","first_name":"Charles","last_name":"Morris","avatar":"https://reqres.in/img/faces/5-image.jpg"},{"id":6,"email":"tracey.ramos@reqres.in","first_name":"Tracey","last_name":"Ramos","avatar":"https://reqres.in/img/faces/6-image.jpg"}],"support":{"url":"https://contentcaddy.io?utm_source=reqres&amp;utm_medium=json&amp;utm_campaign=referral","text":"Tired of writing endless social media content? Let Content Caddy generate it for you."}} 
 </msg>
<msg time="2025-05-23T17:16:49.628810" level="INFO">C:\Program Files\Python313\Lib\site-packages\urllib3\connectionpool.py:1097: InsecureRequestWarning: Unverified HTTPS request is being made to host 'reqres.in'. Adding certificate verification is strongly advised. See: https://urllib3.readthedocs.io/en/latest/advanced-usage.html#tls-warnings
  warnings.warn(</msg>
<msg time="2025-05-23T17:16:49.637704" level="INFO">${response} = &lt;Response [200]&gt;</msg>
<var>${response}</var>
<arg>alias=ReqRes</arg>
<arg>url=/users</arg>
<doc>Sends a GET request on a previously created HTTP Session.</doc>
<status status="PASS" start="2025-05-23T17:16:49.458496" elapsed="0.179949"/>
</kw>
<kw name="Set Global Variable" owner="BuiltIn">
<msg time="2025-05-23T17:16:49.641361" level="INFO">${response} = &lt;Response [200]&gt;</msg>
<arg>${response}</arg>
<doc>Makes a variable available globally in all tests and suites.</doc>
<status status="PASS" start="2025-05-23T17:16:49.639828" elapsed="0.002300"/>
</kw>
<kw name="Log" owner="BuiltIn">
<msg time="2025-05-23T17:16:49.645730" level="INFO">{"page":1,"per_page":6,"total":12,"total_pages":2,"data":[{"id":1,"email":"george.bluth@reqres.in","first_name":"George","last_name":"Bluth","avatar":"https://reqres.in/img/faces/1-image.jpg"},{"id":2,"email":"janet.weaver@reqres.in","first_name":"Janet","last_name":"Weaver","avatar":"https://reqres.in/img/faces/2-image.jpg"},{"id":3,"email":"emma.wong@reqres.in","first_name":"Emma","last_name":"Wong","avatar":"https://reqres.in/img/faces/3-image.jpg"},{"id":4,"email":"eve.holt@reqres.in","first_name":"Eve","last_name":"Holt","avatar":"https://reqres.in/img/faces/4-image.jpg"},{"id":5,"email":"charles.morris@reqres.in","first_name":"Charles","last_name":"Morris","avatar":"https://reqres.in/img/faces/5-image.jpg"},{"id":6,"email":"tracey.ramos@reqres.in","first_name":"Tracey","last_name":"Ramos","avatar":"https://reqres.in/img/faces/6-image.jpg"}],"support":{"url":"https://contentcaddy.io?utm_source=reqres&amp;utm_medium=json&amp;utm_campaign=referral","text":"Tired of writing endless social media content? Let Content Caddy generate it for you."}}</msg>
<arg>${response.content}</arg>
<doc>Logs the given message with the given level.</doc>
<status status="PASS" start="2025-05-23T17:16:49.643054" elapsed="0.003900"/>
</kw>
<status status="PASS" start="2025-05-23T17:16:49.457797" elapsed="0.189870"/>
</kw>
<kw name="Validar status code &quot;200&quot;" owner="api_testing_user" source_name="Validar status code &quot;${statuscode}&quot;">
<kw name="Should Be True" owner="BuiltIn">
<arg>${response.status_code} == ${statuscode}</arg>
<doc>Fails if the given condition is not true.</doc>
<status status="PASS" start="2025-05-23T17:16:49.650891" elapsed="0.004395"/>
</kw>
<status status="PASS" start="2025-05-23T17:16:49.649233" elapsed="0.006690"/>
</kw>
<tag>GET</tag>
<tag>user</tag>
<status status="PASS" start="2025-05-23T17:16:49.448805" elapsed="0.212017"/>
</test>
<test id="s1-t7" name="Cenário: GET Listar um usuário" line="39">
<kw name="Criar sessão no ReqRes" owner="api_testing_user">
<kw name="Create Dictionary" owner="BuiltIn">
<msg time="2025-05-23T17:16:49.745304" level="INFO">${headers} = {'accept': 'application/json', 'Content-Type': 'application/json', 'x-api-key': 'reqres-free-v1'}</msg>
<var>${headers}</var>
<arg>accept=application/json</arg>
<arg>Content-Type=application/json</arg>
<arg>x-api-key=reqres-free-v1</arg>
<doc>Creates and returns a dictionary based on the given ``items``.</doc>
<status status="PASS" start="2025-05-23T17:16:49.744756" elapsed="0.000817"/>
</kw>
<kw name="Create Session" owner="RequestsLibrary">
<msg time="2025-05-23T17:16:49.746335" level="INFO">Creating Session using : alias=ReqRes, url=https://reqres.in/api/, headers={'accept': 'application/json', 'Content-Type': 'application/json', 'x-api-key': 'reqres-free-v1'},                     cookies={}, auth=None, timeout=None, proxies=None, verify=False,                     debug=0 </msg>
<arg>ReqRes</arg>
<arg>https://reqres.in/api/</arg>
<arg>${headers}</arg>
<doc>Create Session: create a HTTP session to a server</doc>
<status status="PASS" start="2025-05-23T17:16:49.745921" elapsed="0.000798"/>
</kw>
<status status="PASS" start="2025-05-23T17:16:49.744172" elapsed="0.002782"/>
</kw>
<kw name="GET Endpoint /users/id" owner="api_testing_user">
<kw name="GET On Session" owner="RequestsLibrary">
<msg time="2025-05-23T17:16:49.943453" level="INFO">GET Request : url=https://reqres.in/api/users/1 
 path_url=/api/users/1 
 headers={'User-Agent': 'python-requests/2.32.3', 'Accept-Encoding': 'gzip, deflate', 'accept': 'application/json', 'Connection': 'keep-alive', 'Content-Type': 'application/json', 'x-api-key': 'reqres-free-v1'} 
 body=None 
 </msg>
<msg time="2025-05-23T17:16:49.944638" level="INFO">GET Response : url=https://reqres.in/api/users/1 
 status=200, reason=OK 
 headers={'Date': 'Fri, 23 May 2025 20:16:50 GMT', 'Content-Type': 'application/json; charset=utf-8', 'Transfer-Encoding': 'chunked', 'Connection': 'keep-alive', 'Cf-Ray': '94473bb9bc4964e5-GIG', 'Server': 'cloudflare', 'Content-Encoding': 'gzip', 'Report-To': '{"group":"heroku-nel","max_age":3600,"endpoints":[{"url":"https://nel.heroku.com/reports?ts=1747941637&amp;sid=c4c9725f-1ab0-44d8-820f-430df2718e11&amp;s=g69bbNkUNazlurd8JhGb2dZdHMcfjIaWFUxkEGg5EC8%3D"}]}', 'Reporting-Endpoints': 'heroku-nel=https://nel.heroku.com/reports?ts=1747941637&amp;sid=c4c9725f-1ab0-44d8-820f-430df2718e11&amp;s=g69bbNkUNazlurd8JhGb2dZdHMcfjIaWFUxkEGg5EC8%3D', 'Nel': '{"report_to":"heroku-nel","max_age":3600,"success_fraction":0.005,"failure_fraction":0.05,"response_headers":["Via"]}', 'X-Powered-By': 'Express', 'Access-Control-Allow-Origin': '*', 'Ratelimit-Policy': '100;w=60', 'Ratelimit-Limit': '100', 'Ratelimit-Remaining': '96', 'Ratelimit-Reset': '60', 'Etag': 'W/"152-u+PREu/p8Opn/uEvEGESR7Dst7c"', 'Via': '1.1 vegur', 'Cache-Control': 'max-age=14400', 'Cf-Cache-Status': 'HIT', 'Age': '69', 'Vary': 'Accept-Encoding', 'server-timing': 'cfL4;desc="?proto=TCP&amp;rtt=36933&amp;min_rtt=33983&amp;rtt_var=15406&amp;sent=5&amp;recv=6&amp;lost=0&amp;retrans=0&amp;sent_bytes=2837&amp;recv_bytes=842&amp;delivery_rate=78127&amp;cwnd=252&amp;unsent_bytes=0&amp;cid=6b9b1cb172a78e45&amp;ts=72&amp;x=0"'} 
 body={"data":{"id":1,"email":"george.bluth@reqres.in","first_name":"George","last_name":"Bluth","avatar":"https://reqres.in/img/faces/1-image.jpg"},"support":{"url":"https://contentcaddy.io?utm_source=reqres&amp;utm_medium=json&amp;utm_campaign=referral","text":"Tired of writing endless social media content? Let Content Caddy generate it for you."}} 
 </msg>
<msg time="2025-05-23T17:16:49.945735" level="INFO">C:\Program Files\Python313\Lib\site-packages\urllib3\connectionpool.py:1097: InsecureRequestWarning: Unverified HTTPS request is being made to host 'reqres.in'. Adding certificate verification is strongly advised. See: https://urllib3.readthedocs.io/en/latest/advanced-usage.html#tls-warnings
  warnings.warn(</msg>
<msg time="2025-05-23T17:16:49.956188" level="INFO">${response} = &lt;Response [200]&gt;</msg>
<var>${response}</var>
<arg>alias=ReqRes</arg>
<arg>url=/users/1</arg>
<doc>Sends a GET request on a previously created HTTP Session.</doc>
<status status="PASS" start="2025-05-23T17:16:49.762651" elapsed="0.195333"/>
</kw>
<kw name="Set Global Variable" owner="BuiltIn">
<msg time="2025-05-23T17:16:49.963144" level="INFO">${response} = &lt;Response [200]&gt;</msg>
<arg>${response}</arg>
<doc>Makes a variable available globally in all tests and suites.</doc>
<status status="PASS" start="2025-05-23T17:16:49.959948" elapsed="0.004927"/>
</kw>
<kw name="Log" owner="BuiltIn">
<msg time="2025-05-23T17:16:49.972001" level="INFO">{"data":{"id":1,"email":"george.bluth@reqres.in","first_name":"George","last_name":"Bluth","avatar":"https://reqres.in/img/faces/1-image.jpg"},"support":{"url":"https://contentcaddy.io?utm_source=reqres&amp;utm_medium=json&amp;utm_campaign=referral","text":"Tired of writing endless social media content? Let Content Caddy generate it for you."}}</msg>
<arg>${response.content}</arg>
<doc>Logs the given message with the given level.</doc>
<status status="PASS" start="2025-05-23T17:16:49.966927" elapsed="0.006145"/>
</kw>
<status status="PASS" start="2025-05-23T17:16:49.762054" elapsed="0.211795"/>
</kw>
<kw name="Validar status code &quot;200&quot;" owner="api_testing_user" source_name="Validar status code &quot;${statuscode}&quot;">
<kw name="Should Be True" owner="BuiltIn">
<arg>${response.status_code} == ${statuscode}</arg>
<doc>Fails if the given condition is not true.</doc>
<status status="PASS" start="2025-05-23T17:16:49.980184" elapsed="0.008777"/>
</kw>
<status status="PASS" start="2025-05-23T17:16:49.976710" elapsed="0.013601"/>
</kw>
<tag>GET</tag>
<tag>user</tag>
<status status="PASS" start="2025-05-23T17:16:49.698002" elapsed="0.298957"/>
</test>
<test id="s1-t8" name="Cenário: PUT Editar um usuário" line="45">
<kw name="Criar sessão no ReqRes" owner="api_testing_user">
<kw name="Create Dictionary" owner="BuiltIn">
<msg time="2025-05-23T17:16:50.006155" level="INFO">${headers} = {'accept': 'application/json', 'Content-Type': 'application/json', 'x-api-key': 'reqres-free-v1'}</msg>
<var>${headers}</var>
<arg>accept=application/json</arg>
<arg>Content-Type=application/json</arg>
<arg>x-api-key=reqres-free-v1</arg>
<doc>Creates and returns a dictionary based on the given ``items``.</doc>
<status status="PASS" start="2025-05-23T17:16:50.005369" elapsed="0.001160"/>
</kw>
<kw name="Create Session" owner="RequestsLibrary">
<msg time="2025-05-23T17:16:50.007635" level="INFO">Creating Session using : alias=ReqRes, url=https://reqres.in/api/, headers={'accept': 'application/json', 'Content-Type': 'application/json', 'x-api-key': 'reqres-free-v1'},                     cookies={}, auth=None, timeout=None, proxies=None, verify=False,                     debug=0 </msg>
<arg>ReqRes</arg>
<arg>https://reqres.in/api/</arg>
<arg>${headers}</arg>
<doc>Create Session: create a HTTP session to a server</doc>
<status status="PASS" start="2025-05-23T17:16:50.007036" elapsed="0.001304"/>
</kw>
<status status="PASS" start="2025-05-23T17:16:50.004588" elapsed="0.004443"/>
</kw>
<kw name="PUT Endpoint /users/id" owner="api_testing_user">
<kw name="Create Dictionary" owner="BuiltIn">
<msg time="2025-05-23T17:16:50.013494" level="INFO">${payload} = {'name': 'ze', 'job': 'pedreiro'}</msg>
<var>${payload}</var>
<arg>name=ze</arg>
<arg>job=pedreiro</arg>
<doc>Creates and returns a dictionary based on the given ``items``.</doc>
<status status="PASS" start="2025-05-23T17:16:50.012759" elapsed="0.001023"/>
</kw>
<kw name="PUT On Session" owner="RequestsLibrary">
<msg time="2025-05-23T17:16:50.565920" level="INFO">PUT Request : url=https://reqres.in/api/users/3 
 path_url=/api/users/3 
 headers={'User-Agent': 'python-requests/2.32.3', 'Accept-Encoding': 'gzip, deflate', 'accept': 'application/json', 'Connection': 'keep-alive', 'Content-Type': 'application/json', 'x-api-key': 'reqres-free-v1', 'Content-Length': '33'} 
 body=b'{"name": "ze", "job": "pedreiro"}' 
 </msg>
<msg time="2025-05-23T17:16:50.566762" level="INFO">PUT Response : url=https://reqres.in/api/users/3 
 status=200, reason=OK 
 headers={'Date': 'Fri, 23 May 2025 20:16:50 GMT', 'Content-Type': 'application/json; charset=utf-8', 'Transfer-Encoding': 'chunked', 'Connection': 'keep-alive', 'Cf-Ray': '94473bbb4d9ce018-GIG', 'Server': 'cloudflare', 'Content-Encoding': 'gzip', 'Report-To': '{"group":"heroku-nel","max_age":3600,"endpoints":[{"url":"https://nel.heroku.com/reports?ts=1748031410&amp;sid=c4c9725f-1ab0-44d8-820f-430df2718e11&amp;s=GmiPZ8KHC%2Bd2uPgVXzC8iigbKsvIS7eYTppDn33fROU%3D"}]}', 'Reporting-Endpoints': 'heroku-nel=https://nel.heroku.com/reports?ts=1748031410&amp;sid=c4c9725f-1ab0-44d8-820f-430df2718e11&amp;s=GmiPZ8KHC%2Bd2uPgVXzC8iigbKsvIS7eYTppDn33fROU%3D', 'Nel': '{"report_to":"heroku-nel","max_age":3600,"success_fraction":0.005,"failure_fraction":0.05,"response_headers":["Via"]}', 'X-Powered-By': 'Express', 'Access-Control-Allow-Origin': '*', 'Ratelimit-Policy': '100;w=60', 'Ratelimit-Limit': '100', 'Ratelimit-Remaining': '88', 'Ratelimit-Reset': '57', 'Etag': 'W/"45-X1SWcR+1x/DYEkX44B4sYPtLcRo"', 'Via': '1.1 vegur', 'Cf-Cache-Status': 'DYNAMIC', 'Vary': 'Accept-Encoding', 'server-timing': 'cfL4;desc="?proto=TCP&amp;rtt=38550&amp;min_rtt=36071&amp;rtt_var=14876&amp;sent=6&amp;recv=7&amp;lost=0&amp;retrans=0&amp;sent_bytes=2837&amp;recv_bytes=917&amp;delivery_rate=77395&amp;cwnd=252&amp;unsent_bytes=0&amp;cid=6ec4eedf0863db6d&amp;ts=437&amp;x=0"'} 
 body={"name":"ze","job":"pedreiro","updatedAt":"2025-05-23T20:16:50.735Z"} 
 </msg>
<msg time="2025-05-23T17:16:50.567447" level="INFO">C:\Program Files\Python313\Lib\site-packages\urllib3\connectionpool.py:1097: InsecureRequestWarning: Unverified HTTPS request is being made to host 'reqres.in'. Adding certificate verification is strongly advised. See: https://urllib3.readthedocs.io/en/latest/advanced-usage.html#tls-warnings
  warnings.warn(</msg>
<msg time="2025-05-23T17:16:50.576974" level="INFO">${response} = &lt;Response [200]&gt;</msg>
<var>${response}</var>
<arg>alias=ReqRes</arg>
<arg>url=/users/3</arg>
<arg>json=${payload}</arg>
<doc>Sends a PUT request on a previously created HTTP Session.</doc>
<status status="PASS" start="2025-05-23T17:16:50.014211" elapsed="0.563212"/>
</kw>
<kw name="Set Global Variable" owner="BuiltIn">
<msg time="2025-05-23T17:16:50.579183" level="INFO">${response} = &lt;Response [200]&gt;</msg>
<arg>${response}</arg>
<doc>Makes a variable available globally in all tests and suites.</doc>
<status status="PASS" start="2025-05-23T17:16:50.578075" elapsed="0.001658"/>
</kw>
<kw name="Log" owner="BuiltIn">
<msg time="2025-05-23T17:16:50.581790" level="INFO">{"name":"ze","job":"pedreiro","updatedAt":"2025-05-23T20:16:50.735Z"}</msg>
<arg>${response.content}</arg>
<doc>Logs the given message with the given level.</doc>
<status status="PASS" start="2025-05-23T17:16:50.580356" elapsed="0.001839"/>
</kw>
<status status="PASS" start="2025-05-23T17:16:50.011932" elapsed="0.570648"/>
</kw>
<kw name="Validar status code &quot;200&quot;" owner="api_testing_user" source_name="Validar status code &quot;${statuscode}&quot;">
<kw name="Should Be True" owner="BuiltIn">
<arg>${response.status_code} == ${statuscode}</arg>
<doc>Fails if the given condition is not true.</doc>
<status status="PASS" start="2025-05-23T17:16:50.586064" elapsed="0.002301"/>
</kw>
<status status="PASS" start="2025-05-23T17:16:50.585017" elapsed="0.004560"/>
</kw>
<tag>PUT</tag>
<tag>user</tag>
<status status="PASS" start="2025-05-23T17:16:50.001681" elapsed="0.590802"/>
</test>
<test id="s1-t9" name="Cenário: PATCH Editar um usuário" line="51">
<kw name="Criar sessão no ReqRes" owner="api_testing_user">
<kw name="Create Dictionary" owner="BuiltIn">
<msg time="2025-05-23T17:16:50.595993" level="INFO">${headers} = {'accept': 'application/json', 'Content-Type': 'application/json', 'x-api-key': 'reqres-free-v1'}</msg>
<var>${headers}</var>
<arg>accept=application/json</arg>
<arg>Content-Type=application/json</arg>
<arg>x-api-key=reqres-free-v1</arg>
<doc>Creates and returns a dictionary based on the given ``items``.</doc>
<status status="PASS" start="2025-05-23T17:16:50.595675" elapsed="0.000453"/>
</kw>
<kw name="Create Session" owner="RequestsLibrary">
<msg time="2025-05-23T17:16:50.596636" level="INFO">Creating Session using : alias=ReqRes, url=https://reqres.in/api/, headers={'accept': 'application/json', 'Content-Type': 'application/json', 'x-api-key': 'reqres-free-v1'},                     cookies={}, auth=None, timeout=None, proxies=None, verify=False,                     debug=0 </msg>
<arg>ReqRes</arg>
<arg>https://reqres.in/api/</arg>
<arg>${headers}</arg>
<doc>Create Session: create a HTTP session to a server</doc>
<status status="PASS" start="2025-05-23T17:16:50.596348" elapsed="0.000519"/>
</kw>
<status status="PASS" start="2025-05-23T17:16:50.595350" elapsed="0.001652"/>
</kw>
<kw name="PATCH Endpoint /users/id" owner="api_testing_user">
<kw name="Create Dictionary" owner="BuiltIn">
<msg time="2025-05-23T17:16:50.604125" level="INFO">${payload} = {'name': 'joao', 'job': 'jogador'}</msg>
<var>${payload}</var>
<arg>name=joao</arg>
<arg>job=jogador</arg>
<doc>Creates and returns a dictionary based on the given ``items``.</doc>
<status status="PASS" start="2025-05-23T17:16:50.603568" elapsed="0.000809"/>
</kw>
<kw name="PUT On Session" owner="RequestsLibrary">
<msg time="2025-05-23T17:16:51.175276" level="INFO">PUT Request : url=https://reqres.in/api/users/5 
 path_url=/api/users/5 
 headers={'User-Agent': 'python-requests/2.32.3', 'Accept-Encoding': 'gzip, deflate', 'accept': 'application/json', 'Connection': 'keep-alive', 'Content-Type': 'application/json', 'x-api-key': 'reqres-free-v1', 'Content-Length': '34'} 
 body=b'{"name": "joao", "job": "jogador"}' 
 </msg>
<msg time="2025-05-23T17:16:51.176362" level="INFO">PUT Response : url=https://reqres.in/api/users/5 
 status=200, reason=OK 
 headers={'Date': 'Fri, 23 May 2025 20:16:51 GMT', 'Content-Type': 'application/json; charset=utf-8', 'Transfer-Encoding': 'chunked', 'Connection': 'keep-alive', 'Cf-Ray': '94473bbf0f83cad3-GIG', 'Server': 'cloudflare', 'Content-Encoding': 'gzip', 'Report-To': '{"group":"heroku-nel","max_age":3600,"endpoints":[{"url":"https://nel.heroku.com/reports?ts=1748031411&amp;sid=c4c9725f-1ab0-44d8-820f-430df2718e11&amp;s=c1YwedVZaQA8cbzL8xBBZfXpEfu6jJTPwVUKV%2FDBh%2Bo%3D"}]}', 'Reporting-Endpoints': 'heroku-nel=https://nel.heroku.com/reports?ts=1748031411&amp;sid=c4c9725f-1ab0-44d8-820f-430df2718e11&amp;s=c1YwedVZaQA8cbzL8xBBZfXpEfu6jJTPwVUKV%2FDBh%2Bo%3D', 'Nel': '{"report_to":"heroku-nel","max_age":3600,"success_fraction":0.005,"failure_fraction":0.05,"response_headers":["Via"]}', 'X-Powered-By': 'Express', 'Access-Control-Allow-Origin': '*', 'Ratelimit-Policy': '100;w=60', 'Ratelimit-Limit': '100', 'Ratelimit-Remaining': '86', 'Ratelimit-Reset': '56', 'Etag': 'W/"46-he8iwuJQSAR53jvDS84wsOPWBTA"', 'Via': '1.1 vegur', 'Cf-Cache-Status': 'DYNAMIC', 'Vary': 'Accept-Encoding', 'server-timing': 'cfL4;desc="?proto=TCP&amp;rtt=44105&amp;min_rtt=35783&amp;rtt_var=16030&amp;sent=5&amp;recv=7&amp;lost=0&amp;retrans=0&amp;sent_bytes=2837&amp;recv_bytes=918&amp;delivery_rate=102148&amp;cwnd=252&amp;unsent_bytes=0&amp;cid=1c899cb392531122&amp;ts=435&amp;x=0"'} 
 body={"name":"joao","job":"jogador","updatedAt":"2025-05-23T20:16:51.343Z"} 
 </msg>
<msg time="2025-05-23T17:16:51.177158" level="INFO">C:\Program Files\Python313\Lib\site-packages\urllib3\connectionpool.py:1097: InsecureRequestWarning: Unverified HTTPS request is being made to host 'reqres.in'. Adding certificate verification is strongly advised. See: https://urllib3.readthedocs.io/en/latest/advanced-usage.html#tls-warnings
  warnings.warn(</msg>
<msg time="2025-05-23T17:16:51.188205" level="INFO">${response} = &lt;Response [200]&gt;</msg>
<var>${response}</var>
<arg>alias=ReqRes</arg>
<arg>url=/users/5</arg>
<arg>json=${payload}</arg>
<doc>Sends a PUT request on a previously created HTTP Session.</doc>
<status status="PASS" start="2025-05-23T17:16:50.604699" elapsed="0.583929"/>
</kw>
<kw name="Set Global Variable" owner="BuiltIn">
<msg time="2025-05-23T17:16:51.190133" level="INFO">${response} = &lt;Response [200]&gt;</msg>
<arg>${response}</arg>
<doc>Makes a variable available globally in all tests and suites.</doc>
<status status="PASS" start="2025-05-23T17:16:51.189288" elapsed="0.001148"/>
</kw>
<kw name="Log" owner="BuiltIn">
<msg time="2025-05-23T17:16:51.191615" level="INFO">{"name":"joao","job":"jogador","updatedAt":"2025-05-23T20:16:51.343Z"}</msg>
<arg>${response.content}</arg>
<doc>Logs the given message with the given level.</doc>
<status status="PASS" start="2025-05-23T17:16:51.190754" elapsed="0.001101"/>
</kw>
<status status="PASS" start="2025-05-23T17:16:50.602828" elapsed="0.589234"/>
</kw>
<kw name="Validar status code &quot;200&quot;" owner="api_testing_user" source_name="Validar status code &quot;${statuscode}&quot;">
<kw name="Should Be True" owner="BuiltIn">
<arg>${response.status_code} == ${statuscode}</arg>
<doc>Fails if the given condition is not true.</doc>
<status status="PASS" start="2025-05-23T17:16:51.201924" elapsed="0.002645"/>
</kw>
<status status="PASS" start="2025-05-23T17:16:51.201147" elapsed="0.003719"/>
</kw>
<tag>PATCH</tag>
<tag>user</tag>
<status status="PASS" start="2025-05-23T17:16:50.594689" elapsed="0.611179"/>
</test>
<test id="s1-t10" name="Cenário: DELETE Excluir um usuário" line="57">
<kw name="Criar sessão no ReqRes" owner="api_testing_user">
<kw name="Create Dictionary" owner="BuiltIn">
<msg time="2025-05-23T17:16:51.212631" level="INFO">${headers} = {'accept': 'application/json', 'Content-Type': 'application/json', 'x-api-key': 'reqres-free-v1'}</msg>
<var>${headers}</var>
<arg>accept=application/json</arg>
<arg>Content-Type=application/json</arg>
<arg>x-api-key=reqres-free-v1</arg>
<doc>Creates and returns a dictionary based on the given ``items``.</doc>
<status status="PASS" start="2025-05-23T17:16:51.211907" elapsed="0.001006"/>
</kw>
<kw name="Create Session" owner="RequestsLibrary">
<msg time="2025-05-23T17:16:51.213919" level="INFO">Creating Session using : alias=ReqRes, url=https://reqres.in/api/, headers={'accept': 'application/json', 'Content-Type': 'application/json', 'x-api-key': 'reqres-free-v1'},                     cookies={}, auth=None, timeout=None, proxies=None, verify=False,                     debug=0 </msg>
<arg>ReqRes</arg>
<arg>https://reqres.in/api/</arg>
<arg>${headers}</arg>
<doc>Create Session: create a HTTP session to a server</doc>
<status status="PASS" start="2025-05-23T17:16:51.213363" elapsed="0.001085"/>
</kw>
<status status="PASS" start="2025-05-23T17:16:51.211229" elapsed="0.003546"/>
</kw>
<kw name="DELETE Endpoint /users/id" owner="api_testing_user">
<kw name="PUT On Session" owner="RequestsLibrary">
<msg time="2025-05-23T17:16:51.757040" level="INFO">PUT Request : url=https://reqres.in/api/users/5 
 path_url=/api/users/5 
 headers={'User-Agent': 'python-requests/2.32.3', 'Accept-Encoding': 'gzip, deflate', 'accept': 'application/json', 'Connection': 'keep-alive', 'Content-Type': 'application/json', 'x-api-key': 'reqres-free-v1', 'Content-Length': '0'} 
 body=None 
 </msg>
<msg time="2025-05-23T17:16:51.758472" level="INFO">PUT Response : url=https://reqres.in/api/users/5 
 status=200, reason=OK 
 headers={'Date': 'Fri, 23 May 2025 20:16:52 GMT', 'Content-Type': 'application/json; charset=utf-8', 'Transfer-Encoding': 'chunked', 'Connection': 'keep-alive', 'Server': 'cloudflare', 'Vary': 'Accept-Encoding', 'Cf-Ray': '94473bc2b9f7e12a-GIG', 'Report-To': '{"group":"heroku-nel","max_age":3600,"endpoints":[{"url":"https://nel.heroku.com/reports?ts=1748031411&amp;sid=c4c9725f-1ab0-44d8-820f-430df2718e11&amp;s=c1YwedVZaQA8cbzL8xBBZfXpEfu6jJTPwVUKV%2FDBh%2Bo%3D"}]}', 'Reporting-Endpoints': 'heroku-nel=https://nel.heroku.com/reports?ts=1748031411&amp;sid=c4c9725f-1ab0-44d8-820f-430df2718e11&amp;s=c1YwedVZaQA8cbzL8xBBZfXpEfu6jJTPwVUKV%2FDBh%2Bo%3D', 'Nel': '{"report_to":"heroku-nel","max_age":3600,"success_fraction":0.005,"failure_fraction":0.05,"response_headers":["Via"]}', 'X-Powered-By': 'Express', 'Access-Control-Allow-Origin': '*', 'Ratelimit-Policy': '100;w=60', 'Ratelimit-Limit': '100', 'Ratelimit-Remaining': '84', 'Ratelimit-Reset': '56', 'Etag': 'W/"28-m1/OA6Epe2buyg/WWSUkszEl7WY"', 'Via': '1.1 vegur', 'Cf-Cache-Status': 'DYNAMIC', 'Content-Encoding': 'gzip', 'server-timing': 'cfL4;desc="?proto=TCP&amp;rtt=37112&amp;min_rtt=36282&amp;rtt_var=11796&amp;sent=5&amp;recv=6&amp;lost=0&amp;retrans=0&amp;sent_bytes=2838&amp;recv_bytes=861&amp;delivery_rate=97263&amp;cwnd=252&amp;unsent_bytes=0&amp;cid=a8bc3c7703242a65&amp;ts=430&amp;x=0"'} 
 body={"updatedAt":"2025-05-23T20:16:51.925Z"} 
 </msg>
<msg time="2025-05-23T17:16:51.759683" level="INFO">C:\Program Files\Python313\Lib\site-packages\urllib3\connectionpool.py:1097: InsecureRequestWarning: Unverified HTTPS request is being made to host 'reqres.in'. Adding certificate verification is strongly advised. See: https://urllib3.readthedocs.io/en/latest/advanced-usage.html#tls-warnings
  warnings.warn(</msg>
<msg time="2025-05-23T17:16:51.774689" level="INFO">${response} = &lt;Response [200]&gt;</msg>
<var>${response}</var>
<arg>alias=ReqRes</arg>
<arg>url=/users/5</arg>
<doc>Sends a PUT request on a previously created HTTP Session.</doc>
<status status="PASS" start="2025-05-23T17:16:51.217888" elapsed="0.557303"/>
</kw>
<kw name="Set Global Variable" owner="BuiltIn">
<msg time="2025-05-23T17:16:51.776790" level="INFO">${response} = &lt;Response [200]&gt;</msg>
<arg>${response}</arg>
<doc>Makes a variable available globally in all tests and suites.</doc>
<status status="PASS" start="2025-05-23T17:16:51.775904" elapsed="0.001376"/>
</kw>
<kw name="Log" owner="BuiltIn">
<msg time="2025-05-23T17:16:51.779329" level="INFO">{"updatedAt":"2025-05-23T20:16:51.925Z"}</msg>
<arg>${response.content}</arg>
<doc>Logs the given message with the given level.</doc>
<status status="PASS" start="2025-05-23T17:16:51.777837" elapsed="0.003315"/>
</kw>
<status status="PASS" start="2025-05-23T17:16:51.217303" elapsed="0.564437"/>
</kw>
<kw name="Validar status code &quot;200&quot;" owner="api_testing_user" source_name="Validar status code &quot;${statuscode}&quot;">
<kw name="Should Be True" owner="BuiltIn">
<arg>${response.status_code} == ${statuscode}</arg>
<doc>Fails if the given condition is not true.</doc>
<status status="PASS" start="2025-05-23T17:16:51.784690" elapsed="0.003273"/>
</kw>
<status status="PASS" start="2025-05-23T17:16:51.783863" elapsed="0.005241"/>
</kw>
<tag>DELETE</tag>
<tag>user</tag>
<status status="PASS" start="2025-05-23T17:16:51.210369" elapsed="0.579908"/>
</test>
<test id="s1-t11" name="Cenário: GET Listar um recurso" line="63">
<kw name="Criar sessão no ReqRes" owner="api_testing_user">
<kw name="Create Dictionary" owner="BuiltIn">
<msg time="2025-05-23T17:16:51.794074" level="INFO">${headers} = {'accept': 'application/json', 'Content-Type': 'application/json', 'x-api-key': 'reqres-free-v1'}</msg>
<var>${headers}</var>
<arg>accept=application/json</arg>
<arg>Content-Type=application/json</arg>
<arg>x-api-key=reqres-free-v1</arg>
<doc>Creates and returns a dictionary based on the given ``items``.</doc>
<status status="PASS" start="2025-05-23T17:16:51.793546" elapsed="0.000767"/>
</kw>
<kw name="Create Session" owner="RequestsLibrary">
<msg time="2025-05-23T17:16:51.795069" level="INFO">Creating Session using : alias=ReqRes, url=https://reqres.in/api/, headers={'accept': 'application/json', 'Content-Type': 'application/json', 'x-api-key': 'reqres-free-v1'},                     cookies={}, auth=None, timeout=None, proxies=None, verify=False,                     debug=0 </msg>
<arg>ReqRes</arg>
<arg>https://reqres.in/api/</arg>
<arg>${headers}</arg>
<doc>Create Session: create a HTTP session to a server</doc>
<status status="PASS" start="2025-05-23T17:16:51.794654" elapsed="0.000927"/>
</kw>
<status status="PASS" start="2025-05-23T17:16:51.792966" elapsed="0.002848"/>
</kw>
<kw name="GET Endpoint /resource/id" owner="api_testing_user">
<kw name="GET On Session" owner="RequestsLibrary">
<msg time="2025-05-23T17:16:51.971274" level="INFO">GET Request : url=https://reqres.in/api/unknown/2 
 path_url=/api/unknown/2 
 headers={'User-Agent': 'python-requests/2.32.3', 'Accept-Encoding': 'gzip, deflate', 'accept': 'application/json', 'Connection': 'keep-alive', 'Content-Type': 'application/json', 'x-api-key': 'reqres-free-v1'} 
 body=None 
 </msg>
<msg time="2025-05-23T17:16:51.971865" level="INFO">GET Response : url=https://reqres.in/api/unknown/2 
 status=200, reason=OK 
 headers={'Date': 'Fri, 23 May 2025 20:16:52 GMT', 'Content-Type': 'application/json; charset=utf-8', 'Transfer-Encoding': 'chunked', 'Connection': 'keep-alive', 'Cf-Ray': '94473bc66983f390-GIG', 'Server': 'cloudflare', 'Content-Encoding': 'gzip', 'Report-To': '{"group":"heroku-nel","max_age":3600,"endpoints":[{"url":"https://nel.heroku.com/reports?ts=1748018983&amp;sid=c4c9725f-1ab0-44d8-820f-430df2718e11&amp;s=sGXs5XyO6BkmZN8%2BpHJcchhAjMdamjuRuCuKmF6iNjY%3D"}]}', 'Reporting-Endpoints': 'heroku-nel=https://nel.heroku.com/reports?ts=1748018983&amp;sid=c4c9725f-1ab0-44d8-820f-430df2718e11&amp;s=sGXs5XyO6BkmZN8%2BpHJcchhAjMdamjuRuCuKmF6iNjY%3D', 'Nel': '{"report_to":"heroku-nel","max_age":3600,"success_fraction":0.005,"failure_fraction":0.05,"response_headers":["Via"]}', 'X-Powered-By': 'Express', 'Access-Control-Allow-Origin': '*', 'Ratelimit-Policy': '100;w=60', 'Ratelimit-Limit': '100', 'Ratelimit-Remaining': '84', 'Ratelimit-Reset': '56', 'Etag': 'W/"122-EJoELj/0trWDxXZhKN3eWEbbcBA"', 'Via': '1.1 vegur', 'Cache-Control': 'max-age=14400', 'Cf-Cache-Status': 'HIT', 'Age': '69', 'Vary': 'Accept-Encoding', 'server-timing': 'cfL4;desc="?proto=TCP&amp;rtt=39697&amp;min_rtt=36755&amp;rtt_var=14661&amp;sent=5&amp;recv=6&amp;lost=0&amp;retrans=0&amp;sent_bytes=2838&amp;recv_bytes=844&amp;delivery_rate=77224&amp;cwnd=252&amp;unsent_bytes=0&amp;cid=993099c44785a04e&amp;ts=66&amp;x=0"'} 
 body={"data":{"id":2,"name":"fuchsia rose","year":2001,"color":"#C74375","pantone_value":"17-2031"},"support":{"url":"https://contentcaddy.io?utm_source=reqres&amp;utm_medium=json&amp;utm_campaign=referral","text":"Tired of writing endless social media content? Let Content Caddy generate it for you."}} 
 </msg>
<msg time="2025-05-23T17:16:51.972382" level="INFO">C:\Program Files\Python313\Lib\site-packages\urllib3\connectionpool.py:1097: InsecureRequestWarning: Unverified HTTPS request is being made to host 'reqres.in'. Adding certificate verification is strongly advised. See: https://urllib3.readthedocs.io/en/latest/advanced-usage.html#tls-warnings
  warnings.warn(</msg>
<msg time="2025-05-23T17:16:51.977989" level="INFO">${response} = &lt;Response [200]&gt;</msg>
<var>${response}</var>
<arg>alias=ReqRes</arg>
<arg>url=/unknown/2</arg>
<doc>Sends a GET request on a previously created HTTP Session.</doc>
<status status="PASS" start="2025-05-23T17:16:51.797162" elapsed="0.181325"/>
</kw>
<kw name="Set Global Variable" owner="BuiltIn">
<msg time="2025-05-23T17:16:51.980143" level="INFO">${response} = &lt;Response [200]&gt;</msg>
<arg>${response}</arg>
<doc>Makes a variable available globally in all tests and suites.</doc>
<status status="PASS" start="2025-05-23T17:16:51.979151" elapsed="0.001433"/>
</kw>
<kw name="Log" owner="BuiltIn">
<msg time="2025-05-23T17:16:51.982922" level="INFO">{"data":{"id":2,"name":"fuchsia rose","year":2001,"color":"#C74375","pantone_value":"17-2031"},"support":{"url":"https://contentcaddy.io?utm_source=reqres&amp;utm_medium=json&amp;utm_campaign=referral","text":"Tired of writing endless social media content? Let Content Caddy generate it for you."}}</msg>
<arg>${response.content}</arg>
<doc>Logs the given message with the given level.</doc>
<status status="PASS" start="2025-05-23T17:16:51.981036" elapsed="0.002351"/>
</kw>
<status status="PASS" start="2025-05-23T17:16:51.796512" elapsed="0.187284"/>
</kw>
<kw name="Validar status code &quot;200&quot;" owner="api_testing_user" source_name="Validar status code &quot;${statuscode}&quot;">
<kw name="Should Be True" owner="BuiltIn">
<arg>${response.status_code} == ${statuscode}</arg>
<doc>Fails if the given condition is not true.</doc>
<status status="PASS" start="2025-05-23T17:16:51.990069" elapsed="0.003025"/>
</kw>
<status status="PASS" start="2025-05-23T17:16:51.988891" elapsed="0.004595"/>
</kw>
<tag>GET</tag>
<tag>resource</tag>
<status status="PASS" start="2025-05-23T17:16:51.791920" elapsed="0.202350"/>
</test>
<test id="s1-t12" name="Cenário: PUT Editar um recurso" line="69">
<kw name="Criar sessão no ReqRes" owner="api_testing_user">
<kw name="Create Dictionary" owner="BuiltIn">
<msg time="2025-05-23T17:16:51.998540" level="INFO">${headers} = {'accept': 'application/json', 'Content-Type': 'application/json', 'x-api-key': 'reqres-free-v1'}</msg>
<var>${headers}</var>
<arg>accept=application/json</arg>
<arg>Content-Type=application/json</arg>
<arg>x-api-key=reqres-free-v1</arg>
<doc>Creates and returns a dictionary based on the given ``items``.</doc>
<status status="PASS" start="2025-05-23T17:16:51.998116" elapsed="0.000749"/>
</kw>
<kw name="Create Session" owner="RequestsLibrary">
<msg time="2025-05-23T17:16:51.999953" level="INFO">Creating Session using : alias=ReqRes, url=https://reqres.in/api/, headers={'accept': 'application/json', 'Content-Type': 'application/json', 'x-api-key': 'reqres-free-v1'},                     cookies={}, auth=None, timeout=None, proxies=None, verify=False,                     debug=0 </msg>
<arg>ReqRes</arg>
<arg>https://reqres.in/api/</arg>
<arg>${headers}</arg>
<doc>Create Session: create a HTTP session to a server</doc>
<status status="PASS" start="2025-05-23T17:16:51.999316" elapsed="0.001333"/>
</kw>
<status status="PASS" start="2025-05-23T17:16:51.997714" elapsed="0.003466"/>
</kw>
<kw name="PUT Endpoint /resource/id" owner="api_testing_user">
<kw name="Create Dictionary" owner="BuiltIn">
<msg time="2025-05-23T17:16:52.006620" level="INFO">${payload} = {'name': 'azul', 'year': '2000', 'color': '#C48394'}</msg>
<var>${payload}</var>
<arg>name=azul</arg>
<arg>year=2000</arg>
<arg>color=#C48394</arg>
<doc>Creates and returns a dictionary based on the given ``items``.</doc>
<status status="PASS" start="2025-05-23T17:16:52.005934" elapsed="0.000941"/>
</kw>
<kw name="PUT On Session" owner="RequestsLibrary">
<msg time="2025-05-23T17:16:52.608678" level="INFO">PUT Request : url=https://reqres.in/api/unknown/2 
 path_url=/api/unknown/2 
 headers={'User-Agent': 'python-requests/2.32.3', 'Accept-Encoding': 'gzip, deflate', 'accept': 'application/json', 'Connection': 'keep-alive', 'Content-Type': 'application/json', 'x-api-key': 'reqres-free-v1', 'Content-Length': '52'} 
 body=b'{"name": "azul", "year": "2000", "color": "#C48394"}' 
 </msg>
<msg time="2025-05-23T17:16:52.609298" level="INFO">PUT Response : url=https://reqres.in/api/unknown/2 
 status=200, reason=OK 
 headers={'Date': 'Fri, 23 May 2025 20:16:52 GMT', 'Content-Type': 'application/json; charset=utf-8', 'Transfer-Encoding': 'chunked', 'Connection': 'keep-alive', 'Cf-Ray': '94473bc7ecb60faa-GIG', 'Server': 'cloudflare', 'Content-Encoding': 'gzip', 'Report-To': '{"group":"heroku-nel","max_age":3600,"endpoints":[{"url":"https://nel.heroku.com/reports?ts=1748031412&amp;sid=c4c9725f-1ab0-44d8-820f-430df2718e11&amp;s=i9WgOoqpjjUFazoJHGxhcMtoGQj90ETBbNeWONOp%2Bwo%3D"}]}', 'Reporting-Endpoints': 'heroku-nel=https://nel.heroku.com/reports?ts=1748031412&amp;sid=c4c9725f-1ab0-44d8-820f-430df2718e11&amp;s=i9WgOoqpjjUFazoJHGxhcMtoGQj90ETBbNeWONOp%2Bwo%3D', 'Nel': '{"report_to":"heroku-nel","max_age":3600,"success_fraction":0.005,"failure_fraction":0.05,"response_headers":["Via"]}', 'X-Powered-By': 'Express', 'Access-Control-Allow-Origin': '*', 'Ratelimit-Policy': '100;w=60', 'Ratelimit-Limit': '100', 'Ratelimit-Remaining': '82', 'Ratelimit-Reset': '55', 'Etag': 'W/"56-ruPV6RUxsloFCjDjz+Rs89CMqoc"', 'Via': '1.1 vegur', 'Cf-Cache-Status': 'DYNAMIC', 'Vary': 'Accept-Encoding', 'server-timing': 'cfL4;desc="?proto=TCP&amp;rtt=46335&amp;min_rtt=35727&amp;rtt_var=16637&amp;sent=5&amp;recv=7&amp;lost=0&amp;retrans=0&amp;sent_bytes=2836&amp;recv_bytes=938&amp;delivery_rate=93078&amp;cwnd=252&amp;unsent_bytes=0&amp;cid=3576cf421e7bfe11&amp;ts=452&amp;x=0"'} 
 body={"name":"azul","year":"2000","color":"#C48394","updatedAt":"2025-05-23T20:16:52.777Z"} 
 </msg>
<msg time="2025-05-23T17:16:52.609836" level="INFO">C:\Program Files\Python313\Lib\site-packages\urllib3\connectionpool.py:1097: InsecureRequestWarning: Unverified HTTPS request is being made to host 'reqres.in'. Adding certificate verification is strongly advised. See: https://urllib3.readthedocs.io/en/latest/advanced-usage.html#tls-warnings
  warnings.warn(</msg>
<msg time="2025-05-23T17:16:52.614492" level="INFO">${response} = &lt;Response [200]&gt;</msg>
<var>${response}</var>
<arg>alias=ReqRes</arg>
<arg>url=/unknown/2</arg>
<arg>json=${payload}</arg>
<doc>Sends a PUT request on a previously created HTTP Session.</doc>
<status status="PASS" start="2025-05-23T17:16:52.007330" elapsed="0.607785"/>
</kw>
<kw name="Set Global Variable" owner="BuiltIn">
<msg time="2025-05-23T17:16:52.616924" level="INFO">${response} = &lt;Response [200]&gt;</msg>
<arg>${response}</arg>
<doc>Makes a variable available globally in all tests and suites.</doc>
<status status="PASS" start="2025-05-23T17:16:52.615954" elapsed="0.001467"/>
</kw>
<kw name="Log" owner="BuiltIn">
<msg time="2025-05-23T17:16:52.620239" level="INFO">{"name":"azul","year":"2000","color":"#C48394","updatedAt":"2025-05-23T20:16:52.777Z"}</msg>
<arg>${response.content}</arg>
<doc>Logs the given message with the given level.</doc>
<status status="PASS" start="2025-05-23T17:16:52.618071" elapsed="0.002862"/>
</kw>
<status status="PASS" start="2025-05-23T17:16:52.005187" elapsed="0.616540"/>
</kw>
<kw name="Validar status code &quot;200&quot;" owner="api_testing_user" source_name="Validar status code &quot;${statuscode}&quot;">
<kw name="Should Be True" owner="BuiltIn">
<arg>${response.status_code} == ${statuscode}</arg>
<doc>Fails if the given condition is not true.</doc>
<status status="PASS" start="2025-05-23T17:16:52.625412" elapsed="0.001796"/>
</kw>
<status status="PASS" start="2025-05-23T17:16:52.624416" elapsed="0.003223"/>
</kw>
<tag>PUT</tag>
<tag>resource</tag>
<status status="PASS" start="2025-05-23T17:16:51.996857" elapsed="0.633819"/>
</test>
<test id="s1-t13" name="Cenário: DELETE Excluir um recurso" line="75">
<kw name="Criar sessão no ReqRes" owner="api_testing_user">
<kw name="Create Dictionary" owner="BuiltIn">
<msg time="2025-05-23T17:16:52.635276" level="INFO">${headers} = {'accept': 'application/json', 'Content-Type': 'application/json', 'x-api-key': 'reqres-free-v1'}</msg>
<var>${headers}</var>
<arg>accept=application/json</arg>
<arg>Content-Type=application/json</arg>
<arg>x-api-key=reqres-free-v1</arg>
<doc>Creates and returns a dictionary based on the given ``items``.</doc>
<status status="PASS" start="2025-05-23T17:16:52.634571" elapsed="0.001148"/>
</kw>
<kw name="Create Session" owner="RequestsLibrary">
<msg time="2025-05-23T17:16:52.636743" level="INFO">Creating Session using : alias=ReqRes, url=https://reqres.in/api/, headers={'accept': 'application/json', 'Content-Type': 'application/json', 'x-api-key': 'reqres-free-v1'},                     cookies={}, auth=None, timeout=None, proxies=None, verify=False,                     debug=0 </msg>
<arg>ReqRes</arg>
<arg>https://reqres.in/api/</arg>
<arg>${headers}</arg>
<doc>Create Session: create a HTTP session to a server</doc>
<status status="PASS" start="2025-05-23T17:16:52.636169" elapsed="0.001086"/>
</kw>
<status status="PASS" start="2025-05-23T17:16:52.633900" elapsed="0.003690"/>
</kw>
<kw name="DELETE Endpoint /resource/id" owner="api_testing_user">
<kw name="GET On Session" owner="RequestsLibrary">
<msg time="2025-05-23T17:16:52.816155" level="INFO">GET Request : url=https://reqres.in/api/unknown/3 
 path_url=/api/unknown/3 
 headers={'User-Agent': 'python-requests/2.32.3', 'Accept-Encoding': 'gzip, deflate', 'accept': 'application/json', 'Connection': 'keep-alive', 'Content-Type': 'application/json', 'x-api-key': 'reqres-free-v1'} 
 body=None 
 </msg>
<msg time="2025-05-23T17:16:52.816411" level="INFO">GET Response : url=https://reqres.in/api/unknown/3 
 status=200, reason=OK 
 headers={'Date': 'Fri, 23 May 2025 20:16:53 GMT', 'Content-Type': 'application/json; charset=utf-8', 'Transfer-Encoding': 'chunked', 'Connection': 'keep-alive', 'Cf-Ray': '94473bcbace0a61a-GIG', 'Server': 'cloudflare', 'Content-Encoding': 'gzip', 'Report-To': '{"group":"heroku-nel","max_age":3600,"endpoints":[{"url":"https://nel.heroku.com/reports?ts=1747944816&amp;sid=c4c9725f-1ab0-44d8-820f-430df2718e11&amp;s=qpiaOQbKSODIX7R%2FOI7s6StCcJ9lQiXhk5foL79rYmM%3D"}]}', 'Reporting-Endpoints': 'heroku-nel=https://nel.heroku.com/reports?ts=1747944816&amp;sid=c4c9725f-1ab0-44d8-820f-430df2718e11&amp;s=qpiaOQbKSODIX7R%2FOI7s6StCcJ9lQiXhk5foL79rYmM%3D', 'Nel': '{"report_to":"heroku-nel","max_age":3600,"success_fraction":0.005,"failure_fraction":0.05,"response_headers":["Via"]}', 'X-Powered-By': 'Express', 'Access-Control-Allow-Origin': '*', 'Ratelimit-Policy': '100;w=60', 'Ratelimit-Limit': '100', 'Ratelimit-Remaining': '88', 'Ratelimit-Reset': '57', 'Etag': 'W/"11e-JRBZgkItNBfNzTTTDTwn6H/asw8"', 'Via': '1.1 vegur', 'Cache-Control': 'max-age=14400', 'Cf-Cache-Status': 'HIT', 'Age': '69', 'Vary': 'Accept-Encoding', 'server-timing': 'cfL4;desc="?proto=TCP&amp;rtt=37967&amp;min_rtt=35944&amp;rtt_var=14086&amp;sent=5&amp;recv=6&amp;lost=0&amp;retrans=0&amp;sent_bytes=2837&amp;recv_bytes=844&amp;delivery_rate=79756&amp;cwnd=252&amp;unsent_bytes=0&amp;cid=e83d82fb1f71326b&amp;ts=69&amp;x=0"'} 
 body={"data":{"id":3,"name":"true red","year":2002,"color":"#BF1932","pantone_value":"19-1664"},"support":{"url":"https://contentcaddy.io?utm_source=reqres&amp;utm_medium=json&amp;utm_campaign=referral","text":"Tired of writing endless social media content? Let Content Caddy generate it for you."}} 
 </msg>
<msg time="2025-05-23T17:16:52.816601" level="INFO">C:\Program Files\Python313\Lib\site-packages\urllib3\connectionpool.py:1097: InsecureRequestWarning: Unverified HTTPS request is being made to host 'reqres.in'. Adding certificate verification is strongly advised. See: https://urllib3.readthedocs.io/en/latest/advanced-usage.html#tls-warnings
  warnings.warn(</msg>
<msg time="2025-05-23T17:16:52.819292" level="INFO">${response} = &lt;Response [200]&gt;</msg>
<var>${response}</var>
<arg>alias=ReqRes</arg>
<arg>url=/unknown/3</arg>
<doc>Sends a GET request on a previously created HTTP Session.</doc>
<status status="PASS" start="2025-05-23T17:16:52.639876" elapsed="0.179719"/>
</kw>
<kw name="Set Global Variable" owner="BuiltIn">
<msg time="2025-05-23T17:16:52.820644" level="INFO">${response} = &lt;Response [200]&gt;</msg>
<arg>${response}</arg>
<doc>Makes a variable available globally in all tests and suites.</doc>
<status status="PASS" start="2025-05-23T17:16:52.820034" elapsed="0.000922"/>
</kw>
<kw name="Log" owner="BuiltIn">
<msg time="2025-05-23T17:16:52.822443" level="INFO">{"data":{"id":3,"name":"true red","year":2002,"color":"#BF1932","pantone_value":"19-1664"},"support":{"url":"https://contentcaddy.io?utm_source=reqres&amp;utm_medium=json&amp;utm_campaign=referral","text":"Tired of writing endless social media content? Let Content Caddy generate it for you."}}</msg>
<arg>${response.content}</arg>
<doc>Logs the given message with the given level.</doc>
<status status="PASS" start="2025-05-23T17:16:52.821318" elapsed="0.001481"/>
</kw>
<status status="PASS" start="2025-05-23T17:16:52.639331" elapsed="0.183755"/>
</kw>
<kw name="Validar status code &quot;200&quot;" owner="api_testing_user" source_name="Validar status code &quot;${statuscode}&quot;">
<kw name="Should Be True" owner="BuiltIn">
<arg>${response.status_code} == ${statuscode}</arg>
<doc>Fails if the given condition is not true.</doc>
<status status="PASS" start="2025-05-23T17:16:52.825968" elapsed="0.001824"/>
</kw>
<status status="PASS" start="2025-05-23T17:16:52.825312" elapsed="0.002775"/>
</kw>
<tag>DELETE</tag>
<tag>resource</tag>
<status status="PASS" start="2025-05-23T17:16:52.632743" elapsed="0.198324"/>
</test>
<test id="s1-t14" name="Cenário: GET Listar todos os recursos" line="81">
<kw name="Criar sessão no ReqRes" owner="api_testing_user">
<kw name="Create Dictionary" owner="BuiltIn">
<msg time="2025-05-23T17:16:52.835842" level="INFO">${headers} = {'accept': 'application/json', 'Content-Type': 'application/json', 'x-api-key': 'reqres-free-v1'}</msg>
<var>${headers}</var>
<arg>accept=application/json</arg>
<arg>Content-Type=application/json</arg>
<arg>x-api-key=reqres-free-v1</arg>
<doc>Creates and returns a dictionary based on the given ``items``.</doc>
<status status="PASS" start="2025-05-23T17:16:52.835165" elapsed="0.000892"/>
</kw>
<kw name="Create Session" owner="RequestsLibrary">
<msg time="2025-05-23T17:16:52.836823" level="INFO">Creating Session using : alias=ReqRes, url=https://reqres.in/api/, headers={'accept': 'application/json', 'Content-Type': 'application/json', 'x-api-key': 'reqres-free-v1'},                     cookies={}, auth=None, timeout=None, proxies=None, verify=False,                     debug=0 </msg>
<arg>ReqRes</arg>
<arg>https://reqres.in/api/</arg>
<arg>${headers}</arg>
<doc>Create Session: create a HTTP session to a server</doc>
<status status="PASS" start="2025-05-23T17:16:52.836384" elapsed="0.000854"/>
</kw>
<status status="PASS" start="2025-05-23T17:16:52.834555" elapsed="0.002938"/>
</kw>
<kw name="GET Endpoint /resource" owner="api_testing_user">
<kw name="GET On Session" owner="RequestsLibrary">
<msg time="2025-05-23T17:16:53.307211" level="INFO">GET Request : url=https://reqres.in/api/unknown 
 path_url=/api/unknown 
 headers={'User-Agent': 'python-requests/2.32.3', 'Accept-Encoding': 'gzip, deflate', 'accept': 'application/json', 'Connection': 'keep-alive', 'Content-Type': 'application/json', 'x-api-key': 'reqres-free-v1'} 
 body=None 
 </msg>
<msg time="2025-05-23T17:16:53.309492" level="INFO">GET Response : url=https://reqres.in/api/unknown 
 status=200, reason=OK 
 headers={'Date': 'Fri, 23 May 2025 20:16:53 GMT', 'Content-Type': 'application/json; charset=utf-8', 'Transfer-Encoding': 'chunked', 'Connection': 'keep-alive', 'Cf-Ray': '94473bceb95ae0f9-GIG', 'Server': 'cloudflare', 'Content-Encoding': 'gzip', 'Report-To': '{"group":"heroku-nel","max_age":3600,"endpoints":[{"url":"https://nel.heroku.com/reports?ts=1747932238&amp;sid=c4c9725f-1ab0-44d8-820f-430df2718e11&amp;s=vS2BdAMqJrzaRJfuBlpAMeCHzRBkoAjXI7cFOJm8HCE%3D"}]}', 'Reporting-Endpoints': 'heroku-nel=https://nel.heroku.com/reports?ts=1747932238&amp;sid=c4c9725f-1ab0-44d8-820f-430df2718e11&amp;s=vS2BdAMqJrzaRJfuBlpAMeCHzRBkoAjXI7cFOJm8HCE%3D', 'Nel': '{"report_to":"heroku-nel","max_age":3600,"success_fraction":0.005,"failure_fraction":0.05,"response_headers":["Via"]}', 'X-Powered-By': 'Express', 'Access-Control-Allow-Origin': '*', 'Ratelimit-Policy': '100;w=60', 'Ratelimit-Limit': '100', 'Ratelimit-Remaining': '96', 'Ratelimit-Reset': '58', 'Etag': 'W/"2fb-zJ/iiAzm4zf7SruyfEtNo0xEDoY"', 'Via': '1.1 vegur', 'Cache-Control': 'max-age=14400', 'Cf-Cache-Status': 'HIT', 'Age': '68', 'Vary': 'Accept-Encoding', 'server-timing': 'cfL4;desc="?proto=TCP&amp;rtt=35443&amp;min_rtt=33954&amp;rtt_var=12136&amp;sent=7&amp;recv=8&amp;lost=0&amp;retrans=2&amp;sent_bytes=5557&amp;recv_bytes=842&amp;delivery_rate=4688&amp;cwnd=252&amp;unsent_bytes=0&amp;cid=5a6608edf413e186&amp;ts=359&amp;x=0"'} 
 body={"page":1,"per_page":6,"total":12,"total_pages":2,"data":[{"id":1,"name":"cerulean","year":2000,"color":"#98B2D1","pantone_value":"15-4020"},{"id":2,"name":"fuchsia rose","year":2001,"color":"#C74375","pantone_value":"17-2031"},{"id":3,"name":"true red","year":2002,"color":"#BF1932","pantone_value":"19-1664"},{"id":4,"name":"aqua sky","year":2003,"color":"#7BC4C4","pantone_value":"14-4811"},{"id":5,"name":"tigerlily","year":2004,"color":"#E2583E","pantone_value":"17-1456"},{"id":6,"name":"blue turquoise","year":2005,"color":"#53B0AE","pantone_value":"15-5217"}],"support":{"url":"https://contentcaddy.io?utm_source=reqres&amp;utm_medium=json&amp;utm_campaign=referral","text":"Tired of writing endless social media content? Let Content Caddy generate it for you."}} 
 </msg>
<msg time="2025-05-23T17:16:53.310937" level="INFO">C:\Program Files\Python313\Lib\site-packages\urllib3\connectionpool.py:1097: InsecureRequestWarning: Unverified HTTPS request is being made to host 'reqres.in'. Adding certificate verification is strongly advised. See: https://urllib3.readthedocs.io/en/latest/advanced-usage.html#tls-warnings
  warnings.warn(</msg>
<msg time="2025-05-23T17:16:53.324297" level="INFO">${response} = &lt;Response [200]&gt;</msg>
<var>${response}</var>
<arg>alias=ReqRes</arg>
<arg>url=/unknown</arg>
<doc>Sends a GET request on a previously created HTTP Session.</doc>
<status status="PASS" start="2025-05-23T17:16:52.840338" elapsed="0.485394"/>
</kw>
<kw name="Set Global Variable" owner="BuiltIn">
<msg time="2025-05-23T17:16:53.328895" level="INFO">${response} = &lt;Response [200]&gt;</msg>
<arg>${response}</arg>
<doc>Makes a variable available globally in all tests and suites.</doc>
<status status="PASS" start="2025-05-23T17:16:53.327489" elapsed="0.002126"/>
</kw>
<kw name="Log" owner="BuiltIn">
<msg time="2025-05-23T17:16:53.332527" level="INFO">{"page":1,"per_page":6,"total":12,"total_pages":2,"data":[{"id":1,"name":"cerulean","year":2000,"color":"#98B2D1","pantone_value":"15-4020"},{"id":2,"name":"fuchsia rose","year":2001,"color":"#C74375","pantone_value":"17-2031"},{"id":3,"name":"true red","year":2002,"color":"#BF1932","pantone_value":"19-1664"},{"id":4,"name":"aqua sky","year":2003,"color":"#7BC4C4","pantone_value":"14-4811"},{"id":5,"name":"tigerlily","year":2004,"color":"#E2583E","pantone_value":"17-1456"},{"id":6,"name":"blue turquoise","year":2005,"color":"#53B0AE","pantone_value":"15-5217"}],"support":{"url":"https://contentcaddy.io?utm_source=reqres&amp;utm_medium=json&amp;utm_campaign=referral","text":"Tired of writing endless social media content? Let Content Caddy generate it for you."}}</msg>
<arg>${response.content}</arg>
<doc>Logs the given message with the given level.</doc>
<status status="PASS" start="2025-05-23T17:16:53.330575" elapsed="0.002721"/>
</kw>
<status status="PASS" start="2025-05-23T17:16:52.839718" elapsed="0.494141"/>
</kw>
<kw name="Validar status code &quot;200&quot;" owner="api_testing_user" source_name="Validar status code &quot;${statuscode}&quot;">
<kw name="Should Be True" owner="BuiltIn">
<arg>${response.status_code} == ${statuscode}</arg>
<doc>Fails if the given condition is not true.</doc>
<status status="PASS" start="2025-05-23T17:16:53.337585" elapsed="0.003789"/>
</kw>
<status status="PASS" start="2025-05-23T17:16:53.336410" elapsed="0.005395"/>
</kw>
<tag>GET</tag>
<tag>resource</tag>
<status status="PASS" start="2025-05-23T17:16:52.833493" elapsed="0.514716"/>
</test>
<doc>Testes de API - ReqRes - Luis</doc>
<status status="PASS" start="2025-05-23T17:16:45.617840" elapsed="7.734709"/>
</suite>
<statistics>
<total>
<stat pass="14" fail="0" skip="0">All Tests</stat>
</total>
<tag>
<stat pass="2" fail="0" skip="0">DELETE</stat>
<stat pass="4" fail="0" skip="0">GET</stat>
<stat pass="1" fail="0" skip="0">PATCH</stat>
<stat pass="2" fail="0" skip="0">POST</stat>
<stat pass="2" fail="0" skip="0">PUT</stat>
<stat pass="4" fail="0" skip="0">resource</stat>
<stat pass="7" fail="0" skip="0">user</stat>
</tag>
<suite>
<stat name="Api Testing User" id="s1" pass="14" fail="0" skip="0">Api Testing User</stat>
</suite>
</statistics>
<errors>
</errors>
</robot>
