<?xml version="1.0" encoding="UTF-8"?>
<robot generator="Robot 7.2.2 (Python 3.13.3 on win32)" generated="2025-06-05T17:08:34.864548" rpa="false" schemaversion="5">
<suite id="s1" name="Review Challenge 01-robot" source="C:\Users\hoewe\Documents\ENTREGAS PB\SPRINT 6\Review Challenge 01 - ServeRest\Review Challenge 01-robot">
<suite id="s1-s1" name="Tests" source="C:\Users\hoewe\Documents\ENTREGAS PB\SPRINT 6\Review Challenge 01 - ServeRest\Review Challenge 01-robot\tests">
<suite id="s1-s1-s1" name="Test Cart" source="C:\Users\hoewe\Documents\ENTREGAS PB\SPRINT 6\Review Challenge 01 - ServeRest\Review Challenge 01-robot\tests\test_cart.robot">
<test id="s1-s1-s1-t1" name="Cenario 01: Cadastrar um novo carrinho" line="9">
<kw name="Criar um usuario novo" owner="test_login">
<kw name="First Name" owner="FakerLibrary">
<msg time="2025-06-05T17:08:36.349733" level="INFO">${random_first_name} = João</msg>
<var>${random_first_name}</var>
<status status="PASS" start="2025-06-05T17:08:36.349541" elapsed="0.000235"/>
</kw>
<kw name="Last Name" owner="FakerLibrary">
<msg time="2025-06-05T17:08:36.350048" level="INFO">${random_last_name} = Cavalcante</msg>
<var>${random_last_name}</var>
<status status="PASS" start="2025-06-05T17:08:36.349903" elapsed="0.000175"/>
</kw>
<kw name="Email" owner="FakerLibrary">
<msg time="2025-06-05T17:08:36.350387" level="INFO">${random_email} = ana-liz25@example.org</msg>
<var>${random_email}</var>
<status status="PASS" start="2025-06-05T17:08:36.350181" elapsed="0.000237"/>
</kw>
<kw name="Password" owner="FakerLibrary">
<msg time="2025-06-05T17:08:36.350668" level="INFO">${random_senha} = 3aJ6+KPD^l</msg>
<var>${random_senha}</var>
<doc>Generate a random password of the specified ``length``.</doc>
<status status="PASS" start="2025-06-05T17:08:36.350516" elapsed="0.000177"/>
</kw>
<kw name="Create Dictionary" owner="BuiltIn">
<msg time="2025-06-05T17:08:36.351527" level="INFO">${user} = {'nome': 'João Cavalcante', 'email': 'ana-liz25@example.org', 'senha': '3aJ6+KPD^l'}</msg>
<var>${user}</var>
<arg>nome=${random_first_name} ${random_last_name}</arg>
<arg>email=${random_email}</arg>
<arg>senha=${random_senha}</arg>
<doc>Creates and returns a dictionary based on the given ``items``.</doc>
<status status="PASS" start="2025-06-05T17:08:36.351088" elapsed="0.000475"/>
</kw>
<kw name="Set Global Variable" owner="BuiltIn">
<msg time="2025-06-05T17:08:36.351881" level="INFO">${user} = {'nome': 'João Cavalcante', 'email': 'ana-liz25@example.org', 'senha': '3aJ6+KPD^l'}</msg>
<arg>${user}</arg>
<doc>Makes a variable available globally in all tests and suites.</doc>
<status status="PASS" start="2025-06-05T17:08:36.351684" elapsed="0.000242"/>
</kw>
<status status="PASS" start="2025-06-05T17:08:36.348881" elapsed="0.003108"/>
</kw>
<kw name="Iniciar sessao na API serverest" owner="test_login">
<kw name="Create Dictionary" owner="BuiltIn">
<msg time="2025-06-05T17:08:36.353369" level="INFO">${headers} = {'Content-Type': 'application/json'}</msg>
<var>${headers}</var>
<arg>Content-Type=application/json</arg>
<doc>Creates and returns a dictionary based on the given ``items``.</doc>
<status status="PASS" start="2025-06-05T17:08:36.353059" elapsed="0.000369"/>
</kw>
<kw name="Create Session" owner="RequestsLibrary">
<msg time="2025-06-05T17:08:36.353905" level="INFO">Creating Session using : alias=ServeRest, url=https://compassuol.serverest.dev, headers={'Content-Type': 'application/json'},                     cookies={}, auth=None, timeout=None, proxies=None, verify=False,                     debug=0 </msg>
<arg>alias=${alias}</arg>
<arg>url=https://compassuol.serverest.dev</arg>
<arg>headers=${headers}</arg>
<doc>Create Session: create a HTTP session to a server</doc>
<status status="PASS" start="2025-06-05T17:08:36.353614" elapsed="0.000509"/>
</kw>
<status status="PASS" start="2025-06-05T17:08:36.352263" elapsed="0.001962"/>
</kw>
<kw name="Cadastrar o usuario criado na ServeRest" owner="test_login">
<kw name="Criar um usuario novo" owner="test_login">
<kw name="First Name" owner="FakerLibrary">
<msg time="2025-06-05T17:08:36.355126" level="INFO">${random_first_name} = Maria Luiza</msg>
<var>${random_first_name}</var>
<status status="PASS" start="2025-06-05T17:08:36.354981" elapsed="0.000175"/>
</kw>
<kw name="Last Name" owner="FakerLibrary">
<msg time="2025-06-05T17:08:36.355380" level="INFO">${random_last_name} = Brito</msg>
<var>${random_last_name}</var>
<status status="PASS" start="2025-06-05T17:08:36.355249" elapsed="0.000158"/>
</kw>
<kw name="Email" owner="FakerLibrary">
<msg time="2025-06-05T17:08:36.355659" level="INFO">${random_email} = vcasa-grande@example.com</msg>
<var>${random_email}</var>
<status status="PASS" start="2025-06-05T17:08:36.355495" elapsed="0.000189"/>
</kw>
<kw name="Password" owner="FakerLibrary">
<msg time="2025-06-05T17:08:36.355918" level="INFO">${random_senha} = 6$L9EcL4!8</msg>
<var>${random_senha}</var>
<doc>Generate a random password of the specified ``length``.</doc>
<status status="PASS" start="2025-06-05T17:08:36.355775" elapsed="0.000167"/>
</kw>
<kw name="Create Dictionary" owner="BuiltIn">
<msg time="2025-06-05T17:08:36.356337" level="INFO">${user} = {'nome': 'Maria Luiza Brito', 'email': 'vcasa-grande@example.com', 'senha': '6$L9EcL4!8'}</msg>
<var>${user}</var>
<arg>nome=${random_first_name} ${random_last_name}</arg>
<arg>email=${random_email}</arg>
<arg>senha=${random_senha}</arg>
<doc>Creates and returns a dictionary based on the given ``items``.</doc>
<status status="PASS" start="2025-06-05T17:08:36.356050" elapsed="0.000314"/>
</kw>
<kw name="Set Global Variable" owner="BuiltIn">
<msg time="2025-06-05T17:08:36.356775" level="INFO">${user} = {'nome': 'Maria Luiza Brito', 'email': 'vcasa-grande@example.com', 'senha': '6$L9EcL4!8'}</msg>
<arg>${user}</arg>
<doc>Makes a variable available globally in all tests and suites.</doc>
<status status="PASS" start="2025-06-05T17:08:36.356566" elapsed="0.000251"/>
</kw>
<status status="PASS" start="2025-06-05T17:08:36.354788" elapsed="0.002089"/>
</kw>
<kw name="Create Dictionary" owner="BuiltIn">
<msg time="2025-06-05T17:08:36.358092" level="INFO">${body} = {'nome': 'Maria Luiza Brito', 'email': 'vcasa-grande@example.com', 'password': '6$L9EcL4!8', 'administrador': 'true'}</msg>
<var>${body}</var>
<arg>nome=${user.nome}</arg>
<arg>email=${user.email}</arg>
<arg>password=${user.senha}</arg>
<arg>administrador=true</arg>
<doc>Creates and returns a dictionary based on the given ``items``.</doc>
<status status="PASS" start="2025-06-05T17:08:36.356974" elapsed="0.001148"/>
</kw>
<kw name="POST On Session" owner="RequestsLibrary">
<msg time="2025-06-05T17:08:36.792044" level="INFO">POST Request : url=https://compassuol.serverest.dev/usuarios 
 path_url=/usuarios 
 headers={'User-Agent': 'python-requests/2.32.3', 'Accept-Encoding': 'gzip, deflate', 'Accept': '*/*', 'Connection': 'keep-alive', 'Content-Type': 'application/json', 'Content-Length': '117'} 
 body=b'{"nome": "Maria Luiza Brito", "email": "vcasa-grande@example.com", "password": "6$L9EcL4!8", "administrador": "true"}' 
 </msg>
<msg time="2025-06-05T17:08:36.792233" level="INFO">POST Response : url=https://compassuol.serverest.dev/usuarios 
 status=201, reason=Created 
 headers={'access-control-allow-origin': '*', 'x-dns-prefetch-control': 'off', 'x-frame-options': 'SAMEORIGIN', 'strict-transport-security': 'max-age=15552000; includeSubDomains', 'x-download-options': 'noopen', 'x-content-type-options': 'nosniff', 'x-xss-protection': '1; mode=block', 'content-type': 'application/json; charset=utf-8', 'x-cloud-trace-context': '465a1a8aaa500dcdd9a4e307b92269bd', 'date': 'Thu, 05 Jun 2025 20:08:37 GMT', 'server': 'Google Frontend', 'Content-Length': '82'} 
 body={
    "message": "Cadastro realizado com sucesso",
    "_id": "v4TRYSxp7MDKAVK8"
} 
 </msg>
<msg time="2025-06-05T17:08:36.792343" level="INFO">C:\Program Files\Python313\Lib\site-packages\urllib3\connectionpool.py:1097: InsecureRequestWarning: Unverified HTTPS request is being made to host 'compassuol.serverest.dev'. Adding certificate verification is strongly advised. See: https://urllib3.readthedocs.io/en/latest/advanced-usage.html#tls-warnings
  warnings.warn(</msg>
<msg time="2025-06-05T17:08:36.792907" level="INFO">${response} = &lt;Response [201]&gt;</msg>
<var>${response}</var>
<arg>alias=${alias}</arg>
<arg>url=usuarios</arg>
<arg>json=${body}</arg>
<doc>Sends a POST request on a previously created HTTP Session.</doc>
<status status="PASS" start="2025-06-05T17:08:36.358240" elapsed="0.434726"/>
</kw>
<kw name="Log" owner="BuiltIn">
<msg time="2025-06-05T17:08:36.794214" level="INFO">Resposta Retornada: 
{
    "message": "Cadastro realizado com sucesso",
    "_id": "v4TRYSxp7MDKAVK8"
}</msg>
<arg>Resposta Retornada: ${\n}${response.text}</arg>
<doc>Logs the given message with the given level.</doc>
<status status="PASS" start="2025-06-05T17:08:36.793257" elapsed="0.001045"/>
</kw>
<status status="PASS" start="2025-06-05T17:08:36.354534" elapsed="0.439877"/>
</kw>
<kw name="Realizar login com o usuario" owner="test_login">
<kw name="Create Dictionary" owner="BuiltIn">
<msg time="2025-06-05T17:08:36.796733" level="INFO">${body} = {'email': 'vcasa-grande@example.com', 'password': '6$L9EcL4!8'}</msg>
<var>${body}</var>
<arg>email=${user.email}</arg>
<arg>password=${user.senha}</arg>
<doc>Creates and returns a dictionary based on the given ``items``.</doc>
<status status="PASS" start="2025-06-05T17:08:36.795063" elapsed="0.001720"/>
</kw>
<kw name="POST On Session" owner="RequestsLibrary">
<msg time="2025-06-05T17:08:37.000757" level="INFO">POST Request : url=https://compassuol.serverest.dev/login 
 path_url=/login 
 headers={'User-Agent': 'python-requests/2.32.3', 'Accept-Encoding': 'gzip, deflate', 'Accept': '*/*', 'Connection': 'keep-alive', 'Content-Type': 'application/json', 'Content-Length': '63'} 
 body=b'{"email": "vcasa-grande@example.com", "password": "6$L9EcL4!8"}' 
 </msg>
<msg time="2025-06-05T17:08:37.000890" level="INFO">POST Response : url=https://compassuol.serverest.dev/login 
 status=200, reason=OK 
 headers={'access-control-allow-origin': '*', 'x-dns-prefetch-control': 'off', 'x-frame-options': 'SAMEORIGIN', 'strict-transport-security': 'max-age=15552000; includeSubDomains', 'x-download-options': 'noopen', 'x-content-type-options': 'nosniff', 'x-xss-protection': '1; mode=block', 'content-type': 'application/json; charset=utf-8', 'x-cloud-trace-context': '5287222db0a2a1ffd9a4e307b92266b4', 'date': 'Thu, 05 Jun 2025 20:08:37 GMT', 'server': 'Google Frontend', 'Content-Length': '287'} 
 body={
    "message": "Login realizado com sucesso",
    "authorization": "Bearer eyJhbGciOiJIUzI1NiIsInR5cCI6IkpXVCJ9.eyJlbWFpbCI6InZjYXNhLWdyYW5kZUBleGFtcGxlLmNvbSIsInBhc3N3b3JkIjoiNiRMOUVjTDQhOCIsImlhdCI6MTc0OTE1NDExNywiZXhwIjoxNzQ5MTU0NzE3fQ.mvX9_1lEywuD6UyYnNopLQxpyR4EL2Z1MPvrncqor8Q"
} 
 </msg>
<msg time="2025-06-05T17:08:37.001030" level="INFO">C:\Program Files\Python313\Lib\site-packages\urllib3\connectionpool.py:1097: InsecureRequestWarning: Unverified HTTPS request is being made to host 'compassuol.serverest.dev'. Adding certificate verification is strongly advised. See: https://urllib3.readthedocs.io/en/latest/advanced-usage.html#tls-warnings
  warnings.warn(</msg>
<msg time="2025-06-05T17:08:37.001598" level="INFO">${response} = &lt;Response [200]&gt;</msg>
<var>${response}</var>
<arg>alias=${alias}</arg>
<arg>url=login</arg>
<arg>json=${body}</arg>
<arg>expected_status=${status_code_desejado}</arg>
<doc>Sends a POST request on a previously created HTTP Session.</doc>
<status status="PASS" start="2025-06-05T17:08:36.796989" elapsed="0.204672"/>
</kw>
<kw name="Log" owner="BuiltIn">
<msg time="2025-06-05T17:08:37.002687" level="INFO">Resposta Retornada: 
{
    "message": "Login realizado com sucesso",
    "authorization": "Bearer eyJhbGciOiJIUzI1NiIsInR5cCI6IkpXVCJ9.eyJlbWFpbCI6InZjYXNhLWdyYW5kZUBleGFtcGxlLmNvbSIsInBhc3N3b3JkIjoiNiRMOUVjTDQhOCIsImlhdCI6MTc0OTE1NDExNywiZXhwIjoxNzQ5MTU0NzE3fQ.mvX9_1lEywuD6UyYnNopLQxpyR4EL2Z1MPvrncqor8Q"
}</msg>
<arg>Resposta Retornada: ${\n}${response.text}</arg>
<doc>Logs the given message with the given level.</doc>
<status status="PASS" start="2025-06-05T17:08:37.001907" elapsed="0.000862"/>
</kw>
<kw name="Dictionary Should Contain Item" owner="Collections">
<arg>${response.json()}</arg>
<arg>message</arg>
<arg>Login realizado com sucesso</arg>
<doc>An item of ``key`` / ``value`` must be found in a ``dictionary``.</doc>
<status status="PASS" start="2025-06-05T17:08:37.002944" elapsed="0.000770"/>
</kw>
<kw name="Get From Dictionary" owner="Collections">
<msg time="2025-06-05T17:08:37.004667" level="INFO">${token} = Bearer eyJhbGciOiJIUzI1NiIsInR5cCI6IkpXVCJ9.eyJlbWFpbCI6InZjYXNhLWdyYW5kZUBleGFtcGxlLmNvbSIsInBhc3N3b3JkIjoiNiRMOUVjTDQhOCIsImlhdCI6MTc0OTE1NDExNywiZXhwIjoxNzQ5MTU0NzE3fQ.mvX9_1lEywuD6UyYnNopLQxpyR4EL...</msg>
<var>${token}</var>
<arg>${response.json()}</arg>
<arg>authorization</arg>
<doc>Returns a value from the given ``dictionary`` based on the given ``key``.</doc>
<status status="PASS" start="2025-06-05T17:08:37.003911" elapsed="0.000802"/>
</kw>
<kw name="Set Global Variable" owner="BuiltIn">
<msg time="2025-06-05T17:08:37.005183" level="INFO">${token} = Bearer eyJhbGciOiJIUzI1NiIsInR5cCI6IkpXVCJ9.eyJlbWFpbCI6InZjYXNhLWdyYW5kZUBleGFtcGxlLmNvbSIsInBhc3N3b3JkIjoiNiRMOUVjTDQhOCIsImlhdCI6MTc0OTE1NDExNywiZXhwIjoxNzQ5MTU0NzE3fQ.mvX9_1lEywuD6UyYnNopLQxpyR4EL...</msg>
<arg>${token}</arg>
<doc>Makes a variable available globally in all tests and suites.</doc>
<status status="PASS" start="2025-06-05T17:08:37.004902" elapsed="0.000349"/>
</kw>
<arg>status_code_desejado=200</arg>
<status status="PASS" start="2025-06-05T17:08:36.794774" elapsed="0.210568"/>
</kw>
<kw name="Cadastrar um carrinho" owner="test_cart">
<kw name="Cadastrar um produto" owner="test_cart">
<kw name="Word" owner="FakerLibrary">
<msg time="2025-06-05T17:08:37.006714" level="INFO">${random_prod} = beatae</msg>
<var>${random_prod}</var>
<doc>Generate a word.</doc>
<status status="PASS" start="2025-06-05T17:08:37.006464" elapsed="0.000294"/>
</kw>
<kw name="Set Suite Variable" owner="BuiltIn">
<msg time="2025-06-05T17:08:37.007238" level="INFO">${random_prod} = beatae</msg>
<arg>${random_prod}</arg>
<doc>Makes a variable available everywhere within the scope of the current suite.</doc>
<status status="PASS" start="2025-06-05T17:08:37.006939" elapsed="0.000365"/>
</kw>
<kw name="Create Dictionary" owner="BuiltIn">
<msg time="2025-06-05T17:08:37.008039" level="INFO">${body} = {'nome': 'beatae', 'preco': '6661', 'descricao': 'Test Product', 'quantidade': '10'}</msg>
<var>${body}</var>
<arg>nome=${random_prod}</arg>
<arg>preco=${preco_item}</arg>
<arg>descricao=${desc_item}</arg>
<arg>quantidade=${qtde_item}</arg>
<doc>Creates and returns a dictionary based on the given ``items``.</doc>
<status status="PASS" start="2025-06-05T17:08:37.007482" elapsed="0.000616"/>
</kw>
<kw name="Create Dictionary" owner="BuiltIn">
<msg time="2025-06-05T17:08:37.008666" level="INFO">${headers} = {'Authorization': 'Bearer eyJhbGciOiJIUzI1NiIsInR5cCI6IkpXVCJ9.eyJlbWFpbCI6InZjYXNhLWdyYW5kZUBleGFtcGxlLmNvbSIsInBhc3N3b3JkIjoiNiRMOUVjTDQhOCIsImlhdCI6MTc0OTE1NDExNywiZXhwIjoxNzQ5MTU0NzE3fQ.mvX9_1lEyw...</msg>
<var>${headers}</var>
<arg>Authorization=${token}</arg>
<doc>Creates and returns a dictionary based on the given ``items``.</doc>
<status status="PASS" start="2025-06-05T17:08:37.008323" elapsed="0.000392"/>
</kw>
<kw name="POST On Session" owner="RequestsLibrary">
<msg time="2025-06-05T17:08:37.200733" level="INFO">POST Request : url=https://compassuol.serverest.dev/produtos 
 path_url=/produtos 
 headers={'User-Agent': 'python-requests/2.32.3', 'Accept-Encoding': 'gzip, deflate', 'Accept': '*/*', 'Connection': 'keep-alive', 'Content-Type': 'application/json', 'Authorization': '*****', 'Content-Length': '84'} 
 body=b'{"nome": "beatae", "preco": "6661", "descricao": "Test Product", "quantidade": "10"}' 
 </msg>
<msg time="2025-06-05T17:08:37.200992" level="INFO">POST Response : url=https://compassuol.serverest.dev/produtos 
 status=201, reason=Created 
 headers={'access-control-allow-origin': '*', 'x-dns-prefetch-control': 'off', 'x-frame-options': 'SAMEORIGIN', 'strict-transport-security': 'max-age=15552000; includeSubDomains', 'x-download-options': 'noopen', 'x-content-type-options': 'nosniff', 'x-xss-protection': '1; mode=block', 'content-type': 'application/json; charset=utf-8', 'x-cloud-trace-context': '943745cefcb60e49d9a4e307b9226431', 'date': 'Thu, 05 Jun 2025 20:08:37 GMT', 'server': 'Google Frontend', 'Content-Length': '82'} 
 body={
    "message": "Cadastro realizado com sucesso",
    "_id": "vL9cHVx4USnbAO40"
} 
 </msg>
<msg time="2025-06-05T17:08:37.201594" level="INFO">C:\Program Files\Python313\Lib\site-packages\urllib3\connectionpool.py:1097: InsecureRequestWarning: Unverified HTTPS request is being made to host 'compassuol.serverest.dev'. Adding certificate verification is strongly advised. See: https://urllib3.readthedocs.io/en/latest/advanced-usage.html#tls-warnings
  warnings.warn(</msg>
<msg time="2025-06-05T17:08:37.203036" level="INFO">${response_cadastro} = &lt;Response [201]&gt;</msg>
<var>${response_cadastro}</var>
<arg>alias=${alias}</arg>
<arg>url=produtos</arg>
<arg>json=${body}</arg>
<arg>headers=${headers}</arg>
<doc>Sends a POST request on a previously created HTTP Session.</doc>
<status status="PASS" start="2025-06-05T17:08:37.008904" elapsed="0.194348"/>
</kw>
<kw name="Set Test Variable" owner="BuiltIn">
<msg time="2025-06-05T17:08:37.205193" level="INFO">${response_cadastro} = &lt;Response [201]&gt;</msg>
<arg>${response_cadastro}</arg>
<doc>Makes a variable available everywhere within the scope of the current test.</doc>
<status status="PASS" start="2025-06-05T17:08:37.204220" elapsed="0.001189"/>
</kw>
<kw name="Log" owner="BuiltIn">
<msg time="2025-06-05T17:08:37.207906" level="INFO">Resposta Retornada: 
{
    "message": "Cadastro realizado com sucesso",
    "_id": "vL9cHVx4USnbAO40"
}</msg>
<arg>Resposta Retornada: ${\n}${response_cadastro.text}</arg>
<doc>Logs the given message with the given level.</doc>
<status status="PASS" start="2025-06-05T17:08:37.205894" elapsed="0.002225"/>
</kw>
<status status="PASS" start="2025-06-05T17:08:37.006174" elapsed="0.202217"/>
</kw>
<kw name="Conferir se o produto foi cadastrado com sucesso" owner="test_cart">
<kw name="Dictionary Should Contain Item" owner="Collections">
<arg>${response_cadastro.json()}</arg>
<arg>message</arg>
<arg>Cadastro realizado com sucesso</arg>
<doc>An item of ``key`` / ``value`` must be found in a ``dictionary``.</doc>
<status status="PASS" start="2025-06-05T17:08:37.210012" elapsed="0.002157"/>
</kw>
<kw name="Get From Dictionary" owner="Collections">
<msg time="2025-06-05T17:08:37.214876" level="INFO">${id_prod_cadastrado} = vL9cHVx4USnbAO40</msg>
<var>${id_prod_cadastrado}</var>
<arg>${response_cadastro.json()}</arg>
<arg>_id</arg>
<doc>Returns a value from the given ``dictionary`` based on the given ``key``.</doc>
<status status="PASS" start="2025-06-05T17:08:37.212697" elapsed="0.002299"/>
</kw>
<kw name="Set Suite Variable" owner="BuiltIn">
<msg time="2025-06-05T17:08:37.216448" level="INFO">${id_prod_cadastrado} = vL9cHVx4USnbAO40</msg>
<arg>${id_prod_cadastrado}</arg>
<doc>Makes a variable available everywhere within the scope of the current suite.</doc>
<status status="PASS" start="2025-06-05T17:08:37.215534" elapsed="0.001087"/>
</kw>
<status status="PASS" start="2025-06-05T17:08:37.209029" elapsed="0.007827"/>
</kw>
<kw name="Convert String To Json" owner="JSONLibrary">
<msg time="2025-06-05T17:08:37.217796" level="INFO">${data} = {'produtos': [{'idProduto': 'id', 'quantidade': 1}]}</msg>
<var>${data}</var>
<arg>{"produtos": [{"idProduto": "id", "quantidade": 1}]}</arg>
<doc>Convert String to JSON object</doc>
<status status="PASS" start="2025-06-05T17:08:37.217281" elapsed="0.000625"/>
</kw>
<kw name="Update Value To Json" owner="JSONLibrary">
<msg time="2025-06-05T17:08:37.255853" level="INFO">${data} = {'produtos': [{'idProduto': 'id', 'quantidade': '10'}]}</msg>
<var>${data}</var>
<arg>${data}</arg>
<arg>$..quantidade</arg>
<arg>${qtde_item}</arg>
<doc>Update value to JSON using JSONPath</doc>
<status status="PASS" start="2025-06-05T17:08:37.218380" elapsed="0.037513"/>
</kw>
<kw name="Update Value To Json" owner="JSONLibrary">
<msg time="2025-06-05T17:08:37.273571" level="INFO">${data} = {'produtos': [{'idProduto': 'vL9cHVx4USnbAO40', 'quantidade': '10'}]}</msg>
<var>${data}</var>
<arg>${data}</arg>
<arg>$..idProduto</arg>
<arg>${id_prod_cadastrado}</arg>
<doc>Update value to JSON using JSONPath</doc>
<status status="PASS" start="2025-06-05T17:08:37.256039" elapsed="0.017571"/>
</kw>
<kw name="Evaluate" owner="BuiltIn">
<msg time="2025-06-05T17:08:37.274078" level="INFO">${data} = {"produtos": [{"idProduto": "vL9cHVx4USnbAO40", "quantidade": "10"}]}</msg>
<var>${data}</var>
<arg>json.dumps(${data})</arg>
<arg>json</arg>
<doc>Evaluates the given expression in Python and returns the result.</doc>
<status status="PASS" start="2025-06-05T17:08:37.273764" elapsed="0.000345"/>
</kw>
<kw name="Create Dictionary" owner="BuiltIn">
<msg time="2025-06-05T17:08:37.274414" level="INFO">${headers} = {'Authorization': 'Bearer eyJhbGciOiJIUzI1NiIsInR5cCI6IkpXVCJ9.eyJlbWFpbCI6InZjYXNhLWdyYW5kZUBleGFtcGxlLmNvbSIsInBhc3N3b3JkIjoiNiRMOUVjTDQhOCIsImlhdCI6MTc0OTE1NDExNywiZXhwIjoxNzQ5MTU0NzE3fQ.mvX9_1lEyw...</msg>
<var>${headers}</var>
<arg>Authorization=${token}</arg>
<doc>Creates and returns a dictionary based on the given ``items``.</doc>
<status status="PASS" start="2025-06-05T17:08:37.274222" elapsed="0.000219"/>
</kw>
<kw name="POST On Session" owner="RequestsLibrary">
<msg time="2025-06-05T17:08:37.484282" level="INFO">POST Request : url=https://compassuol.serverest.dev/carrinhos 
 path_url=/carrinhos 
 headers={'User-Agent': 'python-requests/2.32.3', 'Accept-Encoding': 'gzip, deflate', 'Accept': '*/*', 'Connection': 'keep-alive', 'Content-Type': 'application/json', 'Authorization': '*****', 'Content-Length': '69'} 
 body={"produtos": [{"idProduto": "vL9cHVx4USnbAO40", "quantidade": "10"}]} 
 </msg>
<msg time="2025-06-05T17:08:37.484547" level="INFO">POST Response : url=https://compassuol.serverest.dev/carrinhos 
 status=201, reason=Created 
 headers={'access-control-allow-origin': '*', 'x-dns-prefetch-control': 'off', 'x-frame-options': 'SAMEORIGIN', 'strict-transport-security': 'max-age=15552000; includeSubDomains', 'x-download-options': 'noopen', 'x-content-type-options': 'nosniff', 'x-xss-protection': '1; mode=block', 'content-type': 'application/json; charset=utf-8', 'x-cloud-trace-context': 'a9b04ac24da8a2cdd9a4e307b92268e5', 'date': 'Thu, 05 Jun 2025 20:08:37 GMT', 'server': 'Google Frontend', 'Content-Length': '82'} 
 body={
    "message": "Cadastro realizado com sucesso",
    "_id": "hS4DXE8LOILTcygt"
} 
 </msg>
<msg time="2025-06-05T17:08:37.484799" level="INFO">C:\Program Files\Python313\Lib\site-packages\urllib3\connectionpool.py:1097: InsecureRequestWarning: Unverified HTTPS request is being made to host 'compassuol.serverest.dev'. Adding certificate verification is strongly advised. See: https://urllib3.readthedocs.io/en/latest/advanced-usage.html#tls-warnings
  warnings.warn(</msg>
<msg time="2025-06-05T17:08:37.486343" level="INFO">${response_carts} = &lt;Response [201]&gt;</msg>
<var>${response_carts}</var>
<arg>alias=${alias}</arg>
<arg>url=carrinhos</arg>
<arg>headers=${headers}</arg>
<arg>data=${data}</arg>
<doc>Sends a POST request on a previously created HTTP Session.</doc>
<status status="PASS" start="2025-06-05T17:08:37.274540" elapsed="0.212013"/>
</kw>
<kw name="Set Suite Variable" owner="BuiltIn">
<msg time="2025-06-05T17:08:37.488725" level="INFO">${response_carts} = &lt;Response [201]&gt;</msg>
<arg>${response_carts}</arg>
<doc>Makes a variable available everywhere within the scope of the current suite.</doc>
<status status="PASS" start="2025-06-05T17:08:37.487480" elapsed="0.001553"/>
</kw>
<status status="PASS" start="2025-06-05T17:08:37.005767" elapsed="0.483583"/>
</kw>
<kw name="Conferir se o carrinho foi cadastrado com sucesso" owner="test_cart">
<kw name="Dictionary Should Contain Item" owner="Collections">
<arg>${response_carts.json()}</arg>
<arg>message</arg>
<arg>Cadastro realizado com sucesso</arg>
<doc>An item of ``key`` / ``value`` must be found in a ``dictionary``.</doc>
<status status="PASS" start="2025-06-05T17:08:37.491297" elapsed="0.001784"/>
</kw>
<kw name="Get From Dictionary" owner="Collections">
<msg time="2025-06-05T17:08:37.495325" level="INFO">${id_cart_cadastrado} = hS4DXE8LOILTcygt</msg>
<var>${id_cart_cadastrado}</var>
<arg>${response_carts.json()}</arg>
<arg>_id</arg>
<doc>Returns a value from the given ``dictionary`` based on the given ``key``.</doc>
<status status="PASS" start="2025-06-05T17:08:37.493544" elapsed="0.001919"/>
</kw>
<kw name="Set Suite Variable" owner="BuiltIn">
<msg time="2025-06-05T17:08:37.496718" level="INFO">${id_cart_cadastrado} = hS4DXE8LOILTcygt</msg>
<arg>${id_cart_cadastrado}</arg>
<doc>Makes a variable available everywhere within the scope of the current suite.</doc>
<status status="PASS" start="2025-06-05T17:08:37.496082" elapsed="0.000796"/>
</kw>
<status status="PASS" start="2025-06-05T17:08:37.490379" elapsed="0.006708"/>
</kw>
<status status="PASS" start="2025-06-05T17:08:36.348025" elapsed="1.149849"/>
</test>
<test id="s1-s1-s1-t2" name="Cenario 02: Listar carrinhos cadastrados" line="17">
<kw name="Criar um usuario novo" owner="test_login">
<kw name="First Name" owner="FakerLibrary">
<msg time="2025-06-05T17:08:37.503402" level="INFO">${random_first_name} = Caroline</msg>
<var>${random_first_name}</var>
<status status="PASS" start="2025-06-05T17:08:37.502653" elapsed="0.000895"/>
</kw>
<kw name="Last Name" owner="FakerLibrary">
<msg time="2025-06-05T17:08:37.504610" level="INFO">${random_last_name} = Sousa</msg>
<var>${random_last_name}</var>
<status status="PASS" start="2025-06-05T17:08:37.504035" elapsed="0.000669"/>
</kw>
<kw name="Email" owner="FakerLibrary">
<msg time="2025-06-05T17:08:37.505504" level="INFO">${random_email} = flima@example.net</msg>
<var>${random_email}</var>
<status status="PASS" start="2025-06-05T17:08:37.505094" elapsed="0.000468"/>
</kw>
<kw name="Password" owner="FakerLibrary">
<msg time="2025-06-05T17:08:37.506137" level="INFO">${random_senha} = mFX87Lft#_</msg>
<var>${random_senha}</var>
<doc>Generate a random password of the specified ``length``.</doc>
<status status="PASS" start="2025-06-05T17:08:37.505814" elapsed="0.000406"/>
</kw>
<kw name="Create Dictionary" owner="BuiltIn">
<msg time="2025-06-05T17:08:37.507059" level="INFO">${user} = {'nome': 'Caroline Sousa', 'email': 'flima@example.net', 'senha': 'mFX87Lft#_'}</msg>
<var>${user}</var>
<arg>nome=${random_first_name} ${random_last_name}</arg>
<arg>email=${random_email}</arg>
<arg>senha=${random_senha}</arg>
<doc>Creates and returns a dictionary based on the given ``items``.</doc>
<status status="PASS" start="2025-06-05T17:08:37.506468" elapsed="0.000647"/>
</kw>
<kw name="Set Global Variable" owner="BuiltIn">
<msg time="2025-06-05T17:08:37.507686" level="INFO">${user} = {'nome': 'Caroline Sousa', 'email': 'flima@example.net', 'senha': 'mFX87Lft#_'}</msg>
<arg>${user}</arg>
<doc>Makes a variable available globally in all tests and suites.</doc>
<status status="PASS" start="2025-06-05T17:08:37.507339" elapsed="0.000428"/>
</kw>
<status status="PASS" start="2025-06-05T17:08:37.501907" elapsed="0.005975"/>
</kw>
<kw name="Iniciar sessao na API serverest" owner="test_login">
<kw name="Create Dictionary" owner="BuiltIn">
<msg time="2025-06-05T17:08:37.509135" level="INFO">${headers} = {'Content-Type': 'application/json'}</msg>
<var>${headers}</var>
<arg>Content-Type=application/json</arg>
<doc>Creates and returns a dictionary based on the given ``items``.</doc>
<status status="PASS" start="2025-06-05T17:08:37.508775" elapsed="0.000463"/>
</kw>
<kw name="Create Session" owner="RequestsLibrary">
<msg time="2025-06-05T17:08:37.510413" level="INFO">Creating Session using : alias=ServeRest, url=https://compassuol.serverest.dev, headers={'Content-Type': 'application/json'},                     cookies={}, auth=None, timeout=None, proxies=None, verify=False,                     debug=0 </msg>
<arg>alias=${alias}</arg>
<arg>url=https://compassuol.serverest.dev</arg>
<arg>headers=${headers}</arg>
<doc>Create Session: create a HTTP session to a server</doc>
<status status="PASS" start="2025-06-05T17:08:37.509640" elapsed="0.001253"/>
</kw>
<status status="PASS" start="2025-06-05T17:08:37.508358" elapsed="0.002862"/>
</kw>
<kw name="Cadastrar o usuario criado na ServeRest" owner="test_login">
<kw name="Criar um usuario novo" owner="test_login">
<kw name="First Name" owner="FakerLibrary">
<msg time="2025-06-05T17:08:37.513401" level="INFO">${random_first_name} = Liam</msg>
<var>${random_first_name}</var>
<status status="PASS" start="2025-06-05T17:08:37.513181" elapsed="0.000268"/>
</kw>
<kw name="Last Name" owner="FakerLibrary">
<msg time="2025-06-05T17:08:37.513789" level="INFO">${random_last_name} = Farias</msg>
<var>${random_last_name}</var>
<status status="PASS" start="2025-06-05T17:08:37.513600" elapsed="0.000237"/>
</kw>
<kw name="Email" owner="FakerLibrary">
<msg time="2025-06-05T17:08:37.514262" level="INFO">${random_email} = maria-juliabrito@example.net</msg>
<var>${random_email}</var>
<status status="PASS" start="2025-06-05T17:08:37.513982" elapsed="0.000323"/>
</kw>
<kw name="Password" owner="FakerLibrary">
<msg time="2025-06-05T17:08:37.514663" level="INFO">${random_senha} = )3LsQUxhQD</msg>
<var>${random_senha}</var>
<doc>Generate a random password of the specified ``length``.</doc>
<status status="PASS" start="2025-06-05T17:08:37.514467" elapsed="0.000230"/>
</kw>
<kw name="Create Dictionary" owner="BuiltIn">
<msg time="2025-06-05T17:08:37.515282" level="INFO">${user} = {'nome': 'Liam Farias', 'email': 'maria-juliabrito@example.net', 'senha': ')3LsQUxhQD'}</msg>
<var>${user}</var>
<arg>nome=${random_first_name} ${random_last_name}</arg>
<arg>email=${random_email}</arg>
<arg>senha=${random_senha}</arg>
<doc>Creates and returns a dictionary based on the given ``items``.</doc>
<status status="PASS" start="2025-06-05T17:08:37.514843" elapsed="0.000478"/>
</kw>
<kw name="Set Global Variable" owner="BuiltIn">
<msg time="2025-06-05T17:08:37.515716" level="INFO">${user} = {'nome': 'Liam Farias', 'email': 'maria-juliabrito@example.net', 'senha': ')3LsQUxhQD'}</msg>
<arg>${user}</arg>
<doc>Makes a variable available globally in all tests and suites.</doc>
<status status="PASS" start="2025-06-05T17:08:37.515470" elapsed="0.000302"/>
</kw>
<status status="PASS" start="2025-06-05T17:08:37.512854" elapsed="0.003000"/>
</kw>
<kw name="Create Dictionary" owner="BuiltIn">
<msg time="2025-06-05T17:08:37.517526" level="INFO">${body} = {'nome': 'Liam Farias', 'email': 'maria-juliabrito@example.net', 'password': ')3LsQUxhQD', 'administrador': 'true'}</msg>
<var>${body}</var>
<arg>nome=${user.nome}</arg>
<arg>email=${user.email}</arg>
<arg>password=${user.senha}</arg>
<arg>administrador=true</arg>
<doc>Creates and returns a dictionary based on the given ``items``.</doc>
<status status="PASS" start="2025-06-05T17:08:37.515986" elapsed="0.001580"/>
</kw>
<kw name="POST On Session" owner="RequestsLibrary">
<msg time="2025-06-05T17:08:37.951079" level="INFO">POST Request : url=https://compassuol.serverest.dev/usuarios 
 path_url=/usuarios 
 headers={'User-Agent': 'python-requests/2.32.3', 'Accept-Encoding': 'gzip, deflate', 'Accept': '*/*', 'Connection': 'keep-alive', 'Content-Type': 'application/json', 'Content-Length': '115'} 
 body=b'{"nome": "Liam Farias", "email": "maria-juliabrito@example.net", "password": ")3LsQUxhQD", "administrador": "true"}' 
 </msg>
<msg time="2025-06-05T17:08:37.951345" level="INFO">POST Response : url=https://compassuol.serverest.dev/usuarios 
 status=201, reason=Created 
 headers={'access-control-allow-origin': '*', 'x-dns-prefetch-control': 'off', 'x-frame-options': 'SAMEORIGIN', 'strict-transport-security': 'max-age=15552000; includeSubDomains', 'x-download-options': 'noopen', 'x-content-type-options': 'nosniff', 'x-xss-protection': '1; mode=block', 'content-type': 'application/json; charset=utf-8', 'x-cloud-trace-context': 'a59564c281722ebacbe0984531cb7b56', 'date': 'Thu, 05 Jun 2025 20:08:38 GMT', 'server': 'Google Frontend', 'Content-Length': '82'} 
 body={
    "message": "Cadastro realizado com sucesso",
    "_id": "kgWtGToUi719Tfga"
} 
 </msg>
<msg time="2025-06-05T17:08:37.951561" level="INFO">C:\Program Files\Python313\Lib\site-packages\urllib3\connectionpool.py:1097: InsecureRequestWarning: Unverified HTTPS request is being made to host 'compassuol.serverest.dev'. Adding certificate verification is strongly advised. See: https://urllib3.readthedocs.io/en/latest/advanced-usage.html#tls-warnings
  warnings.warn(</msg>
<msg time="2025-06-05T17:08:37.954397" level="INFO">${response} = &lt;Response [201]&gt;</msg>
<var>${response}</var>
<arg>alias=${alias}</arg>
<arg>url=usuarios</arg>
<arg>json=${body}</arg>
<doc>Sends a POST request on a previously created HTTP Session.</doc>
<status status="PASS" start="2025-06-05T17:08:37.517714" elapsed="0.436828"/>
</kw>
<kw name="Log" owner="BuiltIn">
<msg time="2025-06-05T17:08:37.957787" level="INFO">Resposta Retornada: 
{
    "message": "Cadastro realizado com sucesso",
    "_id": "kgWtGToUi719Tfga"
}</msg>
<arg>Resposta Retornada: ${\n}${response.text}</arg>
<doc>Logs the given message with the given level.</doc>
<status status="PASS" start="2025-06-05T17:08:37.955198" elapsed="0.002821"/>
</kw>
<status status="PASS" start="2025-06-05T17:08:37.512210" elapsed="0.446075"/>
</kw>
<kw name="Realizar login com o usuario" owner="test_login">
<kw name="Create Dictionary" owner="BuiltIn">
<msg time="2025-06-05T17:08:37.961179" level="INFO">${body} = {'email': 'maria-juliabrito@example.net', 'password': ')3LsQUxhQD'}</msg>
<var>${body}</var>
<arg>email=${user.email}</arg>
<arg>password=${user.senha}</arg>
<doc>Creates and returns a dictionary based on the given ``items``.</doc>
<status status="PASS" start="2025-06-05T17:08:37.959469" elapsed="0.001771"/>
</kw>
<kw name="POST On Session" owner="RequestsLibrary">
<msg time="2025-06-05T17:08:38.145560" level="INFO">POST Request : url=https://compassuol.serverest.dev/login 
 path_url=/login 
 headers={'User-Agent': 'python-requests/2.32.3', 'Accept-Encoding': 'gzip, deflate', 'Accept': '*/*', 'Connection': 'keep-alive', 'Content-Type': 'application/json', 'Content-Length': '67'} 
 body=b'{"email": "maria-juliabrito@example.net", "password": ")3LsQUxhQD"}' 
 </msg>
<msg time="2025-06-05T17:08:38.145647" level="INFO">POST Response : url=https://compassuol.serverest.dev/login 
 status=200, reason=OK 
 headers={'access-control-allow-origin': '*', 'x-dns-prefetch-control': 'off', 'x-frame-options': 'SAMEORIGIN', 'strict-transport-security': 'max-age=15552000; includeSubDomains', 'x-download-options': 'noopen', 'x-content-type-options': 'nosniff', 'x-xss-protection': '1; mode=block', 'content-type': 'application/json; charset=utf-8', 'x-cloud-trace-context': 'e457ac5f3545f038cbe0984531cb7df3', 'date': 'Thu, 05 Jun 2025 20:08:38 GMT', 'server': 'Google Frontend', 'Content-Length': '292'} 
 body={
    "message": "Login realizado com sucesso",
    "authorization": "Bearer eyJhbGciOiJIUzI1NiIsInR5cCI6IkpXVCJ9.eyJlbWFpbCI6Im1hcmlhLWp1bGlhYnJpdG9AZXhhbXBsZS5uZXQiLCJwYXNzd29yZCI6IikzTHNRVXhoUUQiLCJpYXQiOjE3NDkxNTQxMTgsImV4cCI6MTc0OTE1NDcxOH0.3TTn9Df0Qv-3MaLfV8l8ph-ihaqLFN2kWOC54v_FV8U"
} 
 </msg>
<msg time="2025-06-05T17:08:38.145718" level="INFO">C:\Program Files\Python313\Lib\site-packages\urllib3\connectionpool.py:1097: InsecureRequestWarning: Unverified HTTPS request is being made to host 'compassuol.serverest.dev'. Adding certificate verification is strongly advised. See: https://urllib3.readthedocs.io/en/latest/advanced-usage.html#tls-warnings
  warnings.warn(</msg>
<msg time="2025-06-05T17:08:38.146118" level="INFO">${response} = &lt;Response [200]&gt;</msg>
<var>${response}</var>
<arg>alias=${alias}</arg>
<arg>url=login</arg>
<arg>json=${body}</arg>
<arg>expected_status=${status_code_desejado}</arg>
<doc>Sends a POST request on a previously created HTTP Session.</doc>
<status status="PASS" start="2025-06-05T17:08:37.961456" elapsed="0.184715"/>
</kw>
<kw name="Log" owner="BuiltIn">
<msg time="2025-06-05T17:08:38.147099" level="INFO">Resposta Retornada: 
{
    "message": "Login realizado com sucesso",
    "authorization": "Bearer eyJhbGciOiJIUzI1NiIsInR5cCI6IkpXVCJ9.eyJlbWFpbCI6Im1hcmlhLWp1bGlhYnJpdG9AZXhhbXBsZS5uZXQiLCJwYXNzd29yZCI6IikzTHNRVXhoUUQiLCJpYXQiOjE3NDkxNTQxMTgsImV4cCI6MTc0OTE1NDcxOH0.3TTn9Df0Qv-3MaLfV8l8ph-ihaqLFN2kWOC54v_FV8U"
}</msg>
<arg>Resposta Retornada: ${\n}${response.text}</arg>
<doc>Logs the given message with the given level.</doc>
<status status="PASS" start="2025-06-05T17:08:38.146386" elapsed="0.000773"/>
</kw>
<kw name="Dictionary Should Contain Item" owner="Collections">
<arg>${response.json()}</arg>
<arg>message</arg>
<arg>Login realizado com sucesso</arg>
<doc>An item of ``key`` / ``value`` must be found in a ``dictionary``.</doc>
<status status="PASS" start="2025-06-05T17:08:38.147278" elapsed="0.000605"/>
</kw>
<kw name="Get From Dictionary" owner="Collections">
<msg time="2025-06-05T17:08:38.148679" level="INFO">${token} = Bearer eyJhbGciOiJIUzI1NiIsInR5cCI6IkpXVCJ9.eyJlbWFpbCI6Im1hcmlhLWp1bGlhYnJpdG9AZXhhbXBsZS5uZXQiLCJwYXNzd29yZCI6IikzTHNRVXhoUUQiLCJpYXQiOjE3NDkxNTQxMTgsImV4cCI6MTc0OTE1NDcxOH0.3TTn9Df0Qv-3MaLfV8l8ph-i...</msg>
<var>${token}</var>
<arg>${response.json()}</arg>
<arg>authorization</arg>
<doc>Returns a value from the given ``dictionary`` based on the given ``key``.</doc>
<status status="PASS" start="2025-06-05T17:08:38.148023" elapsed="0.000685"/>
</kw>
<kw name="Set Global Variable" owner="BuiltIn">
<msg time="2025-06-05T17:08:38.148988" level="INFO">${token} = Bearer eyJhbGciOiJIUzI1NiIsInR5cCI6IkpXVCJ9.eyJlbWFpbCI6Im1hcmlhLWp1bGlhYnJpdG9AZXhhbXBsZS5uZXQiLCJwYXNzd29yZCI6IikzTHNRVXhoUUQiLCJpYXQiOjE3NDkxNTQxMTgsImV4cCI6MTc0OTE1NDcxOH0.3TTn9Df0Qv-3MaLfV8l8ph-i...</msg>
<arg>${token}</arg>
<doc>Makes a variable available globally in all tests and suites.</doc>
<status status="PASS" start="2025-06-05T17:08:38.148819" elapsed="0.000211"/>
</kw>
<arg>status_code_desejado=200</arg>
<status status="PASS" start="2025-06-05T17:08:37.958947" elapsed="0.190140"/>
</kw>
<kw name="Buscar carrinhos cadastrados" owner="test_cart">
<kw name="Create Dictionary" owner="BuiltIn">
<msg time="2025-06-05T17:08:38.149781" level="INFO">${headers} = {'Authorization': 'Bearer eyJhbGciOiJIUzI1NiIsInR5cCI6IkpXVCJ9.eyJlbWFpbCI6Im1hcmlhLWp1bGlhYnJpdG9AZXhhbXBsZS5uZXQiLCJwYXNzd29yZCI6IikzTHNRVXhoUUQiLCJpYXQiOjE3NDkxNTQxMTgsImV4cCI6MTc0OTE1NDcxOH0.3TTn9...</msg>
<var>${headers}</var>
<arg>Authorization=${token}</arg>
<doc>Creates and returns a dictionary based on the given ``items``.</doc>
<status status="PASS" start="2025-06-05T17:08:38.149591" elapsed="0.000217"/>
</kw>
<kw name="GET On Session" owner="RequestsLibrary">
<msg time="2025-06-05T17:08:38.353827" level="INFO">GET Request : url=https://compassuol.serverest.dev/carrinhos 
 path_url=/carrinhos 
 headers={'User-Agent': 'python-requests/2.32.3', 'Accept-Encoding': 'gzip, deflate', 'Accept': '*/*', 'Connection': 'keep-alive', 'Content-Type': 'application/json', 'Authorization': '*****'} 
 body=None 
 </msg>
<msg time="2025-06-05T17:08:38.353955" level="INFO">GET Response : url=https://compassuol.serverest.dev/carrinhos 
 status=200, reason=OK 
 headers={'access-control-allow-origin': '*', 'x-dns-prefetch-control': 'off', 'x-frame-options': 'SAMEORIGIN', 'strict-transport-security': 'max-age=15552000; includeSubDomains', 'x-download-options': 'noopen', 'x-content-type-options': 'nosniff', 'x-xss-protection': '1; mode=block', 'content-type': 'application/json; charset=utf-8', 'x-cloud-trace-context': '268181c0fef70b3ccbe0984531cb763e', 'date': 'Thu, 05 Jun 2025 20:08:38 GMT', 'server': 'Google Frontend', 'Content-Length': '3891'} 
 body={
    "quantidade": 10,
    "carrinhos": [
        {
            "produtos": [
                {
                    "idProduto": "ctt5Stm3FYrkLa2a",
                    "quantidade": "10",
                    "precoUnitario": 6661
                }
            ],
            "precoTotal": 66610,
            "quantidadeTotal": "010",
            "idUsuario": "YrkRN1eedP2Ma1Bv",
            "_id": "KrNskXcC4q9XnPic"
        },
        {
            "produtos": [
                {
                    "idProduto": "WuHrcy8VZAvYH35P",
                    "quantidade": "10",
                    "precoUnitario": 6661
                }
            ],
            "precoTotal": 66610,
            "quantidadeTotal": "010",
            "idUsuario": "p245YnqYccjwRqnr",
            "_id": "dZW41AQj31QVJG1j"
        },
        {
            "produtos": [
                {
                    "idProduto": "Ig3oRDj7T36whUDE",
                    "quantidade": 1,
                    "precoUnitario": 777
                }
            ],
            "precoTotal": 777,
            "quantidadeTotal": 1,
            "idUsuario": "bkTNACMy8iuS0d06",
            "_id": "h9tUZHfNSH76pOfx"
        },
        {
            "produtos": [
                {
                    "idProduto": "vL9cHVx4USnbAO40",
                    "quantidade": "10",
                    "precoUnitario": 6661
                }
            ],
            "precoTotal": 66610,
            "quantidadeTotal": "010",
            "idUsuario": "v4TRYSxp7MDKAVK8",
            "_id": "hS4DXE8LOILTcygt"
        },
        {
            "produtos": [
                {
                    "idProduto": "S4yXDgqQy7Oe9ZmQ",
                    "quantidade": "1",
                    "precoUnitario": 470
                }
            ],
            "precoTotal": 470,
            "quantidadeTotal": "01",
            "idUsuario": "1mBYf9upMQAmudo7",
            "_id": "iVMlT1XKLRUwWG6n"
        },
        {
            "produtos": [
                {
                    "idProduto": "mUUhD7AHTGbDyYpn",
                    "quantidade": 7755,
                    "precoUnitario": 3079
                }
            ],
            "precoTotal": 23877645,
            "quantidadeTotal": 7755,
            "idUsuario": "IGNmwCOc6RYnj08T",
            "_id": "kZ0QwfIZUWQY2Nib"
        },
        {
            "produtos": [
                {
                    "idProduto": "CKQ9UmdPFuKWjZFi",
                    "quantidade": "2",
                    "precoUnitario": 100
                }
            ],
            "precoTotal": 200,
            "quantidadeTotal": "02",
            "idUsuario": "gTdDoSerZNwhv4QI",
            "_id": "luPCiH0HmZbbDuhE"
        },
        {
            "produtos": [
                {
                    "idProduto": "BeeJh5lz3k6kSIzA",
                    "quantidade": "1",
                    "precoUnitario": 470
                }
            ],
            "precoTotal": 470,
            "quantidadeTotal": "01",
            "idUsuario": "0uxuPY0cbmQhpEz1",
            "_id": "nt1fe29oudJketQS"
        },
        {
            "produtos": [
                {
                    "idProduto": "jhROnqbUm5lVTZ8V",
                    "quantidade": "10",
                    "precoUnitario": 6661
                }
            ],
            "precoTotal": 66610,
            "quantidadeTotal": "010",
            "idUsuario": "VhBeM6IuMqNV7SZQ",
            "_id": "pYSpXVx3F4Tk1jIS"
        },
        {
            "produtos": [
                {
                    "idProduto": "LEoKEadb6tjjBkB3",
                    "quantidade": "1",
                    "precoUnitario": 470
                }
            ],
            "precoTotal": 470,
            "quantidadeTotal": "01",
            "idUsuario": "c9PdCJAacwBQyEkg",
            "_id": "wHj0vTOr8HjLYiYM"
        }
    ]
} 
 </msg>
<msg time="2025-06-05T17:08:38.354105" level="INFO">C:\Program Files\Python313\Lib\site-packages\urllib3\connectionpool.py:1097: InsecureRequestWarning: Unverified HTTPS request is being made to host 'compassuol.serverest.dev'. Adding certificate verification is strongly advised. See: https://urllib3.readthedocs.io/en/latest/advanced-usage.html#tls-warnings
  warnings.warn(</msg>
<msg time="2025-06-05T17:08:38.354651" level="INFO">${response_listacarts} = &lt;Response [200]&gt;</msg>
<var>${response_listacarts}</var>
<arg>alias=${alias}</arg>
<arg>url=carrinhos</arg>
<arg>headers=${headers}</arg>
<doc>Sends a GET request on a previously created HTTP Session.</doc>
<status status="PASS" start="2025-06-05T17:08:38.149906" elapsed="0.204812"/>
</kw>
<kw name="Set Suite Variable" owner="BuiltIn">
<msg time="2025-06-05T17:08:38.355351" level="INFO">${response_listacarts} = &lt;Response [200]&gt;</msg>
<arg>${response_listacarts}</arg>
<doc>Makes a variable available everywhere within the scope of the current suite.</doc>
<status status="PASS" start="2025-06-05T17:08:38.355011" elapsed="0.000411"/>
</kw>
<kw name="Set Test Variable" owner="BuiltIn">
<msg time="2025-06-05T17:08:38.357833" level="INFO">${response_body} = {'quantidade': 10, 'carrinhos': [{'produtos': [{'idProduto': 'ctt5Stm3FYrkLa2a', 'quantidade': '10', 'precoUnitario': 6661}], 'precoTotal': 66610, 'quantidadeTotal': '010', 'idUsuario': 'YrkRN1eedP2Ma...</msg>
<arg>${response_body}</arg>
<arg>${response_listacarts.json()}</arg>
<doc>Makes a variable available everywhere within the scope of the current test.</doc>
<status status="PASS" start="2025-06-05T17:08:38.355608" elapsed="0.002321"/>
</kw>
<status status="PASS" start="2025-06-05T17:08:38.149359" elapsed="0.208679"/>
</kw>
<kw name="Conferir os carrinhos cadastrados" owner="test_cart">
<for flavor="IN">
<iter>
<kw name="Set Variable" owner="BuiltIn">
<msg time="2025-06-05T17:08:38.360699" level="INFO">${qtde_total} = 0</msg>
<var>${qtde_total}</var>
<arg>${0}</arg>
<doc>Returns the given values which can then be assigned to a variables.</doc>
<status status="PASS" start="2025-06-05T17:08:38.360006" elapsed="0.000738"/>
</kw>
<kw name="Set Variable" owner="BuiltIn">
<msg time="2025-06-05T17:08:38.361581" level="INFO">${preco_total} = 0</msg>
<var>${preco_total}</var>
<arg>${0}</arg>
<doc>Returns the given values which can then be assigned to a variables.</doc>
<status status="PASS" start="2025-06-05T17:08:38.360919" elapsed="0.000706"/>
</kw>
<for flavor="IN">
<iter>
<kw name="Set Test Variable" owner="BuiltIn">
<msg time="2025-06-05T17:08:38.365279" level="INFO">${qtde} = 10</msg>
<arg>${qtde}</arg>
<arg>${prod['quantidade']}</arg>
<doc>Makes a variable available everywhere within the scope of the current test.</doc>
<status status="PASS" start="2025-06-05T17:08:38.362906" elapsed="0.002486"/>
</kw>
<kw name="Set Test Variable" owner="BuiltIn">
<msg time="2025-06-05T17:08:38.368129" level="INFO">${preco_unit} = 6661</msg>
<arg>${preco_unit}</arg>
<arg>${prod['precoUnitario']}</arg>
<doc>Makes a variable available everywhere within the scope of the current test.</doc>
<status status="PASS" start="2025-06-05T17:08:38.365627" elapsed="0.002601"/>
</kw>
<kw name="Evaluate" owner="BuiltIn">
<msg time="2025-06-05T17:08:38.370065" level="INFO">${qtde_total} = 10</msg>
<var>${qtde_total}</var>
<arg>${qtde_total} + ${prod['quantidade']}</arg>
<doc>Evaluates the given expression in Python and returns the result.</doc>
<status status="PASS" start="2025-06-05T17:08:38.368463" elapsed="0.001670"/>
</kw>
<kw name="Evaluate" owner="BuiltIn">
<msg time="2025-06-05T17:08:38.372198" level="INFO">${preco_total} = 66610</msg>
<var>${preco_total}</var>
<arg>(${preco_unit} * ${prod['quantidade']}) + ${preco_total}</arg>
<doc>Evaluates the given expression in Python and returns the result.</doc>
<status status="PASS" start="2025-06-05T17:08:38.370430" elapsed="0.001849"/>
</kw>
<var name="${prod}">{'idProduto': 'ctt5Stm3FYrkLa2a', 'quantidade': '10', 'precoUnitario': 6661}</var>
<status status="PASS" start="2025-06-05T17:08:38.362669" elapsed="0.009686"/>
</iter>
<var>${prod}</var>
<value>@{carrinho['produtos']}</value>
<status status="PASS" start="2025-06-05T17:08:38.361719" elapsed="0.010690"/>
</for>
<kw name="Set Test Variable" owner="BuiltIn">
<msg time="2025-06-05T17:08:38.372776" level="INFO">${qtde_total} = 10</msg>
<arg>${qtde_total}</arg>
<doc>Makes a variable available everywhere within the scope of the current test.</doc>
<status status="PASS" start="2025-06-05T17:08:38.372580" elapsed="0.000244"/>
</kw>
<kw name="Set Test Variable" owner="BuiltIn">
<msg time="2025-06-05T17:08:38.373068" level="INFO">${preco_total} = 66610</msg>
<arg>${preco_total}</arg>
<doc>Makes a variable available everywhere within the scope of the current test.</doc>
<status status="PASS" start="2025-06-05T17:08:38.372931" elapsed="0.000176"/>
</kw>
<kw name="Should Be Equal As Integers" owner="BuiltIn">
<msg time="2025-06-05T17:08:38.373657" level="INFO">Argument types are:
&lt;class 'str'&gt;
&lt;class 'int'&gt;</msg>
<arg>${carrinho['quantidadeTotal']}</arg>
<arg>${qtde_total}</arg>
<doc>Fails if objects are unequal after converting them to integers.</doc>
<status status="PASS" start="2025-06-05T17:08:38.373201" elapsed="0.000521"/>
</kw>
<kw name="Should Be Equal As Integers" owner="BuiltIn">
<arg>${carrinho['precoTotal']}</arg>
<arg>${preco_total}</arg>
<doc>Fails if objects are unequal after converting them to integers.</doc>
<status status="PASS" start="2025-06-05T17:08:38.373843" elapsed="0.000470"/>
</kw>
<var name="${carrinho}">{'produtos': [{'idProduto': 'ctt5Stm3FYrkLa2a', 'quantidade': '10', 'precoUnitario': 6661}], 'precoTotal': 66610, 'quantidadeTotal': '010', 'idUsuario': 'YrkRN1eedP2Ma1Bv', '_id': 'KrNskXcC4q9XnPic'}</var>
<status status="PASS" start="2025-06-05T17:08:38.359836" elapsed="0.014520"/>
</iter>
<iter>
<kw name="Set Variable" owner="BuiltIn">
<msg time="2025-06-05T17:08:38.374963" level="INFO">${qtde_total} = 0</msg>
<var>${qtde_total}</var>
<arg>${0}</arg>
<doc>Returns the given values which can then be assigned to a variables.</doc>
<status status="PASS" start="2025-06-05T17:08:38.374619" elapsed="0.000372"/>
</kw>
<kw name="Set Variable" owner="BuiltIn">
<msg time="2025-06-05T17:08:38.375423" level="INFO">${preco_total} = 0</msg>
<var>${preco_total}</var>
<arg>${0}</arg>
<doc>Returns the given values which can then be assigned to a variables.</doc>
<status status="PASS" start="2025-06-05T17:08:38.375093" elapsed="0.000358"/>
</kw>
<for flavor="IN">
<iter>
<kw name="Set Test Variable" owner="BuiltIn">
<msg time="2025-06-05T17:08:38.376529" level="INFO">${qtde} = 10</msg>
<arg>${qtde}</arg>
<arg>${prod['quantidade']}</arg>
<doc>Makes a variable available everywhere within the scope of the current test.</doc>
<status status="PASS" start="2025-06-05T17:08:38.376069" elapsed="0.000510"/>
</kw>
<kw name="Set Test Variable" owner="BuiltIn">
<msg time="2025-06-05T17:08:38.377400" level="INFO">${preco_unit} = 6661</msg>
<arg>${preco_unit}</arg>
<arg>${prod['precoUnitario']}</arg>
<doc>Makes a variable available everywhere within the scope of the current test.</doc>
<status status="PASS" start="2025-06-05T17:08:38.376703" elapsed="0.000764"/>
</kw>
<kw name="Evaluate" owner="BuiltIn">
<msg time="2025-06-05T17:08:38.378165" level="INFO">${qtde_total} = 10</msg>
<var>${qtde_total}</var>
<arg>${qtde_total} + ${prod['quantidade']}</arg>
<doc>Evaluates the given expression in Python and returns the result.</doc>
<status status="PASS" start="2025-06-05T17:08:38.377616" elapsed="0.000579"/>
</kw>
<kw name="Evaluate" owner="BuiltIn">
<msg time="2025-06-05T17:08:38.378845" level="INFO">${preco_total} = 66610</msg>
<var>${preco_total}</var>
<arg>(${preco_unit} * ${prod['quantidade']}) + ${preco_total}</arg>
<doc>Evaluates the given expression in Python and returns the result.</doc>
<status status="PASS" start="2025-06-05T17:08:38.378316" elapsed="0.000557"/>
</kw>
<var name="${prod}">{'idProduto': 'WuHrcy8VZAvYH35P', 'quantidade': '10', 'precoUnitario': 6661}</var>
<status status="PASS" start="2025-06-05T17:08:38.375954" elapsed="0.002994"/>
</iter>
<var>${prod}</var>
<value>@{carrinho['produtos']}</value>
<status status="PASS" start="2025-06-05T17:08:38.375505" elapsed="0.003618"/>
</for>
<kw name="Set Test Variable" owner="BuiltIn">
<msg time="2025-06-05T17:08:38.379418" level="INFO">${qtde_total} = 10</msg>
<arg>${qtde_total}</arg>
<doc>Makes a variable available everywhere within the scope of the current test.</doc>
<status status="PASS" start="2025-06-05T17:08:38.379255" elapsed="0.000210"/>
</kw>
<kw name="Set Test Variable" owner="BuiltIn">
<msg time="2025-06-05T17:08:38.379711" level="INFO">${preco_total} = 66610</msg>
<arg>${preco_total}</arg>
<doc>Makes a variable available everywhere within the scope of the current test.</doc>
<status status="PASS" start="2025-06-05T17:08:38.379572" elapsed="0.000177"/>
</kw>
<kw name="Should Be Equal As Integers" owner="BuiltIn">
<msg time="2025-06-05T17:08:38.380283" level="INFO">Argument types are:
&lt;class 'str'&gt;
&lt;class 'int'&gt;</msg>
<arg>${carrinho['quantidadeTotal']}</arg>
<arg>${qtde_total}</arg>
<doc>Fails if objects are unequal after converting them to integers.</doc>
<status status="PASS" start="2025-06-05T17:08:38.379860" elapsed="0.000487"/>
</kw>
<kw name="Should Be Equal As Integers" owner="BuiltIn">
<arg>${carrinho['precoTotal']}</arg>
<arg>${preco_total}</arg>
<doc>Fails if objects are unequal after converting them to integers.</doc>
<status status="PASS" start="2025-06-05T17:08:38.380450" elapsed="0.000458"/>
</kw>
<var name="${carrinho}">{'produtos': [{'idProduto': 'WuHrcy8VZAvYH35P', 'quantidade': '10', 'precoUnitario': 6661}], 'precoTotal': 66610, 'quantidadeTotal': '010', 'idUsuario': 'p245YnqYccjwRqnr', '_id': 'dZW41AQj31QVJG1j'}</var>
<status status="PASS" start="2025-06-05T17:08:38.374521" elapsed="0.006429"/>
</iter>
<iter>
<kw name="Set Variable" owner="BuiltIn">
<msg time="2025-06-05T17:08:38.381537" level="INFO">${qtde_total} = 0</msg>
<var>${qtde_total}</var>
<arg>${0}</arg>
<doc>Returns the given values which can then be assigned to a variables.</doc>
<status status="PASS" start="2025-06-05T17:08:38.381194" elapsed="0.000372"/>
</kw>
<kw name="Set Variable" owner="BuiltIn">
<msg time="2025-06-05T17:08:38.382079" level="INFO">${preco_total} = 0</msg>
<var>${preco_total}</var>
<arg>${0}</arg>
<doc>Returns the given values which can then be assigned to a variables.</doc>
<status status="PASS" start="2025-06-05T17:08:38.381675" elapsed="0.000447"/>
</kw>
<for flavor="IN">
<iter>
<kw name="Set Test Variable" owner="BuiltIn">
<msg time="2025-06-05T17:08:38.384130" level="INFO">${qtde} = 1</msg>
<arg>${qtde}</arg>
<arg>${prod['quantidade']}</arg>
<doc>Makes a variable available everywhere within the scope of the current test.</doc>
<status status="PASS" start="2025-06-05T17:08:38.383222" elapsed="0.000977"/>
</kw>
<kw name="Set Test Variable" owner="BuiltIn">
<msg time="2025-06-05T17:08:38.385272" level="INFO">${preco_unit} = 777</msg>
<arg>${preco_unit}</arg>
<arg>${prod['precoUnitario']}</arg>
<doc>Makes a variable available everywhere within the scope of the current test.</doc>
<status status="PASS" start="2025-06-05T17:08:38.384383" elapsed="0.000956"/>
</kw>
<kw name="Evaluate" owner="BuiltIn">
<msg time="2025-06-05T17:08:38.386736" level="INFO">${qtde_total} = 1</msg>
<var>${qtde_total}</var>
<arg>${qtde_total} + ${prod['quantidade']}</arg>
<doc>Evaluates the given expression in Python and returns the result.</doc>
<status status="PASS" start="2025-06-05T17:08:38.385511" elapsed="0.001319"/>
</kw>
<kw name="Evaluate" owner="BuiltIn">
<msg time="2025-06-05T17:08:38.388528" level="INFO">${preco_total} = 777</msg>
<var>${preco_total}</var>
<arg>(${preco_unit} * ${prod['quantidade']}) + ${preco_total}</arg>
<doc>Evaluates the given expression in Python and returns the result.</doc>
<status status="PASS" start="2025-06-05T17:08:38.387227" elapsed="0.001350"/>
</kw>
<var name="${prod}">{'idProduto': 'Ig3oRDj7T36whUDE', 'quantidade': 1, 'precoUnitario': 777}</var>
<status status="PASS" start="2025-06-05T17:08:38.383073" elapsed="0.005576"/>
</iter>
<var>${prod}</var>
<value>@{carrinho['produtos']}</value>
<status status="PASS" start="2025-06-05T17:08:38.382208" elapsed="0.006508"/>
</for>
<kw name="Set Test Variable" owner="BuiltIn">
<msg time="2025-06-05T17:08:38.389204" level="INFO">${qtde_total} = 1</msg>
<arg>${qtde_total}</arg>
<doc>Makes a variable available everywhere within the scope of the current test.</doc>
<status status="PASS" start="2025-06-05T17:08:38.388931" elapsed="0.000342"/>
</kw>
<kw name="Set Test Variable" owner="BuiltIn">
<msg time="2025-06-05T17:08:38.389717" level="INFO">${preco_total} = 777</msg>
<arg>${preco_total}</arg>
<doc>Makes a variable available everywhere within the scope of the current test.</doc>
<status status="PASS" start="2025-06-05T17:08:38.389470" elapsed="0.000305"/>
</kw>
<kw name="Should Be Equal As Integers" owner="BuiltIn">
<arg>${carrinho['quantidadeTotal']}</arg>
<arg>${qtde_total}</arg>
<doc>Fails if objects are unequal after converting them to integers.</doc>
<status status="PASS" start="2025-06-05T17:08:38.389935" elapsed="0.000886"/>
</kw>
<kw name="Should Be Equal As Integers" owner="BuiltIn">
<arg>${carrinho['precoTotal']}</arg>
<arg>${preco_total}</arg>
<doc>Fails if objects are unequal after converting them to integers.</doc>
<status status="PASS" start="2025-06-05T17:08:38.391007" elapsed="0.000987"/>
</kw>
<var name="${carrinho}">{'produtos': [{'idProduto': 'Ig3oRDj7T36whUDE', 'quantidade': 1, 'precoUnitario': 777}], 'precoTotal': 777, 'quantidadeTotal': 1, 'idUsuario': 'bkTNACMy8iuS0d06', '_id': 'h9tUZHfNSH76pOfx'}</var>
<status status="PASS" start="2025-06-05T17:08:38.381111" elapsed="0.010954"/>
</iter>
<iter>
<kw name="Set Variable" owner="BuiltIn">
<msg time="2025-06-05T17:08:38.393584" level="INFO">${qtde_total} = 0</msg>
<var>${qtde_total}</var>
<arg>${0}</arg>
<doc>Returns the given values which can then be assigned to a variables.</doc>
<status status="PASS" start="2025-06-05T17:08:38.392636" elapsed="0.001016"/>
</kw>
<kw name="Set Variable" owner="BuiltIn">
<msg time="2025-06-05T17:08:38.394812" level="INFO">${preco_total} = 0</msg>
<var>${preco_total}</var>
<arg>${0}</arg>
<doc>Returns the given values which can then be assigned to a variables.</doc>
<status status="PASS" start="2025-06-05T17:08:38.393940" elapsed="0.000928"/>
</kw>
<for flavor="IN">
<iter>
<kw name="Set Test Variable" owner="BuiltIn">
<msg time="2025-06-05T17:08:38.397135" level="INFO">${qtde} = 10</msg>
<arg>${qtde}</arg>
<arg>${prod['quantidade']}</arg>
<doc>Makes a variable available everywhere within the scope of the current test.</doc>
<status status="PASS" start="2025-06-05T17:08:38.396125" elapsed="0.001094"/>
</kw>
<kw name="Set Test Variable" owner="BuiltIn">
<msg time="2025-06-05T17:08:38.399331" level="INFO">${preco_unit} = 6661</msg>
<arg>${preco_unit}</arg>
<arg>${prod['precoUnitario']}</arg>
<doc>Makes a variable available everywhere within the scope of the current test.</doc>
<status status="PASS" start="2025-06-05T17:08:38.397439" elapsed="0.002005"/>
</kw>
<kw name="Evaluate" owner="BuiltIn">
<msg time="2025-06-05T17:08:38.400317" level="INFO">${qtde_total} = 10</msg>
<var>${qtde_total}</var>
<arg>${qtde_total} + ${prod['quantidade']}</arg>
<doc>Evaluates the given expression in Python and returns the result.</doc>
<status status="PASS" start="2025-06-05T17:08:38.399688" elapsed="0.000665"/>
</kw>
<kw name="Evaluate" owner="BuiltIn">
<msg time="2025-06-05T17:08:38.401040" level="INFO">${preco_total} = 66610</msg>
<var>${preco_total}</var>
<arg>(${preco_unit} * ${prod['quantidade']}) + ${preco_total}</arg>
<doc>Evaluates the given expression in Python and returns the result.</doc>
<status status="PASS" start="2025-06-05T17:08:38.400480" elapsed="0.000588"/>
</kw>
<var name="${prod}">{'idProduto': 'vL9cHVx4USnbAO40', 'quantidade': '10', 'precoUnitario': 6661}</var>
<status status="PASS" start="2025-06-05T17:08:38.395949" elapsed="0.005159"/>
</iter>
<var>${prod}</var>
<value>@{carrinho['produtos']}</value>
<status status="PASS" start="2025-06-05T17:08:38.394975" elapsed="0.006227"/>
</for>
<kw name="Set Test Variable" owner="BuiltIn">
<msg time="2025-06-05T17:08:38.401486" level="INFO">${qtde_total} = 10</msg>
<arg>${qtde_total}</arg>
<doc>Makes a variable available everywhere within the scope of the current test.</doc>
<status status="PASS" start="2025-06-05T17:08:38.401330" elapsed="0.000196"/>
</kw>
<kw name="Set Test Variable" owner="BuiltIn">
<msg time="2025-06-05T17:08:38.401768" level="INFO">${preco_total} = 66610</msg>
<arg>${preco_total}</arg>
<doc>Makes a variable available everywhere within the scope of the current test.</doc>
<status status="PASS" start="2025-06-05T17:08:38.401626" elapsed="0.000180"/>
</kw>
<kw name="Should Be Equal As Integers" owner="BuiltIn">
<msg time="2025-06-05T17:08:38.402309" level="INFO">Argument types are:
&lt;class 'str'&gt;
&lt;class 'int'&gt;</msg>
<arg>${carrinho['quantidadeTotal']}</arg>
<arg>${qtde_total}</arg>
<doc>Fails if objects are unequal after converting them to integers.</doc>
<status status="PASS" start="2025-06-05T17:08:38.401899" elapsed="0.000465"/>
</kw>
<kw name="Should Be Equal As Integers" owner="BuiltIn">
<arg>${carrinho['precoTotal']}</arg>
<arg>${preco_total}</arg>
<doc>Fails if objects are unequal after converting them to integers.</doc>
<status status="PASS" start="2025-06-05T17:08:38.402473" elapsed="0.001867"/>
</kw>
<var name="${carrinho}">{'produtos': [{'idProduto': 'vL9cHVx4USnbAO40', 'quantidade': '10', 'precoUnitario': 6661}], 'precoTotal': 66610, 'quantidadeTotal': '010', 'idUsuario': 'v4TRYSxp7MDKAVK8', '_id': 'hS4DXE8LOILTcygt'}</var>
<status status="PASS" start="2025-06-05T17:08:38.392441" elapsed="0.012095"/>
</iter>
<iter>
<kw name="Set Variable" owner="BuiltIn">
<msg time="2025-06-05T17:08:38.405746" level="INFO">${qtde_total} = 0</msg>
<var>${qtde_total}</var>
<arg>${0}</arg>
<doc>Returns the given values which can then be assigned to a variables.</doc>
<status status="PASS" start="2025-06-05T17:08:38.405327" elapsed="0.000451"/>
</kw>
<kw name="Set Variable" owner="BuiltIn">
<msg time="2025-06-05T17:08:38.406256" level="INFO">${preco_total} = 0</msg>
<var>${preco_total}</var>
<arg>${0}</arg>
<doc>Returns the given values which can then be assigned to a variables.</doc>
<status status="PASS" start="2025-06-05T17:08:38.405896" elapsed="0.000387"/>
</kw>
<for flavor="IN">
<iter>
<kw name="Set Test Variable" owner="BuiltIn">
<msg time="2025-06-05T17:08:38.407334" level="INFO">${qtde} = 1</msg>
<arg>${qtde}</arg>
<arg>${prod['quantidade']}</arg>
<doc>Makes a variable available everywhere within the scope of the current test.</doc>
<status status="PASS" start="2025-06-05T17:08:38.406874" elapsed="0.000506"/>
</kw>
<kw name="Set Test Variable" owner="BuiltIn">
<msg time="2025-06-05T17:08:38.408167" level="INFO">${preco_unit} = 470</msg>
<arg>${preco_unit}</arg>
<arg>${prod['precoUnitario']}</arg>
<doc>Makes a variable available everywhere within the scope of the current test.</doc>
<status status="PASS" start="2025-06-05T17:08:38.407504" elapsed="0.000714"/>
</kw>
<kw name="Evaluate" owner="BuiltIn">
<msg time="2025-06-05T17:08:38.408855" level="INFO">${qtde_total} = 1</msg>
<var>${qtde_total}</var>
<arg>${qtde_total} + ${prod['quantidade']}</arg>
<doc>Evaluates the given expression in Python and returns the result.</doc>
<status status="PASS" start="2025-06-05T17:08:38.408335" elapsed="0.000547"/>
</kw>
<kw name="Evaluate" owner="BuiltIn">
<msg time="2025-06-05T17:08:38.409515" level="INFO">${preco_total} = 470</msg>
<var>${preco_total}</var>
<arg>(${preco_unit} * ${prod['quantidade']}) + ${preco_total}</arg>
<doc>Evaluates the given expression in Python and returns the result.</doc>
<status status="PASS" start="2025-06-05T17:08:38.409001" elapsed="0.000541"/>
</kw>
<var name="${prod}">{'idProduto': 'S4yXDgqQy7Oe9ZmQ', 'quantidade': '1', 'precoUnitario': 470}</var>
<status status="PASS" start="2025-06-05T17:08:38.406778" elapsed="0.002808"/>
</iter>
<var>${prod}</var>
<value>@{carrinho['produtos']}</value>
<status status="PASS" start="2025-06-05T17:08:38.406341" elapsed="0.003278"/>
</for>
<kw name="Set Test Variable" owner="BuiltIn">
<msg time="2025-06-05T17:08:38.409880" level="INFO">${qtde_total} = 1</msg>
<arg>${qtde_total}</arg>
<doc>Makes a variable available everywhere within the scope of the current test.</doc>
<status status="PASS" start="2025-06-05T17:08:38.409729" elapsed="0.000190"/>
</kw>
<kw name="Set Test Variable" owner="BuiltIn">
<msg time="2025-06-05T17:08:38.410156" level="INFO">${preco_total} = 470</msg>
<arg>${preco_total}</arg>
<doc>Makes a variable available everywhere within the scope of the current test.</doc>
<status status="PASS" start="2025-06-05T17:08:38.410022" elapsed="0.000177"/>
</kw>
<kw name="Should Be Equal As Integers" owner="BuiltIn">
<msg time="2025-06-05T17:08:38.410701" level="INFO">Argument types are:
&lt;class 'str'&gt;
&lt;class 'int'&gt;</msg>
<arg>${carrinho['quantidadeTotal']}</arg>
<arg>${qtde_total}</arg>
<doc>Fails if objects are unequal after converting them to integers.</doc>
<status status="PASS" start="2025-06-05T17:08:38.410290" elapsed="0.000471"/>
</kw>
<kw name="Should Be Equal As Integers" owner="BuiltIn">
<arg>${carrinho['precoTotal']}</arg>
<arg>${preco_total}</arg>
<doc>Fails if objects are unequal after converting them to integers.</doc>
<status status="PASS" start="2025-06-05T17:08:38.410863" elapsed="0.000449"/>
</kw>
<var name="${carrinho}">{'produtos': [{'idProduto': 'S4yXDgqQy7Oe9ZmQ', 'quantidade': '1', 'precoUnitario': 470}], 'precoTotal': 470, 'quantidadeTotal': '01', 'idUsuario': '1mBYf9upMQAmudo7', '_id': 'iVMlT1XKLRUwWG6n'}</var>
<status status="PASS" start="2025-06-05T17:08:38.405191" elapsed="0.006164"/>
</iter>
<iter>
<kw name="Set Variable" owner="BuiltIn">
<msg time="2025-06-05T17:08:38.411935" level="INFO">${qtde_total} = 0</msg>
<var>${qtde_total}</var>
<arg>${0}</arg>
<doc>Returns the given values which can then be assigned to a variables.</doc>
<status status="PASS" start="2025-06-05T17:08:38.411597" elapsed="0.000374"/>
</kw>
<kw name="Set Variable" owner="BuiltIn">
<msg time="2025-06-05T17:08:38.412409" level="INFO">${preco_total} = 0</msg>
<var>${preco_total}</var>
<arg>${0}</arg>
<doc>Returns the given values which can then be assigned to a variables.</doc>
<status status="PASS" start="2025-06-05T17:08:38.412074" elapsed="0.000361"/>
</kw>
<for flavor="IN">
<iter>
<kw name="Set Test Variable" owner="BuiltIn">
<msg time="2025-06-05T17:08:38.420845" level="INFO">${qtde} = 7755</msg>
<arg>${qtde}</arg>
<arg>${prod['quantidade']}</arg>
<doc>Makes a variable available everywhere within the scope of the current test.</doc>
<status status="PASS" start="2025-06-05T17:08:38.419352" elapsed="0.001639"/>
</kw>
<kw name="Set Test Variable" owner="BuiltIn">
<msg time="2025-06-05T17:08:38.422106" level="INFO">${preco_unit} = 3079</msg>
<arg>${preco_unit}</arg>
<arg>${prod['precoUnitario']}</arg>
<doc>Makes a variable available everywhere within the scope of the current test.</doc>
<status status="PASS" start="2025-06-05T17:08:38.421385" elapsed="0.000785"/>
</kw>
<kw name="Evaluate" owner="BuiltIn">
<msg time="2025-06-05T17:08:38.422899" level="INFO">${qtde_total} = 7755</msg>
<var>${qtde_total}</var>
<arg>${qtde_total} + ${prod['quantidade']}</arg>
<doc>Evaluates the given expression in Python and returns the result.</doc>
<status status="PASS" start="2025-06-05T17:08:38.422308" elapsed="0.000624"/>
</kw>
<kw name="Evaluate" owner="BuiltIn">
<msg time="2025-06-05T17:08:38.423786" level="INFO">${preco_total} = 23877645</msg>
<var>${preco_total}</var>
<arg>(${preco_unit} * ${prod['quantidade']}) + ${preco_total}</arg>
<doc>Evaluates the given expression in Python and returns the result.</doc>
<status status="PASS" start="2025-06-05T17:08:38.423073" elapsed="0.000747"/>
</kw>
<var name="${prod}">{'idProduto': 'mUUhD7AHTGbDyYpn', 'quantidade': 7755, 'precoUnitario': 3079}</var>
<status status="PASS" start="2025-06-05T17:08:38.418990" elapsed="0.004876"/>
</iter>
<var>${prod}</var>
<value>@{carrinho['produtos']}</value>
<status status="PASS" start="2025-06-05T17:08:38.412492" elapsed="0.011478"/>
</for>
<kw name="Set Test Variable" owner="BuiltIn">
<msg time="2025-06-05T17:08:38.424250" level="INFO">${qtde_total} = 7755</msg>
<arg>${qtde_total}</arg>
<doc>Makes a variable available everywhere within the scope of the current test.</doc>
<status status="PASS" start="2025-06-05T17:08:38.424087" elapsed="0.000202"/>
</kw>
<kw name="Set Test Variable" owner="BuiltIn">
<msg time="2025-06-05T17:08:38.424531" level="INFO">${preco_total} = 23877645</msg>
<arg>${preco_total}</arg>
<doc>Makes a variable available everywhere within the scope of the current test.</doc>
<status status="PASS" start="2025-06-05T17:08:38.424387" elapsed="0.000182"/>
</kw>
<kw name="Should Be Equal As Integers" owner="BuiltIn">
<arg>${carrinho['quantidadeTotal']}</arg>
<arg>${qtde_total}</arg>
<doc>Fails if objects are unequal after converting them to integers.</doc>
<status status="PASS" start="2025-06-05T17:08:38.424663" elapsed="0.000633"/>
</kw>
<kw name="Should Be Equal As Integers" owner="BuiltIn">
<arg>${carrinho['precoTotal']}</arg>
<arg>${preco_total}</arg>
<doc>Fails if objects are unequal after converting them to integers.</doc>
<status status="PASS" start="2025-06-05T17:08:38.425421" elapsed="0.000643"/>
</kw>
<var name="${carrinho}">{'produtos': [{'idProduto': 'mUUhD7AHTGbDyYpn', 'quantidade': 7755, 'precoUnitario': 3079}], 'precoTotal': 23877645, 'quantidadeTotal': 7755, 'idUsuario': 'IGNmwCOc6RYnj08T', '_id': 'kZ0QwfIZUWQY2Nib'...</var>
<status status="PASS" start="2025-06-05T17:08:38.411517" elapsed="0.014595"/>
</iter>
<iter>
<kw name="Set Variable" owner="BuiltIn">
<msg time="2025-06-05T17:08:38.426736" level="INFO">${qtde_total} = 0</msg>
<var>${qtde_total}</var>
<arg>${0}</arg>
<doc>Returns the given values which can then be assigned to a variables.</doc>
<status status="PASS" start="2025-06-05T17:08:38.426375" elapsed="0.000391"/>
</kw>
<kw name="Set Variable" owner="BuiltIn">
<msg time="2025-06-05T17:08:38.427373" level="INFO">${preco_total} = 0</msg>
<var>${preco_total}</var>
<arg>${0}</arg>
<doc>Returns the given values which can then be assigned to a variables.</doc>
<status status="PASS" start="2025-06-05T17:08:38.426889" elapsed="0.000513"/>
</kw>
<for flavor="IN">
<iter>
<kw name="Set Test Variable" owner="BuiltIn">
<msg time="2025-06-05T17:08:38.428605" level="INFO">${qtde} = 2</msg>
<arg>${qtde}</arg>
<arg>${prod['quantidade']}</arg>
<doc>Makes a variable available everywhere within the scope of the current test.</doc>
<status status="PASS" start="2025-06-05T17:08:38.428168" elapsed="0.000482"/>
</kw>
<kw name="Set Test Variable" owner="BuiltIn">
<msg time="2025-06-05T17:08:38.429443" level="INFO">${preco_unit} = 100</msg>
<arg>${preco_unit}</arg>
<arg>${prod['precoUnitario']}</arg>
<doc>Makes a variable available everywhere within the scope of the current test.</doc>
<status status="PASS" start="2025-06-05T17:08:38.428808" elapsed="0.000685"/>
</kw>
<kw name="Evaluate" owner="BuiltIn">
<msg time="2025-06-05T17:08:38.430321" level="INFO">${qtde_total} = 2</msg>
<var>${qtde_total}</var>
<arg>${qtde_total} + ${prod['quantidade']}</arg>
<doc>Evaluates the given expression in Python and returns the result.</doc>
<status status="PASS" start="2025-06-05T17:08:38.429620" elapsed="0.000732"/>
</kw>
<kw name="Evaluate" owner="BuiltIn">
<msg time="2025-06-05T17:08:38.431123" level="INFO">${preco_total} = 200</msg>
<var>${preco_total}</var>
<arg>(${preco_unit} * ${prod['quantidade']}) + ${preco_total}</arg>
<doc>Evaluates the given expression in Python and returns the result.</doc>
<status status="PASS" start="2025-06-05T17:08:38.430464" elapsed="0.000689"/>
</kw>
<var name="${prod}">{'idProduto': 'CKQ9UmdPFuKWjZFi', 'quantidade': '2', 'precoUnitario': 100}</var>
<status status="PASS" start="2025-06-05T17:08:38.428071" elapsed="0.003129"/>
</iter>
<var>${prod}</var>
<value>@{carrinho['produtos']}</value>
<status status="PASS" start="2025-06-05T17:08:38.427466" elapsed="0.003773"/>
</for>
<kw name="Set Test Variable" owner="BuiltIn">
<msg time="2025-06-05T17:08:38.431535" level="INFO">${qtde_total} = 2</msg>
<arg>${qtde_total}</arg>
<doc>Makes a variable available everywhere within the scope of the current test.</doc>
<status status="PASS" start="2025-06-05T17:08:38.431360" elapsed="0.000217"/>
</kw>
<kw name="Set Test Variable" owner="BuiltIn">
<msg time="2025-06-05T17:08:38.431874" level="INFO">${preco_total} = 200</msg>
<arg>${preco_total}</arg>
<doc>Makes a variable available everywhere within the scope of the current test.</doc>
<status status="PASS" start="2025-06-05T17:08:38.431704" elapsed="0.000212"/>
</kw>
<kw name="Should Be Equal As Integers" owner="BuiltIn">
<msg time="2025-06-05T17:08:38.432555" level="INFO">Argument types are:
&lt;class 'str'&gt;
&lt;class 'int'&gt;</msg>
<arg>${carrinho['quantidadeTotal']}</arg>
<arg>${qtde_total}</arg>
<doc>Fails if objects are unequal after converting them to integers.</doc>
<status status="PASS" start="2025-06-05T17:08:38.432029" elapsed="0.000582"/>
</kw>
<kw name="Should Be Equal As Integers" owner="BuiltIn">
<arg>${carrinho['precoTotal']}</arg>
<arg>${preco_total}</arg>
<doc>Fails if objects are unequal after converting them to integers.</doc>
<status status="PASS" start="2025-06-05T17:08:38.432725" elapsed="0.000437"/>
</kw>
<var name="${carrinho}">{'produtos': [{'idProduto': 'CKQ9UmdPFuKWjZFi', 'quantidade': '2', 'precoUnitario': 100}], 'precoTotal': 200, 'quantidadeTotal': '02', 'idUsuario': 'gTdDoSerZNwhv4QI', '_id': 'luPCiH0HmZbbDuhE'}</var>
<status status="PASS" start="2025-06-05T17:08:38.426294" elapsed="0.006910"/>
</iter>
<iter>
<kw name="Set Variable" owner="BuiltIn">
<msg time="2025-06-05T17:08:38.433807" level="INFO">${qtde_total} = 0</msg>
<var>${qtde_total}</var>
<arg>${0}</arg>
<doc>Returns the given values which can then be assigned to a variables.</doc>
<status status="PASS" start="2025-06-05T17:08:38.433428" elapsed="0.000408"/>
</kw>
<kw name="Set Variable" owner="BuiltIn">
<msg time="2025-06-05T17:08:38.434277" level="INFO">${preco_total} = 0</msg>
<var>${preco_total}</var>
<arg>${0}</arg>
<doc>Returns the given values which can then be assigned to a variables.</doc>
<status status="PASS" start="2025-06-05T17:08:38.433949" elapsed="0.000353"/>
</kw>
<for flavor="IN">
<iter>
<kw name="Set Test Variable" owner="BuiltIn">
<msg time="2025-06-05T17:08:38.435504" level="INFO">${qtde} = 1</msg>
<arg>${qtde}</arg>
<arg>${prod['quantidade']}</arg>
<doc>Makes a variable available everywhere within the scope of the current test.</doc>
<status status="PASS" start="2025-06-05T17:08:38.434869" elapsed="0.000684"/>
</kw>
<kw name="Set Test Variable" owner="BuiltIn">
<msg time="2025-06-05T17:08:38.436922" level="INFO">${preco_unit} = 470</msg>
<arg>${preco_unit}</arg>
<arg>${prod['precoUnitario']}</arg>
<doc>Makes a variable available everywhere within the scope of the current test.</doc>
<status status="PASS" start="2025-06-05T17:08:38.435690" elapsed="0.001353"/>
</kw>
<kw name="Evaluate" owner="BuiltIn">
<msg time="2025-06-05T17:08:38.438766" level="INFO">${qtde_total} = 1</msg>
<var>${qtde_total}</var>
<arg>${qtde_total} + ${prod['quantidade']}</arg>
<doc>Evaluates the given expression in Python and returns the result.</doc>
<status status="PASS" start="2025-06-05T17:08:38.437351" elapsed="0.001476"/>
</kw>
<kw name="Evaluate" owner="BuiltIn">
<msg time="2025-06-05T17:08:38.440394" level="INFO">${preco_total} = 470</msg>
<var>${preco_total}</var>
<arg>(${preco_unit} * ${prod['quantidade']}) + ${preco_total}</arg>
<doc>Evaluates the given expression in Python and returns the result.</doc>
<status status="PASS" start="2025-06-05T17:08:38.439098" elapsed="0.001350"/>
</kw>
<var name="${prod}">{'idProduto': 'BeeJh5lz3k6kSIzA', 'quantidade': '1', 'precoUnitario': 470}</var>
<status status="PASS" start="2025-06-05T17:08:38.434772" elapsed="0.005757"/>
</iter>
<var>${prod}</var>
<value>@{carrinho['produtos']}</value>
<status status="PASS" start="2025-06-05T17:08:38.434355" elapsed="0.006346"/>
</for>
<kw name="Set Test Variable" owner="BuiltIn">
<msg time="2025-06-05T17:08:38.441270" level="INFO">${qtde_total} = 1</msg>
<arg>${qtde_total}</arg>
<doc>Makes a variable available everywhere within the scope of the current test.</doc>
<status status="PASS" start="2025-06-05T17:08:38.440950" elapsed="0.000401"/>
</kw>
<kw name="Set Test Variable" owner="BuiltIn">
<msg time="2025-06-05T17:08:38.441873" level="INFO">${preco_total} = 470</msg>
<arg>${preco_total}</arg>
<doc>Makes a variable available everywhere within the scope of the current test.</doc>
<status status="PASS" start="2025-06-05T17:08:38.441567" elapsed="0.000379"/>
</kw>
<kw name="Should Be Equal As Integers" owner="BuiltIn">
<msg time="2025-06-05T17:08:38.443169" level="INFO">Argument types are:
&lt;class 'str'&gt;
&lt;class 'int'&gt;</msg>
<arg>${carrinho['quantidadeTotal']}</arg>
<arg>${qtde_total}</arg>
<doc>Fails if objects are unequal after converting them to integers.</doc>
<status status="PASS" start="2025-06-05T17:08:38.442144" elapsed="0.001128"/>
</kw>
<kw name="Should Be Equal As Integers" owner="BuiltIn">
<arg>${carrinho['precoTotal']}</arg>
<arg>${preco_total}</arg>
<doc>Fails if objects are unequal after converting them to integers.</doc>
<status status="PASS" start="2025-06-05T17:08:38.443481" elapsed="0.001059"/>
</kw>
<var name="${carrinho}">{'produtos': [{'idProduto': 'BeeJh5lz3k6kSIzA', 'quantidade': '1', 'precoUnitario': 470}], 'precoTotal': 470, 'quantidadeTotal': '01', 'idUsuario': '0uxuPY0cbmQhpEz1', '_id': 'nt1fe29oudJketQS'}</var>
<status status="PASS" start="2025-06-05T17:08:38.433349" elapsed="0.011274"/>
</iter>
<iter>
<kw name="Set Variable" owner="BuiltIn">
<msg time="2025-06-05T17:08:38.445973" level="INFO">${qtde_total} = 0</msg>
<var>${qtde_total}</var>
<arg>${0}</arg>
<doc>Returns the given values which can then be assigned to a variables.</doc>
[...]
 body={
    "message": "Registro excluído com sucesso"
} 
 </msg>
<msg time="2025-06-05T17:08:48.787239" level="INFO">C:\Program Files\Python313\Lib\site-packages\urllib3\connectionpool.py:1097: InsecureRequestWarning: Unverified HTTPS request is being made to host 'compassuol.serverest.dev'. Adding certificate verification is strongly advised. See: https://urllib3.readthedocs.io/en/latest/advanced-usage.html#tls-warnings
  warnings.warn(</msg>
<msg time="2025-06-05T17:08:48.789179" level="INFO">${response_consult} = &lt;Response [200]&gt;</msg>
<var>${response_consult}</var>
<arg>alias=ServeRest</arg>
<arg>url=/usuarios/${id_user}</arg>
<doc>Sends a DELETE request on a previously created HTTP Session.</doc>
<status status="PASS" start="2025-06-05T17:08:48.582899" elapsed="0.206585"/>
</kw>
<kw name="Set Test Variable" owner="BuiltIn">
<msg time="2025-06-05T17:08:48.797239" level="INFO">${resp_delete} = {'message': 'Registro excluído com sucesso'}</msg>
<arg>${resp_delete}</arg>
<arg>${response_consult.json()}</arg>
<doc>Makes a variable available everywhere within the scope of the current test.</doc>
<status status="PASS" start="2025-06-05T17:08:48.790551" elapsed="0.006987"/>
</kw>
<status status="PASS" start="2025-06-05T17:08:48.581786" elapsed="0.216158"/>
</kw>
<kw name="Conferir se o usuario foi realmente deletado" owner="test_user">
<kw name="Dictionary Should Contain Item" owner="Collections">
<arg>${resp_delete}</arg>
<arg>message</arg>
<arg>Registro excluído com sucesso</arg>
<doc>An item of ``key`` / ``value`` must be found in a ``dictionary``.</doc>
<status status="PASS" start="2025-06-05T17:08:48.799712" elapsed="0.000479"/>
</kw>
<status status="PASS" start="2025-06-05T17:08:48.798947" elapsed="0.001450"/>
</kw>
<status status="PASS" start="2025-06-05T17:08:47.902950" elapsed="0.898501"/>
</test>
<test id="s1-s1-s4-t5" name="Cenário 05: Editar usuario" line="30">
<kw name="Criar um usuario novo" owner="test_user">
<kw name="Generate Random String" owner="String">
<msg time="2025-06-05T17:08:48.806511" level="INFO">${random_word} = fuOC</msg>
<var>${random_word}</var>
<arg>length=4</arg>
<arg>chars=[LETTERS]</arg>
<doc>Generates a string with a desired ``length`` from the given ``chars``.</doc>
<status status="PASS" start="2025-06-05T17:08:48.805620" elapsed="0.001024"/>
</kw>
<kw name="Convert To Lower Case" owner="String">
<msg time="2025-06-05T17:08:48.808002" level="INFO">${random_word} = fuoc</msg>
<var>${random_word}</var>
<arg>${random_word}</arg>
<doc>Converts string to lower case.</doc>
<status status="PASS" start="2025-06-05T17:08:48.807393" elapsed="0.000715"/>
</kw>
<kw name="Set Test Variable" owner="BuiltIn">
<msg time="2025-06-05T17:08:48.810846" level="INFO">${email_teste} = fuoc@emailteste.com</msg>
<arg>${email_teste}</arg>
<arg>${random_word}@emailteste.com</arg>
<doc>Makes a variable available everywhere within the scope of the current test.</doc>
<status status="PASS" start="2025-06-05T17:08:48.808510" elapsed="0.002486"/>
</kw>
<kw name="Log" owner="BuiltIn">
<msg time="2025-06-05T17:08:48.811663" level="INFO">fuoc@emailteste.com</msg>
<arg>${email_teste}</arg>
<doc>Logs the given message with the given level.</doc>
<status status="PASS" start="2025-06-05T17:08:48.811323" elapsed="0.000465"/>
</kw>
<status status="PASS" start="2025-06-05T17:08:48.805018" elapsed="0.006959"/>
</kw>
<kw name="Cadastrar o usuario criado na ServeRest" owner="test_user">
<kw name="Create Dictionary" owner="BuiltIn">
<msg time="2025-06-05T17:08:48.816503" level="INFO">${body} = {'nome': 'Gabriel Barbosa', 'email': 'fuoc@emailteste.com', 'password': '4321', 'administrador': 'true'}</msg>
<var>${body}</var>
<arg>nome=Gabriel Barbosa</arg>
<arg>email=${email}</arg>
<arg>password=4321</arg>
<arg>administrador=true</arg>
<doc>Creates and returns a dictionary based on the given ``items``.</doc>
<status status="PASS" start="2025-06-05T17:08:48.814957" elapsed="0.001661"/>
</kw>
<kw name="Log" owner="BuiltIn">
<msg time="2025-06-05T17:08:48.817852" level="INFO">{'nome': 'Gabriel Barbosa', 'email': 'fuoc@emailteste.com', 'password': '4321', 'administrador': 'true'}</msg>
<arg>${body}</arg>
<doc>Logs the given message with the given level.</doc>
<status status="PASS" start="2025-06-05T17:08:48.817120" elapsed="0.000886"/>
</kw>
<kw name="Criar sessao na ServeRest" owner="test_user">
<kw name="Create Dictionary" owner="BuiltIn">
<msg time="2025-06-05T17:08:48.819398" level="INFO">${headers} = {'accept': 'application/json', 'Content-Type': 'application/json'}</msg>
<var>${headers}</var>
<arg>accept=application/json</arg>
<arg>Content-Type=application/json</arg>
<doc>Creates and returns a dictionary based on the given ``items``.</doc>
<status status="PASS" start="2025-06-05T17:08:48.819043" elapsed="0.000452"/>
</kw>
<kw name="Create Session" owner="RequestsLibrary">
<msg time="2025-06-05T17:08:48.819989" level="INFO">Creating Session using : alias=ServeRest, url=https://compassuol.serverest.dev, headers={},                     cookies={}, auth=None, timeout=None, proxies=None, verify=False,                     debug=0 </msg>
<arg>alias=ServeRest</arg>
<arg>url=https://compassuol.serverest.dev</arg>
<doc>Create Session: create a HTTP session to a server</doc>
<status status="PASS" start="2025-06-05T17:08:48.819724" elapsed="0.000562"/>
</kw>
<status status="PASS" start="2025-06-05T17:08:48.818369" elapsed="0.002081"/>
</kw>
<kw name="POST On Session" owner="RequestsLibrary">
<msg time="2025-06-05T17:08:49.226280" level="INFO">POST Request : url=https://compassuol.serverest.dev/usuarios 
 path_url=/usuarios 
 headers={'User-Agent': 'python-requests/2.32.3', 'Accept-Encoding': 'gzip, deflate', 'Accept': '*/*', 'Connection': 'keep-alive', 'Content-Length': '104', 'Content-Type': 'application/json'} 
 body=b'{"nome": "Gabriel Barbosa", "email": "fuoc@emailteste.com", "password": "4321", "administrador": "true"}' 
 </msg>
<msg time="2025-06-05T17:08:49.226575" level="INFO">POST Response : url=https://compassuol.serverest.dev/usuarios 
 status=201, reason=Created 
 headers={'access-control-allow-origin': '*', 'x-dns-prefetch-control': 'off', 'x-frame-options': 'SAMEORIGIN', 'strict-transport-security': 'max-age=15552000; includeSubDomains', 'x-download-options': 'noopen', 'x-content-type-options': 'nosniff', 'x-xss-protection': '1; mode=block', 'content-type': 'application/json; charset=utf-8', 'x-cloud-trace-context': '1351298319927a99314c80a09f6a6df9', 'date': 'Thu, 05 Jun 2025 20:08:49 GMT', 'server': 'Google Frontend', 'Content-Length': '82'} 
 body={
    "message": "Cadastro realizado com sucesso",
    "_id": "oiWzTlAMeHBJyYq0"
} 
 </msg>
<msg time="2025-06-05T17:08:49.226867" level="INFO">C:\Program Files\Python313\Lib\site-packages\urllib3\connectionpool.py:1097: InsecureRequestWarning: Unverified HTTPS request is being made to host 'compassuol.serverest.dev'. Adding certificate verification is strongly advised. See: https://urllib3.readthedocs.io/en/latest/advanced-usage.html#tls-warnings
  warnings.warn(</msg>
<msg time="2025-06-05T17:08:49.229666" level="INFO">${response} = &lt;Response [201]&gt;</msg>
<var>${response}</var>
<arg>alias=ServeRest</arg>
<arg>url=/usuarios</arg>
<arg>json=${body}</arg>
<arg>expected_status=${status_code_desejado}</arg>
<doc>Sends a POST request on a previously created HTTP Session.</doc>
<status status="PASS" start="2025-06-05T17:08:48.820672" elapsed="0.409248"/>
</kw>
<kw name="Log" owner="BuiltIn">
<msg time="2025-06-05T17:08:49.232564" level="INFO">{'message': 'Cadastro realizado com sucesso', '_id': 'oiWzTlAMeHBJyYq0'}</msg>
<arg>${response.json()}</arg>
<doc>Logs the given message with the given level.</doc>
<status status="PASS" start="2025-06-05T17:08:49.230677" elapsed="0.002153"/>
</kw>
<if>
<branch type="IF" condition="${response.status_code} == 201">
<kw name="Set Test Variable" owner="BuiltIn">
<msg time="2025-06-05T17:08:49.238967" level="INFO">${id_user} = oiWzTlAMeHBJyYq0</msg>
<arg>${id_user}</arg>
<arg>${response.json()["_id"]}</arg>
<doc>Makes a variable available everywhere within the scope of the current test.</doc>
<status status="PASS" start="2025-06-05T17:08:49.235072" elapsed="0.004114"/>
</kw>
<status status="PASS" start="2025-06-05T17:08:49.233164" elapsed="0.006200"/>
</branch>
<status status="PASS" start="2025-06-05T17:08:49.233077" elapsed="0.006406"/>
</if>
<kw name="Set Test Variable" owner="BuiltIn">
<msg time="2025-06-05T17:08:49.240963" level="INFO">${response} = {'message': 'Cadastro realizado com sucesso', '_id': 'oiWzTlAMeHBJyYq0'}</msg>
<arg>${response}</arg>
<arg>${response.json()}</arg>
<doc>Makes a variable available everywhere within the scope of the current test.</doc>
<status status="PASS" start="2025-06-05T17:08:49.239757" elapsed="0.001338"/>
</kw>
<arg>email=${email_teste}</arg>
<arg>status_code_desejado=201</arg>
<status status="PASS" start="2025-06-05T17:08:48.814094" elapsed="0.427180"/>
</kw>
<kw name="Consultar os dados do novo usuario" owner="test_user">
<kw name="GET On Session" owner="RequestsLibrary">
<msg time="2025-06-05T17:08:49.438935" level="INFO">GET Request : url=https://compassuol.serverest.dev/usuarios/oiWzTlAMeHBJyYq0 
 path_url=/usuarios/oiWzTlAMeHBJyYq0 
 headers={'User-Agent': 'python-requests/2.32.3', 'Accept-Encoding': 'gzip, deflate', 'Accept': '*/*', 'Connection': 'keep-alive'} 
 body=None 
 </msg>
<msg time="2025-06-05T17:08:49.439273" level="INFO">GET Response : url=https://compassuol.serverest.dev/usuarios/oiWzTlAMeHBJyYq0 
 status=200, reason=OK 
 headers={'access-control-allow-origin': '*', 'x-dns-prefetch-control': 'off', 'x-frame-options': 'SAMEORIGIN', 'strict-transport-security': 'max-age=15552000; includeSubDomains', 'x-download-options': 'noopen', 'x-content-type-options': 'nosniff', 'x-xss-protection': '1; mode=block', 'content-type': 'application/json; charset=utf-8', 'x-cloud-trace-context': '253105436b42fae2314c80a09f6a676f', 'date': 'Thu, 05 Jun 2025 20:08:49 GMT', 'server': 'Google Frontend', 'Content-Length': '153'} 
 body={
    "nome": "Gabriel Barbosa",
    "email": "fuoc@emailteste.com",
    "password": "4321",
    "administrador": "true",
    "_id": "oiWzTlAMeHBJyYq0"
} 
 </msg>
<msg time="2025-06-05T17:08:49.439829" level="INFO">C:\Program Files\Python313\Lib\site-packages\urllib3\connectionpool.py:1097: InsecureRequestWarning: Unverified HTTPS request is being made to host 'compassuol.serverest.dev'. Adding certificate verification is strongly advised. See: https://urllib3.readthedocs.io/en/latest/advanced-usage.html#tls-warnings
  warnings.warn(</msg>
<msg time="2025-06-05T17:08:49.441723" level="INFO">${response_consult} = &lt;Response [200]&gt;</msg>
<var>${response_consult}</var>
<arg>alias=ServeRest</arg>
<arg>url=/usuarios/${id_user}</arg>
<doc>Sends a GET request on a previously created HTTP Session.</doc>
<status status="PASS" start="2025-06-05T17:08:49.242753" elapsed="0.199215"/>
</kw>
<kw name="Set Test Variable" owner="BuiltIn">
<msg time="2025-06-05T17:08:49.447890" level="INFO">${resp_consult} = {'nome': 'Gabriel Barbosa', 'email': 'fuoc@emailteste.com', 'password': '4321', 'administrador': 'true', '_id': 'oiWzTlAMeHBJyYq0'}</msg>
<arg>${resp_consult}</arg>
<arg>${response_consult.json()}</arg>
<doc>Makes a variable available everywhere within the scope of the current test.</doc>
<status status="PASS" start="2025-06-05T17:08:49.442785" elapsed="0.005503"/>
</kw>
<status status="PASS" start="2025-06-05T17:08:49.242039" elapsed="0.206787"/>
</kw>
<kw name="Editar informacoes do usuario" owner="test_user">
<kw name="Create Dictionary" owner="BuiltIn">
<msg time="2025-06-05T17:08:49.452978" level="INFO">${novas_info} = {'nome': 'Gabriel B', 'password': '1234', 'email': 'fuoc@emailteste.com', 'administrador': 'true'}</msg>
<var>${novas_info}</var>
<arg>nome=Gabriel B</arg>
<arg>password=1234</arg>
<arg>email=${email_teste}</arg>
<arg>administrador=true</arg>
<doc>Creates and returns a dictionary based on the given ``items``.</doc>
<status status="PASS" start="2025-06-05T17:08:49.452121" elapsed="0.001084"/>
</kw>
<kw name="PUT On Session" owner="RequestsLibrary">
<msg time="2025-06-05T17:08:49.636146" level="INFO">PUT Request : url=https://compassuol.serverest.dev/usuarios/oiWzTlAMeHBJyYq0 
 path_url=/usuarios/oiWzTlAMeHBJyYq0 
 headers={'User-Agent': 'python-requests/2.32.3', 'Accept-Encoding': 'gzip, deflate', 'Accept': '*/*', 'Connection': 'keep-alive', 'Content-Length': '98', 'Content-Type': 'application/json'} 
 body=b'{"nome": "Gabriel B", "password": "1234", "email": "fuoc@emailteste.com", "administrador": "true"}' 
 </msg>
<msg time="2025-06-05T17:08:49.636527" level="INFO">PUT Response : url=https://compassuol.serverest.dev/usuarios/oiWzTlAMeHBJyYq0 
 status=200, reason=OK 
 headers={'access-control-allow-origin': '*', 'x-dns-prefetch-control': 'off', 'x-frame-options': 'SAMEORIGIN', 'strict-transport-security': 'max-age=15552000; includeSubDomains', 'x-download-options': 'noopen', 'x-content-type-options': 'nosniff', 'x-xss-protection': '1; mode=block', 'content-type': 'application/json; charset=utf-8', 'x-cloud-trace-context': 'c4bb7f45bd92cfab314c80a09f6a6c70', 'date': 'Thu, 05 Jun 2025 20:08:50 GMT', 'server': 'Google Frontend', 'Content-Length': '50'} 
 body={
    "message": "Registro alterado com sucesso"
} 
 </msg>
<msg time="2025-06-05T17:08:49.636847" level="INFO">C:\Program Files\Python313\Lib\site-packages\urllib3\connectionpool.py:1097: InsecureRequestWarning: Unverified HTTPS request is being made to host 'compassuol.serverest.dev'. Adding certificate verification is strongly advised. See: https://urllib3.readthedocs.io/en/latest/advanced-usage.html#tls-warnings
  warnings.warn(</msg>
<msg time="2025-06-05T17:08:49.638793" level="INFO">${novas_info} = &lt;Response [200]&gt;</msg>
<var>${novas_info}</var>
<arg>alias=ServeRest</arg>
<arg>url=/usuarios/${id_user}</arg>
<arg>json=${novas_info}</arg>
<doc>Sends a PUT request on a previously created HTTP Session.</doc>
<status status="PASS" start="2025-06-05T17:08:49.454042" elapsed="0.185063"/>
</kw>
<status status="PASS" start="2025-06-05T17:08:49.450370" elapsed="0.189246"/>
</kw>
<kw name="Consultar os novos dados do usuario" owner="test_user">
<kw name="GET On Session" owner="RequestsLibrary">
<msg time="2025-06-05T17:08:49.828513" level="INFO">GET Request : url=https://compassuol.serverest.dev/usuarios/oiWzTlAMeHBJyYq0 
 path_url=/usuarios/oiWzTlAMeHBJyYq0 
 headers={'User-Agent': 'python-requests/2.32.3', 'Accept-Encoding': 'gzip, deflate', 'Accept': '*/*', 'Connection': 'keep-alive'} 
 body=None 
 </msg>
<msg time="2025-06-05T17:08:49.828815" level="INFO">GET Response : url=https://compassuol.serverest.dev/usuarios/oiWzTlAMeHBJyYq0 
 status=200, reason=OK 
 headers={'access-control-allow-origin': '*', 'x-dns-prefetch-control': 'off', 'x-frame-options': 'SAMEORIGIN', 'strict-transport-security': 'max-age=15552000; includeSubDomains', 'x-download-options': 'noopen', 'x-content-type-options': 'nosniff', 'x-xss-protection': '1; mode=block', 'content-type': 'application/json; charset=utf-8', 'x-cloud-trace-context': '8255a04aba045918314c80a09f6a6a84', 'date': 'Thu, 05 Jun 2025 20:08:50 GMT', 'server': 'Google Frontend', 'Content-Length': '147'} 
 body={
    "nome": "Gabriel B",
    "password": "1234",
    "email": "fuoc@emailteste.com",
    "administrador": "true",
    "_id": "oiWzTlAMeHBJyYq0"
} 
 </msg>
<msg time="2025-06-05T17:08:49.829056" level="INFO">C:\Program Files\Python313\Lib\site-packages\urllib3\connectionpool.py:1097: InsecureRequestWarning: Unverified HTTPS request is being made to host 'compassuol.serverest.dev'. Adding certificate verification is strongly advised. See: https://urllib3.readthedocs.io/en/latest/advanced-usage.html#tls-warnings
  warnings.warn(</msg>
<msg time="2025-06-05T17:08:49.830796" level="INFO">${response_consult} = &lt;Response [200]&gt;</msg>
<var>${response_consult}</var>
<arg>alias=ServeRest</arg>
<arg>url=/usuarios/${id_user}</arg>
<doc>Sends a GET request on a previously created HTTP Session.</doc>
<status status="PASS" start="2025-06-05T17:08:49.642065" elapsed="0.188970"/>
</kw>
<kw name="Set Test Variable" owner="BuiltIn">
<msg time="2025-06-05T17:08:49.833620" level="INFO">${resp_consult} = {'nome': 'Gabriel B', 'password': '1234', 'email': 'fuoc@emailteste.com', 'administrador': 'true', '_id': 'oiWzTlAMeHBJyYq0'}</msg>
<arg>${resp_consult}</arg>
<arg>${response_consult.json()}</arg>
<doc>Makes a variable available everywhere within the scope of the current test.</doc>
<status status="PASS" start="2025-06-05T17:08:49.831578" elapsed="0.002340"/>
</kw>
<status status="PASS" start="2025-06-05T17:08:49.640735" elapsed="0.193750"/>
</kw>
<kw name="Conferir os dados retornados se estao editados" owner="test_user">
<kw name="Log" owner="BuiltIn">
<msg time="2025-06-05T17:08:49.838272" level="INFO">{'nome': 'Gabriel B', 'password': '1234', 'email': 'fuoc@emailteste.com', 'administrador': 'true', '_id': 'oiWzTlAMeHBJyYq0'}</msg>
<arg>${resp_consult}</arg>
<doc>Logs the given message with the given level.</doc>
<status status="PASS" start="2025-06-05T17:08:49.837719" elapsed="0.000761"/>
</kw>
<kw name="Dictionary Should Contain Item" owner="Collections">
<arg>${resp_consult}</arg>
<arg>nome</arg>
<arg>Gabriel B</arg>
<doc>An item of ``key`` / ``value`` must be found in a ``dictionary``.</doc>
<status status="PASS" start="2025-06-05T17:08:49.838880" elapsed="0.000600"/>
</kw>
<kw name="Dictionary Should Contain Item" owner="Collections">
<arg>${resp_consult}</arg>
<arg>email</arg>
<arg>${email_teste}</arg>
<doc>An item of ``key`` / ``value`` must be found in a ``dictionary``.</doc>
<status status="PASS" start="2025-06-05T17:08:49.839893" elapsed="0.000660"/>
</kw>
<kw name="Dictionary Should Contain Item" owner="Collections">
<arg>${resp_consult}</arg>
<arg>password</arg>
<arg>1234</arg>
<doc>An item of ``key`` / ``value`` must be found in a ``dictionary``.</doc>
<status status="PASS" start="2025-06-05T17:08:49.840953" elapsed="0.000576"/>
</kw>
<kw name="Dictionary Should Contain Item" owner="Collections">
<arg>${resp_consult}</arg>
<arg>administrador</arg>
<arg>true</arg>
<doc>An item of ``key`` / ``value`` must be found in a ``dictionary``.</doc>
<status status="PASS" start="2025-06-05T17:08:49.841925" elapsed="0.000658"/>
</kw>
<status status="PASS" start="2025-06-05T17:08:49.836067" elapsed="0.006955"/>
</kw>
<status status="PASS" start="2025-06-05T17:08:48.803755" elapsed="1.040143"/>
</test>
<doc>Estes testes são realizados na api ServeRest, englobando toda a parte de usuário.</doc>
<status status="PASS" start="2025-06-05T17:08:45.841346" elapsed="4.005490"/>
</suite>
<status status="PASS" start="2025-06-05T17:08:34.903047" elapsed="14.950566"/>
</suite>
<status status="PASS" start="2025-06-05T17:08:34.866699" elapsed="14.990117"/>
</suite>
<statistics>
<total>
<stat pass="14" fail="0" skip="0">All Tests</stat>
</total>
<tag>
</tag>
<suite>
<stat name="Review Challenge 01-robot" id="s1" pass="14" fail="0" skip="0">Review Challenge 01-robot</stat>
<stat name="Tests" id="s1-s1" pass="14" fail="0" skip="0">Review Challenge 01-robot.Tests</stat>
<stat name="Test Cart" id="s1-s1-s1" pass="3" fail="0" skip="0">Review Challenge 01-robot.Tests.Test Cart</stat>
<stat name="Test Login" id="s1-s1-s2" pass="2" fail="0" skip="0">Review Challenge 01-robot.Tests.Test Login</stat>
<stat name="Test Prod" id="s1-s1-s3" pass="4" fail="0" skip="0">Review Challenge 01-robot.Tests.Test Prod</stat>
<stat name="Test User" id="s1-s1-s4" pass="5" fail="0" skip="0">Review Challenge 01-robot.Tests.Test User</stat>
</suite>
</statistics>
<errors>
</errors>
</robot>
