<?xml version="1.0" encoding="UTF-8"?>
<robot generator="Robot 7.2.2 (Python 3.13.3 on win32)" generated="2025-06-06T14:44:25.207034" rpa="false" schemaversion="5">
<suite id="s1" name="Review Challenge 01-robot" source="C:\Users\hoewe\Documents\ENTREGAS PB\SPRINT 6\Review Challenge 01 - ServeRest\Review Challenge 01-robot">
<suite id="s1-s1" name="Tests" source="C:\Users\hoewe\Documents\ENTREGAS PB\SPRINT 6\Review Challenge 01 - ServeRest\Review Challenge 01-robot\tests">
<suite id="s1-s1-s1" name="Test Cart" source="C:\Users\hoewe\Documents\ENTREGAS PB\SPRINT 6\Review Challenge 01 - ServeRest\Review Challenge 01-robot\tests\test_cart.robot">
<test id="s1-s1-s1-t1" name="Cenario 01: Cadastrar um novo carrinho" line="9">
<kw name="Criar um usuario novo" owner="test_login">
<kw name="First Name" owner="FakerLibrary">
<msg time="2025-06-06T14:44:28.419469" level="INFO">${random_first_name} = Lavínia</msg>
<var>${random_first_name}</var>
<status status="PASS" start="2025-06-06T14:44:28.419266" elapsed="0.000245"/>
</kw>
<kw name="Last Name" owner="FakerLibrary">
<msg time="2025-06-06T14:44:28.419786" level="INFO">${random_last_name} = Vieira</msg>
<var>${random_last_name}</var>
<status status="PASS" start="2025-06-06T14:44:28.419641" elapsed="0.000174"/>
</kw>
<kw name="Email" owner="FakerLibrary">
<msg time="2025-06-06T14:44:28.420095" level="INFO">${random_email} = rochasamuel@example.org</msg>
<var>${random_email}</var>
<status status="PASS" start="2025-06-06T14:44:28.419911" elapsed="0.000210"/>
</kw>
<kw name="Password" owner="FakerLibrary">
<msg time="2025-06-06T14:44:28.420380" level="INFO">${random_senha} = T&amp;)8H^vo!j</msg>
<var>${random_senha}</var>
<doc>Generate a random password of the specified ``length``.</doc>
<status status="PASS" start="2025-06-06T14:44:28.420222" elapsed="0.000184"/>
</kw>
<kw name="Create Dictionary" owner="BuiltIn">
<msg time="2025-06-06T14:44:28.421182" level="INFO">${user} = {'nome': 'Lavínia Vieira', 'email': 'rochasamuel@example.org', 'senha': 'T&amp;)8H^vo!j'}</msg>
<var>${user}</var>
<arg>nome=${random_first_name} ${random_last_name}</arg>
<arg>email=${random_email}</arg>
<arg>senha=${random_senha}</arg>
<doc>Creates and returns a dictionary based on the given ``items``.</doc>
<status status="PASS" start="2025-06-06T14:44:28.420800" elapsed="0.000414"/>
</kw>
<kw name="Set Global Variable" owner="BuiltIn">
<msg time="2025-06-06T14:44:28.421539" level="INFO">${user} = {'nome': 'Lavínia Vieira', 'email': 'rochasamuel@example.org', 'senha': 'T&amp;)8H^vo!j'}</msg>
<arg>${user}</arg>
<doc>Makes a variable available globally in all tests and suites.</doc>
<status status="PASS" start="2025-06-06T14:44:28.421336" elapsed="0.000250"/>
</kw>
<status status="PASS" start="2025-06-06T14:44:28.417382" elapsed="0.004265"/>
</kw>
<kw name="Iniciar sessao na API serverest" owner="test_login">
<kw name="Create Dictionary" owner="BuiltIn">
<msg time="2025-06-06T14:44:28.422317" level="INFO">${headers} = {'Content-Type': 'application/json'}</msg>
<var>${headers}</var>
<arg>Content-Type=application/json</arg>
<doc>Creates and returns a dictionary based on the given ``items``.</doc>
<status status="PASS" start="2025-06-06T14:44:28.422164" elapsed="0.000180"/>
</kw>
<kw name="Create Session" owner="RequestsLibrary">
<msg time="2025-06-06T14:44:28.422656" level="INFO">Creating Session using : alias=ServeRest, url=https://compassuol.serverest.dev, headers={'Content-Type': 'application/json'},                     cookies={}, auth=None, timeout=None, proxies=None, verify=False,                     debug=0 </msg>
<arg>alias=${alias}</arg>
<arg>url=https://compassuol.serverest.dev</arg>
<arg>headers=${headers}</arg>
<doc>Create Session: create a HTTP session to a server</doc>
<status status="PASS" start="2025-06-06T14:44:28.422451" elapsed="0.000388"/>
</kw>
<status status="PASS" start="2025-06-06T14:44:28.421937" elapsed="0.000971"/>
</kw>
<kw name="Cadastrar o usuario criado na ServeRest" owner="test_login">
<kw name="Criar um usuario novo" owner="test_login">
<kw name="First Name" owner="FakerLibrary">
<msg time="2025-06-06T14:44:28.423727" level="INFO">${random_first_name} = Isaac</msg>
<var>${random_first_name}</var>
<status status="PASS" start="2025-06-06T14:44:28.423591" elapsed="0.000162"/>
</kw>
<kw name="Last Name" owner="FakerLibrary">
<msg time="2025-06-06T14:44:28.423957" level="INFO">${random_last_name} = Guerra</msg>
<var>${random_last_name}</var>
<status status="PASS" start="2025-06-06T14:44:28.423843" elapsed="0.000140"/>
</kw>
<kw name="Email" owner="FakerLibrary">
<msg time="2025-06-06T14:44:28.424230" level="INFO">${random_email} = livia93@example.com</msg>
<var>${random_email}</var>
<status status="PASS" start="2025-06-06T14:44:28.424070" elapsed="0.000185"/>
</kw>
<kw name="Password" owner="FakerLibrary">
<msg time="2025-06-06T14:44:28.424493" level="INFO">${random_senha} = Wa_K8Dq+*h</msg>
<var>${random_senha}</var>
<doc>Generate a random password of the specified ``length``.</doc>
<status status="PASS" start="2025-06-06T14:44:28.424346" elapsed="0.000172"/>
</kw>
<kw name="Create Dictionary" owner="BuiltIn">
<msg time="2025-06-06T14:44:28.424900" level="INFO">${user} = {'nome': 'Isaac Guerra', 'email': 'livia93@example.com', 'senha': 'Wa_K8Dq+*h'}</msg>
<var>${user}</var>
<arg>nome=${random_first_name} ${random_last_name}</arg>
<arg>email=${random_email}</arg>
<arg>senha=${random_senha}</arg>
<doc>Creates and returns a dictionary based on the given ``items``.</doc>
<status status="PASS" start="2025-06-06T14:44:28.424625" elapsed="0.000302"/>
</kw>
<kw name="Set Global Variable" owner="BuiltIn">
<msg time="2025-06-06T14:44:28.425218" level="INFO">${user} = {'nome': 'Isaac Guerra', 'email': 'livia93@example.com', 'senha': 'Wa_K8Dq+*h'}</msg>
<arg>${user}</arg>
<doc>Makes a variable available globally in all tests and suites.</doc>
<status status="PASS" start="2025-06-06T14:44:28.425036" elapsed="0.000223"/>
</kw>
<status status="PASS" start="2025-06-06T14:44:28.423407" elapsed="0.001904"/>
</kw>
<kw name="Create Dictionary" owner="BuiltIn">
<msg time="2025-06-06T14:44:28.426502" level="INFO">${body} = {'nome': 'Isaac Guerra', 'email': 'livia93@example.com', 'password': 'Wa_K8Dq+*h', 'administrador': 'true'}</msg>
<var>${body}</var>
<arg>nome=${user.nome}</arg>
<arg>email=${user.email}</arg>
<arg>password=${user.senha}</arg>
<arg>administrador=true</arg>
<doc>Creates and returns a dictionary based on the given ``items``.</doc>
<status status="PASS" start="2025-06-06T14:44:28.425401" elapsed="0.001133"/>
</kw>
<kw name="POST On Session" owner="RequestsLibrary">
<msg time="2025-06-06T14:44:29.191670" level="INFO">POST Request : url=https://compassuol.serverest.dev/usuarios 
 path_url=/usuarios 
 headers={'User-Agent': 'python-requests/2.32.3', 'Accept-Encoding': 'gzip, deflate', 'Accept': '*/*', 'Connection': 'keep-alive', 'Content-Type': 'application/json', 'Content-Length': '107'} 
 body=b'{"nome": "Isaac Guerra", "email": "livia93@example.com", "password": "Wa_K8Dq+*h", "administrador": "true"}' 
 </msg>
<msg time="2025-06-06T14:44:29.192012" level="INFO">POST Response : url=https://compassuol.serverest.dev/usuarios 
 status=201, reason=Created 
 headers={'access-control-allow-origin': '*', 'x-dns-prefetch-control': 'off', 'x-frame-options': 'SAMEORIGIN', 'strict-transport-security': 'max-age=15552000; includeSubDomains', 'x-download-options': 'noopen', 'x-content-type-options': 'nosniff', 'x-xss-protection': '1; mode=block', 'content-type': 'application/json; charset=utf-8', 'x-cloud-trace-context': '7df9426b1df2264ba21f55b43e2c3269;o=1', 'date': 'Fri, 06 Jun 2025 17:44:28 GMT', 'server': 'Google Frontend', 'Content-Length': '82'} 
 body={
    "message": "Cadastro realizado com sucesso",
    "_id": "UThV7pqVvQ4SwCTB"
} 
 </msg>
<msg time="2025-06-06T14:44:29.192220" level="INFO">C:\Program Files\Python313\Lib\site-packages\urllib3\connectionpool.py:1097: InsecureRequestWarning: Unverified HTTPS request is being made to host 'compassuol.serverest.dev'. Adding certificate verification is strongly advised. See: https://urllib3.readthedocs.io/en/latest/advanced-usage.html#tls-warnings
  warnings.warn(</msg>
<msg time="2025-06-06T14:44:29.193388" level="INFO">${response} = &lt;Response [201]&gt;</msg>
<var>${response}</var>
<arg>alias=${alias}</arg>
<arg>url=usuarios</arg>
<arg>json=${body}</arg>
<doc>Sends a POST request on a previously created HTTP Session.</doc>
<status status="PASS" start="2025-06-06T14:44:28.426644" elapsed="0.766849"/>
</kw>
<kw name="Log" owner="BuiltIn">
<msg time="2025-06-06T14:44:29.195662" level="INFO">Resposta Retornada: 
{
    "message": "Cadastro realizado com sucesso",
    "_id": "UThV7pqVvQ4SwCTB"
}</msg>
<arg>Resposta Retornada: ${\n}${response.text}</arg>
<doc>Logs the given message with the given level.</doc>
<status status="PASS" start="2025-06-06T14:44:29.194056" elapsed="0.001773"/>
</kw>
<status status="PASS" start="2025-06-06T14:44:28.423177" elapsed="0.772857"/>
</kw>
<kw name="Realizar login com o usuario" owner="test_login">
<kw name="Create Dictionary" owner="BuiltIn">
<msg time="2025-06-06T14:44:29.200449" level="INFO">${body} = {'email': 'livia93@example.com', 'password': 'Wa_K8Dq+*h'}</msg>
<var>${body}</var>
<arg>email=${user.email}</arg>
<arg>password=${user.senha}</arg>
<doc>Creates and returns a dictionary based on the given ``items``.</doc>
<status status="PASS" start="2025-06-06T14:44:29.197777" elapsed="0.002771"/>
</kw>
<kw name="POST On Session" owner="RequestsLibrary">
<msg time="2025-06-06T14:44:29.396709" level="INFO">POST Request : url=https://compassuol.serverest.dev/login 
 path_url=/login 
 headers={'User-Agent': 'python-requests/2.32.3', 'Accept-Encoding': 'gzip, deflate', 'Accept': '*/*', 'Connection': 'keep-alive', 'Content-Type': 'application/json', 'Content-Length': '58'} 
 body=b'{"email": "livia93@example.com", "password": "Wa_K8Dq+*h"}' 
 </msg>
<msg time="2025-06-06T14:44:29.397152" level="INFO">POST Response : url=https://compassuol.serverest.dev/login 
 status=200, reason=OK 
 headers={'access-control-allow-origin': '*', 'x-dns-prefetch-control': 'off', 'x-frame-options': 'SAMEORIGIN', 'strict-transport-security': 'max-age=15552000; includeSubDomains', 'x-download-options': 'noopen', 'x-content-type-options': 'nosniff', 'x-xss-protection': '1; mode=block', 'content-type': 'application/json; charset=utf-8', 'x-cloud-trace-context': 'f23caa212e0bf3a3a21f55b43e2c36e4', 'date': 'Fri, 06 Jun 2025 17:44:28 GMT', 'server': 'Google Frontend', 'Content-Length': '280'} 
 body={
    "message": "Login realizado com sucesso",
    "authorization": "Bearer eyJhbGciOiJIUzI1NiIsInR5cCI6IkpXVCJ9.eyJlbWFpbCI6ImxpdmlhOTNAZXhhbXBsZS5jb20iLCJwYXNzd29yZCI6IldhX0s4RHErKmgiLCJpYXQiOjE3NDkyMzE4NjgsImV4cCI6MTc0OTIzMjQ2OH0.7MKni1lr5zpUqZR5UsYqD-bAKrBD_eUfh8Uj8uiCBTY"
} 
 </msg>
<msg time="2025-06-06T14:44:29.397545" level="INFO">C:\Program Files\Python313\Lib\site-packages\urllib3\connectionpool.py:1097: InsecureRequestWarning: Unverified HTTPS request is being made to host 'compassuol.serverest.dev'. Adding certificate verification is strongly advised. See: https://urllib3.readthedocs.io/en/latest/advanced-usage.html#tls-warnings
  warnings.warn(</msg>
<msg time="2025-06-06T14:44:29.400780" level="INFO">${response} = &lt;Response [200]&gt;</msg>
<var>${response}</var>
<arg>alias=${alias}</arg>
<arg>url=login</arg>
<arg>json=${body}</arg>
<arg>expected_status=${status_code_desejado}</arg>
<doc>Sends a POST request on a previously created HTTP Session.</doc>
<status status="PASS" start="2025-06-06T14:44:29.200916" elapsed="0.200179"/>
</kw>
<kw name="Log" owner="BuiltIn">
<msg time="2025-06-06T14:44:29.405085" level="INFO">Resposta Retornada: 
{
    "message": "Login realizado com sucesso",
    "authorization": "Bearer eyJhbGciOiJIUzI1NiIsInR5cCI6IkpXVCJ9.eyJlbWFpbCI6ImxpdmlhOTNAZXhhbXBsZS5jb20iLCJwYXNzd29yZCI6IldhX0s4RHErKmgiLCJpYXQiOjE3NDkyMzE4NjgsImV4cCI6MTc0OTIzMjQ2OH0.7MKni1lr5zpUqZR5UsYqD-bAKrBD_eUfh8Uj8uiCBTY"
}</msg>
<arg>Resposta Retornada: ${\n}${response.text}</arg>
<doc>Logs the given message with the given level.</doc>
<status status="PASS" start="2025-06-06T14:44:29.402381" elapsed="0.003011"/>
</kw>
<kw name="Dictionary Should Contain Item" owner="Collections">
<arg>${response.json()}</arg>
<arg>message</arg>
<arg>Login realizado com sucesso</arg>
<doc>An item of ``key`` / ``value`` must be found in a ``dictionary``.</doc>
<status status="PASS" start="2025-06-06T14:44:29.406010" elapsed="0.002534"/>
</kw>
<kw name="Get From Dictionary" owner="Collections">
<msg time="2025-06-06T14:44:29.411993" level="INFO">${token} = Bearer eyJhbGciOiJIUzI1NiIsInR5cCI6IkpXVCJ9.eyJlbWFpbCI6ImxpdmlhOTNAZXhhbXBsZS5jb20iLCJwYXNzd29yZCI6IldhX0s4RHErKmgiLCJpYXQiOjE3NDkyMzE4NjgsImV4cCI6MTc0OTIzMjQ2OH0.7MKni1lr5zpUqZR5UsYqD-bAKrBD_eUfh8Uj...</msg>
<var>${token}</var>
<arg>${response.json()}</arg>
<arg>authorization</arg>
<doc>Returns a value from the given ``dictionary`` based on the given ``key``.</doc>
<status status="PASS" start="2025-06-06T14:44:29.409202" elapsed="0.003007"/>
</kw>
<kw name="Set Global Variable" owner="BuiltIn">
<msg time="2025-06-06T14:44:29.414508" level="INFO">${token} = Bearer eyJhbGciOiJIUzI1NiIsInR5cCI6IkpXVCJ9.eyJlbWFpbCI6ImxpdmlhOTNAZXhhbXBsZS5jb20iLCJwYXNzd29yZCI6IldhX0s4RHErKmgiLCJpYXQiOjE3NDkyMzE4NjgsImV4cCI6MTc0OTIzMjQ2OH0.7MKni1lr5zpUqZR5UsYqD-bAKrBD_eUfh8Uj...</msg>
<arg>${token}</arg>
<doc>Makes a variable available globally in all tests and suites.</doc>
<status status="PASS" start="2025-06-06T14:44:29.413231" elapsed="0.001576"/>
</kw>
<arg>status_code_desejado=200</arg>
<status status="PASS" start="2025-06-06T14:44:29.196915" elapsed="0.218506"/>
</kw>
<kw name="Cadastrar um carrinho" owner="test_cart">
<kw name="Cadastrar um produto" owner="test_cart">
<kw name="Word" owner="FakerLibrary">
<msg time="2025-06-06T14:44:29.419291" level="INFO">${random_prod} = cumque</msg>
<var>${random_prod}</var>
<doc>Generate a word.</doc>
<status status="PASS" start="2025-06-06T14:44:29.418861" elapsed="0.000512"/>
</kw>
<kw name="Set Suite Variable" owner="BuiltIn">
<msg time="2025-06-06T14:44:29.420488" level="INFO">${random_prod} = cumque</msg>
<arg>${random_prod}</arg>
<doc>Makes a variable available everywhere within the scope of the current suite.</doc>
<status status="PASS" start="2025-06-06T14:44:29.419796" elapsed="0.000891"/>
</kw>
<kw name="Create Dictionary" owner="BuiltIn">
<msg time="2025-06-06T14:44:29.421849" level="INFO">${body} = {'nome': 'cumque', 'preco': '6661', 'descricao': 'Test Product', 'quantidade': '10'}</msg>
<var>${body}</var>
<arg>nome=${random_prod}</arg>
<arg>preco=${preco_item}</arg>
<arg>descricao=${desc_item}</arg>
<arg>quantidade=${qtde_item}</arg>
<doc>Creates and returns a dictionary based on the given ``items``.</doc>
<status status="PASS" start="2025-06-06T14:44:29.421050" elapsed="0.000868"/>
</kw>
<kw name="Create Dictionary" owner="BuiltIn">
<msg time="2025-06-06T14:44:29.422728" level="INFO">${headers} = {'Authorization': 'Bearer eyJhbGciOiJIUzI1NiIsInR5cCI6IkpXVCJ9.eyJlbWFpbCI6ImxpdmlhOTNAZXhhbXBsZS5jb20iLCJwYXNzd29yZCI6IldhX0s4RHErKmgiLCJpYXQiOjE3NDkyMzE4NjgsImV4cCI6MTc0OTIzMjQ2OH0.7MKni1lr5zpUqZR5U...</msg>
<var>${headers}</var>
<arg>Authorization=${token}</arg>
<doc>Creates and returns a dictionary based on the given ``items``.</doc>
<status status="PASS" start="2025-06-06T14:44:29.422222" elapsed="0.000575"/>
</kw>
<kw name="POST On Session" owner="RequestsLibrary">
<msg time="2025-06-06T14:44:29.604804" level="INFO">POST Request : url=https://compassuol.serverest.dev/produtos 
 path_url=/produtos 
 headers={'User-Agent': 'python-requests/2.32.3', 'Accept-Encoding': 'gzip, deflate', 'Accept': '*/*', 'Connection': 'keep-alive', 'Content-Type': 'application/json', 'Authorization': '*****', 'Content-Length': '84'} 
 body=b'{"nome": "cumque", "preco": "6661", "descricao": "Test Product", "quantidade": "10"}' 
 </msg>
<msg time="2025-06-06T14:44:29.605196" level="INFO">POST Response : url=https://compassuol.serverest.dev/produtos 
 status=201, reason=Created 
 headers={'access-control-allow-origin': '*', 'x-dns-prefetch-control': 'off', 'x-frame-options': 'SAMEORIGIN', 'strict-transport-security': 'max-age=15552000; includeSubDomains', 'x-download-options': 'noopen', 'x-content-type-options': 'nosniff', 'x-xss-protection': '1; mode=block', 'content-type': 'application/json; charset=utf-8', 'x-cloud-trace-context': '604aabb7ad0cdafda21f55b43e2c3b2c', 'date': 'Fri, 06 Jun 2025 17:44:28 GMT', 'server': 'Google Frontend', 'Content-Length': '82'} 
 body={
    "message": "Cadastro realizado com sucesso",
    "_id": "ws4wxdkssgGpv898"
} 
 </msg>
<msg time="2025-06-06T14:44:29.606119" level="INFO">C:\Program Files\Python313\Lib\site-packages\urllib3\connectionpool.py:1097: InsecureRequestWarning: Unverified HTTPS request is being made to host 'compassuol.serverest.dev'. Adding certificate verification is strongly advised. See: https://urllib3.readthedocs.io/en/latest/advanced-usage.html#tls-warnings
  warnings.warn(</msg>
<msg time="2025-06-06T14:44:29.608313" level="INFO">${response_cadastro} = &lt;Response [201]&gt;</msg>
<var>${response_cadastro}</var>
<arg>alias=${alias}</arg>
<arg>url=produtos</arg>
<arg>json=${body}</arg>
<arg>headers=${headers}</arg>
<doc>Sends a POST request on a previously created HTTP Session.</doc>
<status status="PASS" start="2025-06-06T14:44:29.423080" elapsed="0.185532"/>
</kw>
<kw name="Set Test Variable" owner="BuiltIn">
<msg time="2025-06-06T14:44:29.610918" level="INFO">${response_cadastro} = &lt;Response [201]&gt;</msg>
<arg>${response_cadastro}</arg>
<doc>Makes a variable available everywhere within the scope of the current test.</doc>
<status status="PASS" start="2025-06-06T14:44:29.609583" elapsed="0.001641"/>
</kw>
<kw name="Log" owner="BuiltIn">
<msg time="2025-06-06T14:44:29.615727" level="INFO">Resposta Retornada: 
{
    "message": "Cadastro realizado com sucesso",
    "_id": "ws4wxdkssgGpv898"
}</msg>
<arg>Resposta Retornada: ${\n}${response_cadastro.text}</arg>
<doc>Logs the given message with the given level.</doc>
<status status="PASS" start="2025-06-06T14:44:29.611932" elapsed="0.004132"/>
</kw>
<status status="PASS" start="2025-06-06T14:44:29.418216" elapsed="0.198290"/>
</kw>
<kw name="Conferir se o produto foi cadastrado com sucesso" owner="test_cart">
<kw name="Dictionary Should Contain Item" owner="Collections">
<arg>${response_cadastro.json()}</arg>
<arg>message</arg>
<arg>Cadastro realizado com sucesso</arg>
<doc>An item of ``key`` / ``value`` must be found in a ``dictionary``.</doc>
<status status="PASS" start="2025-06-06T14:44:29.619644" elapsed="0.003803"/>
</kw>
<kw name="Get From Dictionary" owner="Collections">
<msg time="2025-06-06T14:44:29.626784" level="INFO">${id_prod_cadastrado} = ws4wxdkssgGpv898</msg>
<var>${id_prod_cadastrado}</var>
<arg>${response_cadastro.json()}</arg>
<arg>_id</arg>
<doc>Returns a value from the given ``dictionary`` based on the given ``key``.</doc>
<status status="PASS" start="2025-06-06T14:44:29.624081" elapsed="0.002847"/>
</kw>
<kw name="Set Suite Variable" owner="BuiltIn">
<msg time="2025-06-06T14:44:29.628341" level="INFO">${id_prod_cadastrado} = ws4wxdkssgGpv898</msg>
<arg>${id_prod_cadastrado}</arg>
<doc>Makes a variable available everywhere within the scope of the current suite.</doc>
<status status="PASS" start="2025-06-06T14:44:29.627543" elapsed="0.000959"/>
</kw>
<status status="PASS" start="2025-06-06T14:44:29.617654" elapsed="0.011070"/>
</kw>
<kw name="Convert String To Json" owner="JSONLibrary">
<msg time="2025-06-06T14:44:29.629832" level="INFO">${data} = {'produtos': [{'idProduto': 'id', 'quantidade': 1}]}</msg>
<var>${data}</var>
<arg>{"produtos": [{"idProduto": "id", "quantidade": 1}]}</arg>
<doc>Convert String to JSON object</doc>
<status status="PASS" start="2025-06-06T14:44:29.629303" elapsed="0.000633"/>
</kw>
<kw name="Update Value To Json" owner="JSONLibrary">
<msg time="2025-06-06T14:44:29.702533" level="INFO">${data} = {'produtos': [{'idProduto': 'id', 'quantidade': '10'}]}</msg>
<var>${data}</var>
<arg>${data}</arg>
<arg>$..quantidade</arg>
<arg>${qtde_item}</arg>
<doc>Update value to JSON using JSONPath</doc>
<status status="PASS" start="2025-06-06T14:44:29.630387" elapsed="0.072193"/>
</kw>
<kw name="Update Value To Json" owner="JSONLibrary">
<msg time="2025-06-06T14:44:29.719767" level="INFO">${data} = {'produtos': [{'idProduto': 'ws4wxdkssgGpv898', 'quantidade': '10'}]}</msg>
<var>${data}</var>
<arg>${data}</arg>
<arg>$..idProduto</arg>
<arg>${id_prod_cadastrado}</arg>
<doc>Update value to JSON using JSONPath</doc>
<status status="PASS" start="2025-06-06T14:44:29.702732" elapsed="0.017075"/>
</kw>
<kw name="Evaluate" owner="BuiltIn">
<msg time="2025-06-06T14:44:29.720542" level="INFO">${data} = {"produtos": [{"idProduto": "ws4wxdkssgGpv898", "quantidade": "10"}]}</msg>
<var>${data}</var>
<arg>json.dumps(${data})</arg>
<arg>json</arg>
<doc>Evaluates the given expression in Python and returns the result.</doc>
<status status="PASS" start="2025-06-06T14:44:29.720084" elapsed="0.000494"/>
</kw>
<kw name="Create Dictionary" owner="BuiltIn">
<msg time="2025-06-06T14:44:29.720962" level="INFO">${headers} = {'Authorization': 'Bearer eyJhbGciOiJIUzI1NiIsInR5cCI6IkpXVCJ9.eyJlbWFpbCI6ImxpdmlhOTNAZXhhbXBsZS5jb20iLCJwYXNzd29yZCI6IldhX0s4RHErKmgiLCJpYXQiOjE3NDkyMzE4NjgsImV4cCI6MTc0OTIzMjQ2OH0.7MKni1lr5zpUqZR5U...</msg>
<var>${headers}</var>
<arg>Authorization=${token}</arg>
<doc>Creates and returns a dictionary based on the given ``items``.</doc>
<status status="PASS" start="2025-06-06T14:44:29.720726" elapsed="0.000268"/>
</kw>
<kw name="POST On Session" owner="RequestsLibrary">
<msg time="2025-06-06T14:44:29.918256" level="INFO">POST Request : url=https://compassuol.serverest.dev/carrinhos 
 path_url=/carrinhos 
 headers={'User-Agent': 'python-requests/2.32.3', 'Accept-Encoding': 'gzip, deflate', 'Accept': '*/*', 'Connection': 'keep-alive', 'Content-Type': 'application/json', 'Authorization': '*****', 'Content-Length': '69'} 
 body={"produtos": [{"idProduto": "ws4wxdkssgGpv898", "quantidade": "10"}]} 
 </msg>
<msg time="2025-06-06T14:44:29.918547" level="INFO">POST Response : url=https://compassuol.serverest.dev/carrinhos 
 status=201, reason=Created 
 headers={'access-control-allow-origin': '*', 'x-dns-prefetch-control': 'off', 'x-frame-options': 'SAMEORIGIN', 'strict-transport-security': 'max-age=15552000; includeSubDomains', 'x-download-options': 'noopen', 'x-content-type-options': 'nosniff', 'x-xss-protection': '1; mode=block', 'content-type': 'application/json; charset=utf-8', 'x-cloud-trace-context': '03cedf275d23d708a21f55b43e2c3d80', 'date': 'Fri, 06 Jun 2025 17:44:29 GMT', 'server': 'Google Frontend', 'Content-Length': '82'} 
 body={
    "message": "Cadastro realizado com sucesso",
    "_id": "FzpNO7MSzkns3IJQ"
} 
 </msg>
<msg time="2025-06-06T14:44:29.918795" level="INFO">C:\Program Files\Python313\Lib\site-packages\urllib3\connectionpool.py:1097: InsecureRequestWarning: Unverified HTTPS request is being made to host 'compassuol.serverest.dev'. Adding certificate verification is strongly advised. See: https://urllib3.readthedocs.io/en/latest/advanced-usage.html#tls-warnings
  warnings.warn(</msg>
<msg time="2025-06-06T14:44:29.920384" level="INFO">${response_carts} = &lt;Response [201]&gt;</msg>
<var>${response_carts}</var>
<arg>alias=${alias}</arg>
<arg>url=carrinhos</arg>
<arg>headers=${headers}</arg>
<arg>data=${data}</arg>
<doc>Sends a POST request on a previously created HTTP Session.</doc>
<status status="PASS" start="2025-06-06T14:44:29.721104" elapsed="0.199510"/>
</kw>
<kw name="Set Suite Variable" owner="BuiltIn">
<msg time="2025-06-06T14:44:29.921998" level="INFO">${response_carts} = &lt;Response [201]&gt;</msg>
<arg>${response_carts}</arg>
<doc>Makes a variable available everywhere within the scope of the current suite.</doc>
<status status="PASS" start="2025-06-06T14:44:29.921247" elapsed="0.000950"/>
</kw>
<status status="PASS" start="2025-06-06T14:44:29.417006" elapsed="0.505436"/>
</kw>
<kw name="Conferir se o carrinho foi cadastrado com sucesso" owner="test_cart">
<kw name="Dictionary Should Contain Item" owner="Collections">
<arg>${response_carts.json()}</arg>
<arg>message</arg>
<arg>Cadastro realizado com sucesso</arg>
<doc>An item of ``key`` / ``value`` must be found in a ``dictionary``.</doc>
<status status="PASS" start="2025-06-06T14:44:29.924860" elapsed="0.001932"/>
</kw>
<kw name="Get From Dictionary" owner="Collections">
<msg time="2025-06-06T14:44:29.929467" level="INFO">${id_cart_cadastrado} = FzpNO7MSzkns3IJQ</msg>
<var>${id_cart_cadastrado}</var>
<arg>${response_carts.json()}</arg>
<arg>_id</arg>
<doc>Returns a value from the given ``dictionary`` based on the given ``key``.</doc>
<status status="PASS" start="2025-06-06T14:44:29.927420" elapsed="0.002167"/>
</kw>
<kw name="Set Suite Variable" owner="BuiltIn">
<msg time="2025-06-06T14:44:29.930759" level="INFO">${id_cart_cadastrado} = FzpNO7MSzkns3IJQ</msg>
<arg>${id_cart_cadastrado}</arg>
<doc>Makes a variable available everywhere within the scope of the current suite.</doc>
<status status="PASS" start="2025-06-06T14:44:29.930280" elapsed="0.000595"/>
</kw>
<status status="PASS" start="2025-06-06T14:44:29.923797" elapsed="0.007244"/>
</kw>
<status status="PASS" start="2025-06-06T14:44:28.416475" elapsed="1.515461"/>
</test>
<test id="s1-s1-s1-t2" name="Cenario 02: Listar carrinhos cadastrados" line="17">
<kw name="Criar um usuario novo" owner="test_login">
<kw name="First Name" owner="FakerLibrary">
<msg time="2025-06-06T14:44:29.937044" level="INFO">${random_first_name} = Maria Luísa</msg>
<var>${random_first_name}</var>
<status status="PASS" start="2025-06-06T14:44:29.936665" elapsed="0.000463"/>
</kw>
<kw name="Last Name" owner="FakerLibrary">
<msg time="2025-06-06T14:44:29.937705" level="INFO">${random_last_name} = Pires</msg>
<var>${random_last_name}</var>
<status status="PASS" start="2025-06-06T14:44:29.937389" elapsed="0.000382"/>
</kw>
<kw name="Email" owner="FakerLibrary">
<msg time="2025-06-06T14:44:29.938812" level="INFO">${random_email} = dferreira@example.net</msg>
<var>${random_email}</var>
<status status="PASS" start="2025-06-06T14:44:29.938220" elapsed="0.000687"/>
</kw>
<kw name="Password" owner="FakerLibrary">
<msg time="2025-06-06T14:44:29.939859" level="INFO">${random_senha} = DC#!S1Btm^</msg>
<var>${random_senha}</var>
<doc>Generate a random password of the specified ``length``.</doc>
<status status="PASS" start="2025-06-06T14:44:29.939297" elapsed="0.000674"/>
</kw>
<kw name="Create Dictionary" owner="BuiltIn">
<msg time="2025-06-06T14:44:29.941204" level="INFO">${user} = {'nome': 'Maria Luísa Pires', 'email': 'dferreira@example.net', 'senha': 'DC#!S1Btm^'}</msg>
<var>${user}</var>
<arg>nome=${random_first_name} ${random_last_name}</arg>
<arg>email=${random_email}</arg>
<arg>senha=${random_senha}</arg>
<doc>Creates and returns a dictionary based on the given ``items``.</doc>
<status status="PASS" start="2025-06-06T14:44:29.940389" elapsed="0.000875"/>
</kw>
<kw name="Set Global Variable" owner="BuiltIn">
<msg time="2025-06-06T14:44:29.941822" level="INFO">${user} = {'nome': 'Maria Luísa Pires', 'email': 'dferreira@example.net', 'senha': 'DC#!S1Btm^'}</msg>
<arg>${user}</arg>
<doc>Makes a variable available globally in all tests and suites.</doc>
<status status="PASS" start="2025-06-06T14:44:29.941488" elapsed="0.000448"/>
</kw>
<status status="PASS" start="2025-06-06T14:44:29.936130" elapsed="0.005994"/>
</kw>
<kw name="Iniciar sessao na API serverest" owner="test_login">
<kw name="Create Dictionary" owner="BuiltIn">
<msg time="2025-06-06T14:44:29.943495" level="INFO">${headers} = {'Content-Type': 'application/json'}</msg>
<var>${headers}</var>
<arg>Content-Type=application/json</arg>
<doc>Creates and returns a dictionary based on the given ``items``.</doc>
<status status="PASS" start="2025-06-06T14:44:29.943146" elapsed="0.000413"/>
</kw>
<kw name="Create Session" owner="RequestsLibrary">
<msg time="2025-06-06T14:44:29.944159" level="INFO">Creating Session using : alias=ServeRest, url=https://compassuol.serverest.dev, headers={'Content-Type': 'application/json'},                     cookies={}, auth=None, timeout=None, proxies=None, verify=False,                     debug=0 </msg>
<arg>alias=${alias}</arg>
<arg>url=https://compassuol.serverest.dev</arg>
<arg>headers=${headers}</arg>
<doc>Create Session: create a HTTP session to a server</doc>
<status status="PASS" start="2025-06-06T14:44:29.943773" elapsed="0.000635"/>
</kw>
<status status="PASS" start="2025-06-06T14:44:29.942563" elapsed="0.001961"/>
</kw>
<kw name="Cadastrar o usuario criado na ServeRest" owner="test_login">
<kw name="Criar um usuario novo" owner="test_login">
<kw name="First Name" owner="FakerLibrary">
<msg time="2025-06-06T14:44:29.946190" level="INFO">${random_first_name} = Murilo</msg>
<var>${random_first_name}</var>
<status status="PASS" start="2025-06-06T14:44:29.945844" elapsed="0.000417"/>
</kw>
<kw name="Last Name" owner="FakerLibrary">
<msg time="2025-06-06T14:44:29.946948" level="INFO">${random_last_name} = Vargas</msg>
<var>${random_last_name}</var>
<status status="PASS" start="2025-06-06T14:44:29.946539" elapsed="0.000530"/>
</kw>
<kw name="Email" owner="FakerLibrary">
<msg time="2025-06-06T14:44:29.947944" level="INFO">${random_email} = silveiramaria-luisa@example.net</msg>
<var>${random_email}</var>
<status status="PASS" start="2025-06-06T14:44:29.947369" elapsed="0.000641"/>
</kw>
<kw name="Password" owner="FakerLibrary">
<msg time="2025-06-06T14:44:29.948674" level="INFO">${random_senha} = R)$&amp;7G#+jf</msg>
<var>${random_senha}</var>
<doc>Generate a random password of the specified ``length``.</doc>
<status status="PASS" start="2025-06-06T14:44:29.948240" elapsed="0.000478"/>
</kw>
<kw name="Create Dictionary" owner="BuiltIn">
<msg time="2025-06-06T14:44:29.950041" level="INFO">${user} = {'nome': 'Murilo Vargas', 'email': 'silveiramaria-luisa@example.net', 'senha': 'R)$&amp;7G#+jf'}</msg>
<var>${user}</var>
<arg>nome=${random_first_name} ${random_last_name}</arg>
<arg>email=${random_email}</arg>
<arg>senha=${random_senha}</arg>
<doc>Creates and returns a dictionary based on the given ``items``.</doc>
<status status="PASS" start="2025-06-06T14:44:29.949126" elapsed="0.000992"/>
</kw>
<kw name="Set Global Variable" owner="BuiltIn">
<msg time="2025-06-06T14:44:29.950925" level="INFO">${user} = {'nome': 'Murilo Vargas', 'email': 'silveiramaria-luisa@example.net', 'senha': 'R)$&amp;7G#+jf'}</msg>
<arg>${user}</arg>
<doc>Makes a variable available globally in all tests and suites.</doc>
<status status="PASS" start="2025-06-06T14:44:29.950445" elapsed="0.000569"/>
</kw>
<status status="PASS" start="2025-06-06T14:44:29.945434" elapsed="0.005704"/>
</kw>
<kw name="Create Dictionary" owner="BuiltIn">
<msg time="2025-06-06T14:44:29.954719" level="INFO">${body} = {'nome': 'Murilo Vargas', 'email': 'silveiramaria-luisa@example.net', 'password': 'R)$&amp;7G#+jf', 'administrador': 'true'}</msg>
<var>${body}</var>
<arg>nome=${user.nome}</arg>
<arg>email=${user.email}</arg>
<arg>password=${user.senha}</arg>
<arg>administrador=true</arg>
<doc>Creates and returns a dictionary based on the given ``items``.</doc>
<status status="PASS" start="2025-06-06T14:44:29.951379" elapsed="0.003409"/>
</kw>
<kw name="POST On Session" owner="RequestsLibrary">
<msg time="2025-06-06T14:44:30.384607" level="INFO">POST Request : url=https://compassuol.serverest.dev/usuarios 
 path_url=/usuarios 
 headers={'User-Agent': 'python-requests/2.32.3', 'Accept-Encoding': 'gzip, deflate', 'Accept': '*/*', 'Connection': 'keep-alive', 'Content-Type': 'application/json', 'Content-Length': '120'} 
 body=b'{"nome": "Murilo Vargas", "email": "silveiramaria-luisa@example.net", "password": "R)$&amp;7G#+jf", "administrador": "true"}' 
 </msg>
<msg time="2025-06-06T14:44:30.385044" level="INFO">POST Response : url=https://compassuol.serverest.dev/usuarios 
 status=201, reason=Created 
 headers={'access-control-allow-origin': '*', 'x-dns-prefetch-control': 'off', 'x-frame-options': 'SAMEORIGIN', 'strict-transport-security': 'max-age=15552000; includeSubDomains', 'x-download-options': 'noopen', 'x-content-type-options': 'nosniff', 'x-xss-protection': '1; mode=block', 'content-type': 'application/json; charset=utf-8', 'x-cloud-trace-context': 'd3d71a08c4478a740cd1b52893a59172', 'date': 'Fri, 06 Jun 2025 17:44:29 GMT', 'server': 'Google Frontend', 'Content-Length': '82'} 
 body={
    "message": "Cadastro realizado com sucesso",
    "_id": "aPqTYgy0KSsMtswl"
} 
 </msg>
<msg time="2025-06-06T14:44:30.385405" level="INFO">C:\Program Files\Python313\Lib\site-packages\urllib3\connectionpool.py:1097: InsecureRequestWarning: Unverified HTTPS request is being made to host 'compassuol.serverest.dev'. Adding certificate verification is strongly advised. See: https://urllib3.readthedocs.io/en/latest/advanced-usage.html#tls-warnings
  warnings.warn(</msg>
<msg time="2025-06-06T14:44:30.388490" level="INFO">${response} = &lt;Response [201]&gt;</msg>
<var>${response}</var>
<arg>alias=${alias}</arg>
<arg>url=usuarios</arg>
<arg>json=${body}</arg>
<doc>Sends a POST request on a previously created HTTP Session.</doc>
<status status="PASS" start="2025-06-06T14:44:29.955124" elapsed="0.433535"/>
</kw>
<kw name="Log" owner="BuiltIn">
<msg time="2025-06-06T14:44:30.391554" level="INFO">Resposta Retornada: 
{
    "message": "Cadastro realizado com sucesso",
    "_id": "aPqTYgy0KSsMtswl"
}</msg>
<arg>Resposta Retornada: ${\n}${response.text}</arg>
<doc>Logs the given message with the given level.</doc>
<status status="PASS" start="2025-06-06T14:44:30.389166" elapsed="0.002589"/>
</kw>
<status status="PASS" start="2025-06-06T14:44:29.945013" elapsed="0.446989"/>
</kw>
<kw name="Realizar login com o usuario" owner="test_login">
<kw name="Create Dictionary" owner="BuiltIn">
<msg time="2025-06-06T14:44:30.396950" level="INFO">${body} = {'email': 'silveiramaria-luisa@example.net', 'password': 'R)$&amp;7G#+jf'}</msg>
<var>${body}</var>
<arg>email=${user.email}</arg>
<arg>password=${user.senha}</arg>
<doc>Creates and returns a dictionary based on the given ``items``.</doc>
<status status="PASS" start="2025-06-06T14:44:30.393839" elapsed="0.003192"/>
</kw>
<kw name="POST On Session" owner="RequestsLibrary">
<msg time="2025-06-06T14:44:30.585954" level="INFO">POST Request : url=https://compassuol.serverest.dev/login 
 path_url=/login 
 headers={'User-Agent': 'python-requests/2.32.3', 'Accept-Encoding': 'gzip, deflate', 'Accept': '*/*', 'Connection': 'keep-alive', 'Content-Type': 'application/json', 'Content-Length': '70'} 
 body=b'{"email": "silveiramaria-luisa@example.net", "password": "R)$&amp;7G#+jf"}' 
 </msg>
<msg time="2025-06-06T14:44:30.586660" level="INFO">POST Response : url=https://compassuol.serverest.dev/login 
 status=200, reason=OK 
 headers={'access-control-allow-origin': '*', 'x-dns-prefetch-control': 'off', 'x-frame-options': 'SAMEORIGIN', 'strict-transport-security': 'max-age=15552000; includeSubDomains', 'x-download-options': 'noopen', 'x-content-type-options': 'nosniff', 'x-xss-protection': '1; mode=block', 'content-type': 'application/json; charset=utf-8', 'x-cloud-trace-context': '8a64d20d8987a3750cd1b52893a5971d', 'date': 'Fri, 06 Jun 2025 17:44:29 GMT', 'server': 'Google Frontend', 'Content-Length': '296'} 
 body={
    "message": "Login realizado com sucesso",
    "authorization": "Bearer eyJhbGciOiJIUzI1NiIsInR5cCI6IkpXVCJ9.eyJlbWFpbCI6InNpbHZlaXJhbWFyaWEtbHVpc2FAZXhhbXBsZS5uZXQiLCJwYXNzd29yZCI6IlIpJCY3RyMramYiLCJpYXQiOjE3NDkyMzE4NjksImV4cCI6MTc0OTIzMjQ2OX0.n-3bH5MDL-RMzd9zfVX7zOF6PFs6zohcHhLlh0gNdo4"
} 
 </msg>
<msg time="2025-06-06T14:44:30.587150" level="INFO">C:\Program Files\Python313\Lib\site-packages\urllib3\connectionpool.py:1097: InsecureRequestWarning: Unverified HTTPS request is being made to host 'compassuol.serverest.dev'. Adding certificate verification is strongly advised. See: https://urllib3.readthedocs.io/en/latest/advanced-usage.html#tls-warnings
  warnings.warn(</msg>
<msg time="2025-06-06T14:44:30.589724" level="INFO">${response} = &lt;Response [200]&gt;</msg>
<var>${response}</var>
<arg>alias=${alias}</arg>
<arg>url=login</arg>
<arg>json=${body}</arg>
<arg>expected_status=${status_code_desejado}</arg>
<doc>Sends a POST request on a previously created HTTP Session.</doc>
<status status="PASS" start="2025-06-06T14:44:30.397366" elapsed="0.192542"/>
</kw>
<kw name="Log" owner="BuiltIn">
<msg time="2025-06-06T14:44:30.592470" level="INFO">Resposta Retornada: 
{
    "message": "Login realizado com sucesso",
    "authorization": "Bearer eyJhbGciOiJIUzI1NiIsInR5cCI6IkpXVCJ9.eyJlbWFpbCI6InNpbHZlaXJhbWFyaWEtbHVpc2FAZXhhbXBsZS5uZXQiLCJwYXNzd29yZCI6IlIpJCY3RyMramYiLCJpYXQiOjE3NDkyMzE4NjksImV4cCI6MTc0OTIzMjQ2OX0.n-3bH5MDL-RMzd9zfVX7zOF6PFs6zohcHhLlh0gNdo4"
}</msg>
<arg>Resposta Retornada: ${\n}${response.text}</arg>
<doc>Logs the given message with the given level.</doc>
<status status="PASS" start="2025-06-06T14:44:30.590513" elapsed="0.002241"/>
</kw>
<kw name="Dictionary Should Contain Item" owner="Collections">
<arg>${response.json()}</arg>
<arg>message</arg>
<arg>Login realizado com sucesso</arg>
<doc>An item of ``key`` / ``value`` must be found in a ``dictionary``.</doc>
<status status="PASS" start="2025-06-06T14:44:30.593148" elapsed="0.001982"/>
</kw>
<kw name="Get From Dictionary" owner="Collections">
<msg time="2025-06-06T14:44:30.597083" level="INFO">${token} = Bearer eyJhbGciOiJIUzI1NiIsInR5cCI6IkpXVCJ9.eyJlbWFpbCI6InNpbHZlaXJhbWFyaWEtbHVpc2FAZXhhbXBsZS5uZXQiLCJwYXNzd29yZCI6IlIpJCY3RyMramYiLCJpYXQiOjE3NDkyMzE4NjksImV4cCI6MTc0OTIzMjQ2OX0.n-3bH5MDL-RMzd9zfVX7...</msg>
<var>${token}</var>
<arg>${response.json()}</arg>
<arg>authorization</arg>
<doc>Returns a value from the given ``dictionary`` based on the given ``key``.</doc>
<status status="PASS" start="2025-06-06T14:44:30.595471" elapsed="0.001692"/>
</kw>
<kw name="Set Global Variable" owner="BuiltIn">
<msg time="2025-06-06T14:44:30.598320" level="INFO">${token} = Bearer eyJhbGciOiJIUzI1NiIsInR5cCI6IkpXVCJ9.eyJlbWFpbCI6InNpbHZlaXJhbWFyaWEtbHVpc2FAZXhhbXBsZS5uZXQiLCJwYXNzd29yZCI6IlIpJCY3RyMramYiLCJpYXQiOjE3NDkyMzE4NjksImV4cCI6MTc0OTIzMjQ2OX0.n-3bH5MDL-RMzd9zfVX7...</msg>
<arg>${token}</arg>
<doc>Makes a variable available globally in all tests and suites.</doc>
<status status="PASS" start="2025-06-06T14:44:30.597505" elapsed="0.000987"/>
</kw>
<arg>status_code_desejado=200</arg>
<status status="PASS" start="2025-06-06T14:44:30.392986" elapsed="0.205735"/>
</kw>
<kw name="Buscar carrinhos cadastrados" owner="test_cart">
<kw name="Create Dictionary" owner="BuiltIn">
<msg time="2025-06-06T14:44:30.600543" level="INFO">${headers} = {'Authorization': 'Bearer eyJhbGciOiJIUzI1NiIsInR5cCI6IkpXVCJ9.eyJlbWFpbCI6InNpbHZlaXJhbWFyaWEtbHVpc2FAZXhhbXBsZS5uZXQiLCJwYXNzd29yZCI6IlIpJCY3RyMramYiLCJpYXQiOjE3NDkyMzE4NjksImV4cCI6MTc0OTIzMjQ2OX0.n...</msg>
<var>${headers}</var>
<arg>Authorization=${token}</arg>
<doc>Creates and returns a dictionary based on the given ``items``.</doc>
<status status="PASS" start="2025-06-06T14:44:30.600100" elapsed="0.000504"/>
</kw>
<kw name="GET On Session" owner="RequestsLibrary">
<msg time="2025-06-06T14:44:30.794134" level="INFO">GET Request : url=https://compassuol.serverest.dev/carrinhos 
 path_url=/carrinhos 
 headers={'User-Agent': 'python-requests/2.32.3', 'Accept-Encoding': 'gzip, deflate', 'Accept': '*/*', 'Connection': 'keep-alive', 'Content-Type': 'application/json', 'Authorization': '*****'} 
 body=None 
 </msg>
<msg time="2025-06-06T14:44:30.794437" level="INFO">GET Response : url=https://compassuol.serverest.dev/carrinhos 
 status=200, reason=OK 
 headers={'access-control-allow-origin': '*', 'x-dns-prefetch-control': 'off', 'x-frame-options': 'SAMEORIGIN', 'strict-transport-security': 'max-age=15552000; includeSubDomains', 'x-download-options': 'noopen', 'x-content-type-options': 'nosniff', 'x-xss-protection': '1; mode=block', 'content-type': 'application/json; charset=utf-8', 'x-cloud-trace-context': 'd201e1ed32e13e4c0cd1b52893a59b5c', 'date': 'Fri, 06 Jun 2025 17:44:30 GMT', 'server': 'Google Frontend', 'Content-Length': '1626'} 
 body={
    "quantidade": 4,
    "carrinhos": [
        {
            "produtos": [
                {
                    "idProduto": "szlYpqBeUzn4Eff8",
                    "quantidade": 40291730,
                    "precoUnitario": 856286942
                }
            ],
            "precoTotal": 34501282269589660,
            "quantidadeTotal": 40291730,
            "idUsuario": "BONOiLNkIebUugr7",
            "_id": "2iIF4ZNixzhUMwrl"
        },
        {
            "produtos": [
                {
                    "idProduto": "ws4wxdkssgGpv898",
                    "quantidade": "10",
                    "precoUnitario": 6661
                }
            ],
            "precoTotal": 66610,
            "quantidadeTotal": "010",
            "idUsuario": "UThV7pqVvQ4SwCTB",
            "_id": "FzpNO7MSzkns3IJQ"
        },
        {
            "produtos": [
                {
                    "idProduto": "d7wychm9ETicktLp",
                    "quantidade": "1",
                    "precoUnitario": 100
                }
            ],
            "precoTotal": 100,
            "quantidadeTotal": "01",
            "idUsuario": "0uxuPY0cbmQhpEz1",
            "_id": "dHPmw4I4GOFYb6kZ"
        },
        {
            "produtos": [
                {
                    "idProduto": "Vm7egqPvqVBgQhCO",
                    "quantidade": 921992077,
                    "precoUnitario": 7
                }
            ],
            "precoTotal": 6453944539,
            "quantidadeTotal": 921992077,
            "idUsuario": "ecCTPtJWFiLm9DiV",
            "_id": "xFx3vWzNBteHUBKb"
        }
    ]
} 
 </msg>
<msg time="2025-06-06T14:44:30.794965" level="INFO">C:\Program Files\Python313\Lib\site-packages\urllib3\connectionpool.py:1097: InsecureRequestWarning: Unverified HTTPS request is being made to host 'compassuol.serverest.dev'. Adding certificate verification is strongly advised. See: https://urllib3.readthedocs.io/en/latest/advanced-usage.html#tls-warnings
  warnings.warn(</msg>
<msg time="2025-06-06T14:44:30.796627" level="INFO">${response_listacarts} = &lt;Response [200]&gt;</msg>
<var>${response_listacarts}</var>
<arg>alias=${alias}</arg>
<arg>url=carrinhos</arg>
<arg>headers=${headers}</arg>
<doc>Sends a GET request on a previously created HTTP Session.</doc>
<status status="PASS" start="2025-06-06T14:44:30.600840" elapsed="0.196060"/>
</kw>
<kw name="Set Suite Variable" owner="BuiltIn">
<msg time="2025-06-06T14:44:30.798831" level="INFO">${response_listacarts} = &lt;Response [200]&gt;</msg>
<arg>${response_listacarts}</arg>
<doc>Makes a variable available everywhere within the scope of the current suite.</doc>
<status status="PASS" start="2025-06-06T14:44:30.797844" elapsed="0.001212"/>
</kw>
<kw name="Set Test Variable" owner="BuiltIn">
<msg time="2025-06-06T14:44:30.806189" level="INFO">${response_body} = {'quantidade': 4, 'carrinhos': [{'produtos': [{'idProduto': 'szlYpqBeUzn4Eff8', 'quantidade': 40291730, 'precoUnitario': 856286942}], 'precoTotal': 34501282269589660, 'quantidadeTotal': 40291730, 'idU...</msg>
<arg>${response_body}</arg>
<arg>${response_listacarts.json()}</arg>
<doc>Makes a variable available everywhere within the scope of the current test.</doc>
<status status="PASS" start="2025-06-06T14:44:30.799735" elapsed="0.006709"/>
</kw>
<status status="PASS" start="2025-06-06T14:44:30.599538" elapsed="0.207233"/>
</kw>
<kw name="Conferir os carrinhos cadastrados" owner="test_cart">
<for flavor="IN">
<iter>
<kw name="Set Variable" owner="BuiltIn">
<msg time="2025-06-06T14:44:30.812760" level="INFO">${qtde_total} = 0</msg>
<var>${qtde_total}</var>
<arg>${0}</arg>
<doc>Returns the given values which can then be assigned to a variables.</doc>
<status status="PASS" start="2025-06-06T14:44:30.811250" elapsed="0.001655"/>
</kw>
<kw name="Set Variable" owner="BuiltIn">
<msg time="2025-06-06T14:44:30.815033" level="INFO">${preco_total} = 0</msg>
<var>${preco_total}</var>
<arg>${0}</arg>
<doc>Returns the given values which can then be assigned to a variables.</doc>
<status status="PASS" start="2025-06-06T14:44:30.813524" elapsed="0.001640"/>
</kw>
<for flavor="IN">
<iter>
<kw name="Set Test Variable" owner="BuiltIn">
<msg time="2025-06-06T14:44:30.821119" level="INFO">${qtde} = 40291730</msg>
<arg>${qtde}</arg>
<arg>${prod['quantidade']}</arg>
<doc>Makes a variable available everywhere within the scope of the current test.</doc>
<status status="PASS" start="2025-06-06T14:44:30.817890" elapsed="0.003336"/>
</kw>
<kw name="Set Test Variable" owner="BuiltIn">
<msg time="2025-06-06T14:44:30.825676" level="INFO">${preco_unit} = 856286942</msg>
<arg>${preco_unit}</arg>
<arg>${prod['precoUnitario']}</arg>
<doc>Makes a variable available everywhere within the scope of the current test.</doc>
<status status="PASS" start="2025-06-06T14:44:30.821488" elapsed="0.004302"/>
</kw>
<kw name="Evaluate" owner="BuiltIn">
<msg time="2025-06-06T14:44:30.826770" level="INFO">${qtde_total} = 40291730</msg>
<var>${qtde_total}</var>
<arg>${qtde_total} + ${prod['quantidade']}</arg>
<doc>Evaluates the given expression in Python and returns the result.</doc>
<status status="PASS" start="2025-06-06T14:44:30.826004" elapsed="0.000806"/>
</kw>
<kw name="Evaluate" owner="BuiltIn">
<msg time="2025-06-06T14:44:30.827733" level="INFO">${preco_total} = 34501282269589660</msg>
<var>${preco_total}</var>
<arg>(${preco_unit} * ${prod['quantidade']}) + ${preco_total}</arg>
<doc>Evaluates the given expression in Python and returns the result.</doc>
<status status="PASS" start="2025-06-06T14:44:30.826969" elapsed="0.000814"/>
</kw>
<var name="${prod}">{'idProduto': 'szlYpqBeUzn4Eff8', 'quantidade': 40291730, 'precoUnitario': 856286942}</var>
<status status="PASS" start="2025-06-06T14:44:30.817467" elapsed="0.010370"/>
</iter>
<var>${prod}</var>
<value>@{carrinho['produtos']}</value>
<status status="PASS" start="2025-06-06T14:44:30.815412" elapsed="0.012480"/>
</for>
<kw name="Set Test Variable" owner="BuiltIn">
<msg time="2025-06-06T14:44:30.828258" level="INFO">${qtde_total} = 40291730</msg>
<arg>${qtde_total}</arg>
<doc>Makes a variable available everywhere within the scope of the current test.</doc>
<status status="PASS" start="2025-06-06T14:44:30.828051" elapsed="0.000265"/>
</kw>
<kw name="Set Test Variable" owner="BuiltIn">
<msg time="2025-06-06T14:44:30.829691" level="INFO">${preco_total} = 34501282269589660</msg>
<arg>${preco_total}</arg>
<doc>Makes a variable available everywhere within the scope of the current test.</doc>
<status status="PASS" start="2025-06-06T14:44:30.828676" elapsed="0.001243"/>
</kw>
<kw name="Should Be Equal As Integers" owner="BuiltIn">
<arg>${carrinho['quantidadeTotal']}</arg>
<arg>${qtde_total}</arg>
<doc>Fails if objects are unequal after converting them to integers.</doc>
<status status="PASS" start="2025-06-06T14:44:30.830253" elapsed="0.001083"/>
</kw>
<kw name="Should Be Equal As Integers" owner="BuiltIn">
<arg>${carrinho['precoTotal']}</arg>
<arg>${preco_total}</arg>
<doc>Fails if objects are unequal after converting them to integers.</doc>
<status status="PASS" start="2025-06-06T14:44:30.831628" elapsed="0.001601"/>
</kw>
<var name="${carrinho}">{'produtos': [{'idProduto': 'szlYpqBeUzn4Eff8', 'quantidade': 40291730, 'precoUnitario': 856286942}], 'precoTotal': 34501282269589660, 'quantidadeTotal': 40291730, 'idUsuario': 'BONOiLNkIebUugr7', '_i...</var>
<status status="PASS" start="2025-06-06T14:44:30.810971" elapsed="0.022569"/>
</iter>
<iter>
<kw name="Set Variable" owner="BuiltIn">
<msg time="2025-06-06T14:44:30.834430" level="INFO">${qtde_total} = 0</msg>
<var>${qtde_total}</var>
<arg>${0}</arg>
<doc>Returns the given values which can then be assigned to a variables.</doc>
<status status="PASS" start="2025-06-06T14:44:30.833905" elapsed="0.000562"/>
</kw>
<kw name="Set Variable" owner="BuiltIn">
<msg time="2025-06-06T14:44:30.835009" level="INFO">${preco_total} = 0</msg>
<var>${preco_total}</var>
<arg>${0}</arg>
<doc>Returns the given values which can then be assigned to a variables.</doc>
<status status="PASS" start="2025-06-06T14:44:30.834612" elapsed="0.000430"/>
</kw>
<for flavor="IN">
<iter>
<kw name="Set Test Variable" owner="BuiltIn">
<msg time="2025-06-06T14:44:30.838490" level="INFO">${qtde} = 10</msg>
<arg>${qtde}</arg>
<arg>${prod['quantidade']}</arg>
<doc>Makes a variable available everywhere within the scope of the current test.</doc>
<status status="PASS" start="2025-06-06T14:44:30.836252" elapsed="0.002355"/>
</kw>
<kw name="Set Test Variable" owner="BuiltIn">
<msg time="2025-06-06T14:44:30.839346" level="INFO">${preco_unit} = 6661</msg>
<arg>${preco_unit}</arg>
<arg>${prod['precoUnitario']}</arg>
<doc>Makes a variable available everywhere within the scope of the current test.</doc>
<status status="PASS" start="2025-06-06T14:44:30.838784" elapsed="0.000611"/>
</kw>
<kw name="Evaluate" owner="BuiltIn">
<msg time="2025-06-06T14:44:30.840008" level="INFO">${qtde_total} = 10</msg>
<var>${qtde_total}</var>
<arg>${qtde_total} + ${prod['quantidade']}</arg>
<doc>Evaluates the given expression in Python and returns the result.</doc>
<status status="PASS" start="2025-06-06T14:44:30.839517" elapsed="0.000520"/>
</kw>
<kw name="Evaluate" owner="BuiltIn">
<msg time="2025-06-06T14:44:30.840649" level="INFO">${preco_total} = 66610</msg>
<var>${preco_total}</var>
<arg>(${preco_unit} * ${prod['quantidade']}) + ${preco_total}</arg>
<doc>Evaluates the given expression in Python and returns the result.</doc>
<status status="PASS" start="2025-06-06T14:44:30.840136" elapsed="0.000540"/>
</kw>
<var name="${prod}">{'idProduto': 'ws4wxdkssgGpv898', 'quantidade': '10', 'precoUnitario': 6661}</var>
<status status="PASS" start="2025-06-06T14:44:30.835887" elapsed="0.004861"/>
</iter>
<var>${prod}</var>
<value>@{carrinho['produtos']}</value>
<status status="PASS" start="2025-06-06T14:44:30.835107" elapsed="0.005792"/>
</for>
<kw name="Set Test Variable" owner="BuiltIn">
<msg time="2025-06-06T14:44:30.841172" level="INFO">${qtde_total} = 10</msg>
<arg>${qtde_total}</arg>
<doc>Makes a variable available everywhere within the scope of the current test.</doc>
<status status="PASS" start="2025-06-06T14:44:30.841028" elapsed="0.000183"/>
</kw>
<kw name="Set Test Variable" owner="BuiltIn">
<msg time="2025-06-06T14:44:30.841452" level="INFO">${preco_total} = 66610</msg>
<arg>${preco_total}</arg>
<doc>Makes a variable available everywhere within the scope of the current test.</doc>
<status status="PASS" start="2025-06-06T14:44:30.841312" elapsed="0.000178"/>
</kw>
<kw name="Should Be Equal As Integers" owner="BuiltIn">
<msg time="2025-06-06T14:44:30.841984" level="INFO">Argument types are:
&lt;class 'str'&gt;
&lt;class 'int'&gt;</msg>
<arg>${carrinho['quantidadeTotal']}</arg>
<arg>${qtde_total}</arg>
<doc>Fails if objects are unequal after converting them to integers.</doc>
<status status="PASS" start="2025-06-06T14:44:30.841584" elapsed="0.000457"/>
</kw>
<kw name="Should Be Equal As Integers" owner="BuiltIn">
<arg>${carrinho['precoTotal']}</arg>
<arg>${preco_total}</arg>
<doc>Fails if objects are unequal after converting them to integers.</doc>
<status status="PASS" start="2025-06-06T14:44:30.842141" elapsed="0.000443"/>
</kw>
<var name="${carrinho}">{'produtos': [{'idProduto': 'ws4wxdkssgGpv898', 'quantidade': '10', 'precoUnitario': 6661}], 'precoTotal': 66610, 'quantidadeTotal': '010', 'idUsuario': 'UThV7pqVvQ4SwCTB', '_id': 'FzpNO7MSzkns3IJQ'}</var>
<status status="PASS" start="2025-06-06T14:44:30.833769" elapsed="0.008856"/>
</iter>
<iter>
<kw name="Set Variable" owner="BuiltIn">
<msg time="2025-06-06T14:44:30.843194" level="INFO">${qtde_total} = 0</msg>
<var>${qtde_total}</var>
<arg>${0}</arg>
<doc>Returns the given values which can then be assigned to a variables.</doc>
<status status="PASS" start="2025-06-06T14:44:30.842855" elapsed="0.000366"/>
</kw>
<kw name="Set Variable" owner="BuiltIn">
<msg time="2025-06-06T14:44:30.843645" level="INFO">${preco_total} = 0</msg>
<var>${preco_total}</var>
<arg>${0}</arg>
<doc>Returns the given values which can then be assigned to a variables.</doc>
<status status="PASS" start="2025-06-06T14:44:30.843321" elapsed="0.000351"/>
</kw>
<for flavor="IN">
<iter>
<kw name="Set Test Variable" owner="BuiltIn">
<msg time="2025-06-06T14:44:30.845016" level="INFO">${qtde} = 1</msg>
<arg>${qtde}</arg>
<arg>${prod['quantidade']}</arg>
<doc>Makes a variable available everywhere within the scope of the current test.</doc>
<status status="PASS" start="2025-06-06T14:44:30.844220" elapsed="0.000851"/>
</kw>
<kw name="Set Test Variable" owner="BuiltIn">
<msg time="2025-06-06T14:44:30.845680" level="INFO">${preco_unit} = 100</msg>
<arg>${preco_unit}</arg>
<arg>${prod['precoUnitario']}</arg>
<doc>Makes a variable available everywhere within the scope of the current test.</doc>
<status status="PASS" start="2025-06-06T14:44:30.845212" elapsed="0.000513"/>
</kw>
<kw name="Evaluate" owner="BuiltIn">
<msg time="2025-06-06T14:44:30.846325" level="INFO">${qtde_total} = 1</msg>
<var>${qtde_total}</var>
<arg>${qtde_total} + ${prod['quantidade']}</arg>
<doc>Evaluates the given expression in Python and returns the result.</doc>
<status status="PASS" start="2025-06-06T14:44:30.845835" elapsed="0.000518"/>
</kw>
<kw name="Evaluate" owner="BuiltIn">
<msg time="2025-06-06T14:44:30.846958" level="INFO">${preco_total} = 100</msg>
<var>${preco_total}</var>
<arg>(${preco_unit} * ${prod['quantidade']}) + ${preco_total}</arg>
<doc>Evaluates the given expression in Python and returns the result.</doc>
<status status="PASS" start="2025-06-06T14:44:30.846455" elapsed="0.000530"/>
</kw>
<var name="${prod}">{'idProduto': 'd7wychm9ETicktLp', 'quantidade': '1', 'precoUnitario': 100}</var>
<status status="PASS" start="2025-06-06T14:44:30.844132" elapsed="0.002891"/>
</iter>
<var>${prod}</var>
<value>@{carrinho['produtos']}</value>
<status status="PASS" start="2025-06-06T14:44:30.843731" elapsed="0.003325"/>
</for>
<kw name="Set Test Variable" owner="BuiltIn">
<msg time="2025-06-06T14:44:30.847293" level="INFO">${qtde_total} = 1</msg>
<arg>${qtde_total}</arg>
<doc>Makes a variable available everywhere within the scope of the current test.</doc>
<status status="PASS" start="2025-06-06T14:44:30.847156" elapsed="0.000175"/>
</kw>
<kw name="Set Test Variable" owner="BuiltIn">
<msg time="2025-06-06T14:44:30.847679" level="INFO">${preco_total} = 100</msg>
<arg>${preco_total}</arg>
<doc>Makes a variable available everywhere within the scope of the current test.</doc>
<status status="PASS" start="2025-06-06T14:44:30.847433" elapsed="0.000323"/>
</kw>
<kw name="Should Be Equal As Integers" owner="BuiltIn">
<msg time="2025-06-06T14:44:30.848626" level="INFO">Argument types are:
&lt;class 'str'&gt;
&lt;class 'int'&gt;</msg>
<arg>${carrinho['quantidadeTotal']}</arg>
<arg>${qtde_total}</arg>
<doc>Fails if objects are unequal after converting them to integers.</doc>
<status status="PASS" start="2025-06-06T14:44:30.847894" elapsed="0.001025"/>
</kw>
<kw name="Should Be Equal As Integers" owner="BuiltIn">
<arg>${carrinho['precoTotal']}</arg>
<arg>${preco_total}</arg>
<doc>Fails if objects are unequal after converting them to integers.</doc>
<status status="PASS" start="2025-06-06T14:44:30.849294" elapsed="0.000986"/>
</kw>
<var name="${carrinho}">{'produtos': [{'idProduto': 'd7wychm9ETicktLp', 'quantidade': '1', 'precoUnitario': 100}], 'precoTotal': 100, 'quantidadeTotal': '01', 'idUsuario': '0uxuPY0cbmQhpEz1', '_id': 'dHPmw4I4GOFYb6kZ'}</var>
<status status="PASS" start="2025-06-06T14:44:30.842777" elapsed="0.007610"/>
</iter>
<iter>
<kw name="Set Variable" owner="BuiltIn">
<msg time="2025-06-06T14:44:30.851065" level="INFO">${qtde_total} = 0</msg>
<var>${qtde_total}</var>
<arg>${0}</arg>
<doc>Returns the given values which can then be assigned to a variables.</doc>
<status status="PASS" start="2025-06-06T14:44:30.850689" elapsed="0.000404"/>
</kw>
<kw name="Set Variable" owner="BuiltIn">
<msg time="2025-06-06T14:44:30.851536" level="INFO">${preco_total} = 0</msg>
<var>${preco_total}</var>
<arg>${0}</arg>
<doc>Returns the given values which can then be assigned to a variables.</doc>
<status status="PASS" start="2025-06-06T14:44:30.851201" elapsed="0.000361"/>
</kw>
<for flavor="IN">
<iter>
<kw name="Set Test Variable" owner="BuiltIn">
<msg time="2025-06-06T14:44:30.852592" level="INFO">${qtde} = 921992077</msg>
<arg>${qtde}</arg>
<arg>${prod['quantidade']}</arg>
<doc>Makes a variable available everywhere within the scope of the current test.</doc>
<status status="PASS" start="2025-06-06T14:44:30.852112" elapsed="0.000528"/>
</kw>
<kw name="Set Test Variable" owner="BuiltIn">
<msg time="2025-06-06T14:44:30.853186" level="INFO">${preco_unit} = 7</msg>
<arg>${preco_unit}</arg>
<arg>${prod['precoUnitario']}</arg>
<doc>Makes a variable available everywhere within the scope of the current test.</doc>
<status status="PASS" start="2025-06-06T14:44:30.852752" elapsed="0.000486"/>
</kw>
<kw name="Evaluate" owner="BuiltIn">
<msg time="2025-06-06T14:44:30.853843" level="INFO">${qtde_total} = 921992077</msg>
<var>${qtde_total}</var>
<arg>${qtde_total} + ${prod['quantidade']}</arg>
<doc>Evaluates the given expression in Python and returns the result.</doc>
<status status="PASS" start="2025-06-06T14:44:30.853347" elapsed="0.000523"/>
</kw>
<kw name="Evaluate" owner="BuiltIn">
<msg time="2025-06-06T14:44:30.854487" level="INFO">${preco_total} = 6453944539</msg>
<var>${preco_total}</var>
<arg>(${preco_unit} * ${prod['quantidade']}) + ${preco_total}</arg>
<doc>Evaluates the given expression in Python and returns the result.</doc>
<status status="PASS" start="2025-06-06T14:44:30.853974" elapsed="0.000540"/>
</kw>
<var name="${prod}">{'idProduto': 'Vm7egqPvqVBgQhCO', 'quantidade': 921992077, 'precoUnitario': 7}</var>
<status status="PASS" start="2025-06-06T14:44:30.852021" elapsed="0.002582"/>
</iter>
<var>${prod}</var>
<value>@{carrinho['produtos']}</value>
<status status="PASS" start="2025-06-06T14:44:30.851616" elapsed="0.003024"/>
</for>
<kw name="Set Test Variable" owner="BuiltIn">
<msg time="2025-06-06T14:44:30.854884" level="INFO">${qtde_total} = 921992077</msg>
<arg>${qtde_total}</arg>
<doc>Makes a variable available everywhere within the scope of the current test.</doc>
<status status="PASS" start="2025-06-06T14:44:30.854744" elapsed="0.000179"/>
</kw>
<kw name="Set Test Variable" owner="BuiltIn">
<msg time="2025-06-06T14:44:30.855148" level="INFO">${preco_total} = 6453944539</msg>
<arg>${preco_total}</arg>
<doc>Makes a variable available everywhere within the scope of the current test.</doc>
<status status="PASS" start="2025-06-06T14:44:30.855018" elapsed="0.000166"/>
</kw>
<kw name="Should Be Equal As Integers" owner="BuiltIn">
<arg>${carrinho['quantidadeTotal']}</arg>
<arg>${qtde_total}</arg>
<doc>Fails if objects are unequal after converting them to integers.</doc>
<status status="PASS" start="2025-06-06T14:44:30.855286" elapsed="0.000423"/>
</kw>
<kw name="Should Be Equal As Integers" owner="BuiltIn">
<arg>${carrinho['precoTotal']}</arg>
<arg>${preco_total}</arg>
<doc>Fails if objects are unequal after converting them to integers.</doc>
<status status="PASS" start="2025-06-06T14:44:30.855811" elapsed="0.000436"/>
</kw>
<var name="${carrinho}">{'produtos': [{'idProduto': 'Vm7egqPvqVBgQhCO', 'quantidade': 921992077, 'precoUnitario': 7}], 'precoTotal': 6453944539, 'quantidadeTotal': 921992077, 'idUsuario': 'ecCTPtJWFiLm9DiV', '_id': 'xFx3vWzN...</var>
<status status="PASS" start="2025-06-06T14:44:30.850587" elapsed="0.005703"/>
</iter>
<var>${carrinho}</var>
<value>@{response_body['carrinhos']}</value>
<status status="PASS" start="2025-06-06T14:44:30.809204" elapsed="0.047119"/>
</for>
<status status="PASS" start="2025-06-06T14:44:30.808385" elapsed="0.047994"/>
</kw>
<status status="PASS" start="2025-06-06T14:44:29.934236" elapsed="0.922434"/>
</test>
<test id="s1-s1-s1-t3" name="Cenario 03: Deletar um carrinho" line="25">
<kw name="Criar um usuario novo" owner="test_login">
<kw name="First Name" owner="FakerLibrary">
<msg time="2025-06-06T14:44:30.858332" level="INFO">${random_first_name} = Rhavi</msg>
<var>${random_first_name}</var>
<status status="PASS" start="2025-06-06T14:44:30.858173" elapsed="0.000189"/>
</kw>
<kw name="Last Name" owner="FakerLibrary">
<msg time="2025-06-06T14:44:30.858585" level="INFO">${random_last_name} = Barbosa</msg>
<var>${random_last_name}</var>
<status status="PASS" start="2025-06-06T14:44:30.858459" elapsed="0.000152"/>
</kw>
<kw name="Email" owner="FakerLibrary">
<msg time="2025-06-06T14:44:30.858879" level="INFO">${random_email} = yago99@example.org</msg>
<var>${random_email}</var>
<status status="PASS" start="2025-06-06T14:44:30.858706" elapsed="0.000199"/>
</kw>
<kw name="Password" owner="FakerLibrary">
<msg time="2025-06-06T14:44:30.859152" level="INFO">${random_senha} = +6FwqgfeRM</msg>
<var>${random_senha}</var>
<doc>Generate a random password of the specified ``length``.</doc>
<status status="PASS" start="2025-06-06T14:44:30.859003" elapsed="0.000175"/>
</kw>
<kw name="Create Dictionary" owner="BuiltIn">
<msg time="2025-06-06T14:44:30.859751" level="INFO">${user} = {'nome': 'Rhavi Barbosa', 'email': 'yago99@example.org', 'senha': '+6FwqgfeRM'}</msg>
<var>${user}</var>
<arg>nome=${random_first_name} ${random_last_name}</arg>
<arg>email=${random_email}</arg>
<arg>senha=${random_senha}</arg>
<doc>Creates and returns a dictionary based on the given ``items``.</doc>
<status status="PASS" start="2025-06-06T14:44:30.859432" elapsed="0.000347"/>
</kw>
<kw name="Set Global Variable" owner="BuiltIn">
<msg time="2025-06-06T14:44:30.860059" level="INFO">${user} = {'nome': 'Rhavi Barbosa', 'email': 'yago99@example.org', 'senha': '+6FwqgfeRM'}</msg>
<arg>${user}</arg>
<doc>Makes a variable available globally in all tests and suites.</doc>
<status status="PASS" start="2025-06-06T14:44:30.859890" elapsed="0.000210"/>
</kw>
<status status="PASS" start="2025-06-06T14:44:30.857934" elapsed="0.002220"/>
</kw>
<kw name="Iniciar sessao na API serverest" owner="test_login">
<kw name="Create Dictionary" owner="BuiltIn">
<msg time="2025-06-06T14:44:30.860841" level="INFO">${headers} = {'Content-Type': 'application/json'}</msg>
<var>${headers}</var>
<arg>Content-Type=application/json</arg>
<doc>Creates and returns a dictionary based on the given ``items``.</doc>
<status status="PASS" start="2025-06-06T14:44:30.860700" elapsed="0.000167"/>
</kw>
<kw name="Create Session" owner="RequestsLibrary">
<msg time="2025-06-06T14:44:30.861161" level="INFO">Creating Session using : alias=ServeRest, url=https://compassuol.serverest.dev, headers={'Content-Type': 'application/json'},                     cookies={}, auth=None, timeout=None, proxies=None, verify=False,                     debug=0 </msg>
<arg>alias=${alias}</arg>
<arg>url=https://compassuol.serverest.dev</arg>
<arg>headers=${headers}</arg>
<doc>Create Session: create a HTTP session to a server</doc>
<status status="PASS" start="2025-06-06T14:44:30.860966" elapsed="0.000337"/>
</kw>
<status status="PASS" start="2025-06-06T14:44:30.860477" elapsed="0.000889"/>
</kw>
<kw name="Cadastrar o usuario criado na ServeRest" owner="test_login">
<kw name="Criar um usuario novo" owner="test_login">
<kw name="First Name" owner="FakerLibrary">
<msg time="2025-06-06T14:44:30.866357" level="INFO">${random_first_name} = Caroline</msg>
<var>${random_first_name}</var>
<status status="PASS" start="2025-06-06T14:44:30.866183" elapsed="0.000206"/>
</kw>
<kw name="Last Name" owner="FakerLibrary">
<msg time="2025-06-06T14:44:30.866617" level="INFO">${random_last_name} = Novais</msg>
<var>${random_last_name}</var>
<status status="PASS" start="2025-06-06T14:44:30.866490" elapsed="0.000151"/>
</kw>
<kw name="Email" owner="FakerLibrary">
<msg time="2025-06-06T14:44:30.866888" level="INFO">${random_email} = maria-cecilia45@example.net</msg>
<var>${random_email}</var>
<status status="PASS" start="2025-06-06T14:44:30.866727" elapsed="0.000187"/>
</kw>
<kw name="Password" owner="FakerLibrary">
<msg time="2025-06-06T14:44:30.867148" level="INFO">${random_senha} = Qw)$23Cqq4</msg>
<var>${random_senha}</var>
<doc>Generate a random password of the specified ``length``.</doc>
<status status="PASS" start="2025-06-06T14:44:30.867004" elapsed="0.000170"/>
</kw>
<kw name="Create Dictionary" owner="BuiltIn">
<msg time="2025-06-06T14:44:30.867565" level="INFO">${user} = {'nome': 'Caroline Novais', 'email': 'maria-cecilia45@example.net', 'senha': 'Qw)$23Cqq4'}</msg>
<var>${user}</var>
<arg>nome=${random_first_name} ${random_last_name}</arg>
<arg>email=${random_email}</arg>
<arg>senha=${random_senha}</arg>
<doc>Creates and returns a dictionary based on the given ``items``.</doc>
<status status="PASS" start="2025-06-06T14:44:30.867282" elapsed="0.000310"/>
</kw>
<kw name="Set Global Variable" owner="BuiltIn">
<msg time="2025-06-06T14:44:30.867872" level="INFO">${user} = {'nome': 'Caroline Novais', 'email': 'maria-cecilia45@example.net', 'senha': 'Qw)$23Cqq4'}</msg>
<arg>${user}</arg>
<doc>Makes a variable available globally in all tests and suites.</doc>
<status status="PASS" start="2025-06-06T14:44:30.867697" elapsed="0.000213"/>
</kw>
<status status="PASS" start="2025-06-06T14:44:30.865663" elapsed="0.002301"/>
</kw>
<kw name="Create Dictionary" owner="BuiltIn">
<msg time="2025-06-06T14:44:30.869182" level="INFO">${body} = {'nome': 'Caroline Novais', 'email': 'maria-cecilia45@example.net', 'password': 'Qw)$23Cqq4', 'administrador': 'true'}</msg>
<var>${body}</var>
<arg>nome=${user.nome}</arg>
<arg>email=${user.email}</arg>
<arg>password=${user.senha}</arg>
<arg>administrador=true</arg>
<doc>Creates and returns a dictionary based on the given ``items``.</doc>
<status status="PASS" start="2025-06-06T14:44:30.868054" elapsed="0.001161"/>
</kw>
<kw name="POST On Session" owner="RequestsLibrary">
<msg time="2025-06-06T14:44:31.304052" level="INFO">POST Request : url=https://compassuol.serverest.dev/usuarios 
 path_url=/usuarios 
 headers={'User-Agent': 'python-requests/2.32.3', 'Accept-Encoding': 'gzip, deflate', 'Accept': '*/*', 'Connection': 'keep-alive', 'Content-Type': 'application/json', 'Content-Length': '118'} 
 body=b'{"nome": "Caroline Novais", "email": "maria-cecilia45@example.net", "password": "Qw)$23Cqq4", "administrador": "true"}' 
 </msg>
<msg time="2025-06-06T14:44:31.304481" level="INFO">POST Response : url=https://compassuol.serverest.dev/usuarios 
 status=201, reason=Created 
 headers={'access-control-allow-origin': '*', 'x-dns-prefetch-control': 'off', 'x-frame-options': 'SAMEORIGIN', 'strict-transport-security': 'max-age=15552000; includeSubDomains', 'x-download-options': 'noopen', 'x-content-type-options': 'nosniff', 'x-xss-protection': '1; mode=block', 'content-type': 'application/json; charset=utf-8', 'x-cloud-trace-context': 'e55bca6d9b79f23df4adb3ba20b6c719', 'date': 'Fri, 06 Jun 2025 17:44:30 GMT', 'server': 'Google Frontend', 'Content-Length': '82'} 
 body={
    "message": "Cadastro realizado com sucesso",
    "_id": "s0aaP7hVG8uiFWr8"
} 
 </msg>
<msg time="2025-06-06T14:44:31.304814" level="INFO">C:\Program Files\Python313\Lib\site-packages\urllib3\connectionpool.py:1097: InsecureRequestWarning: Unverified HTTPS request is being made to host 'compassuol.serverest.dev'. Adding certificate verification is strongly advised. See: https://urllib3.readthedocs.io/en/latest/advanced-usage.html#tls-warnings
  warnings.warn(</msg>
<msg time="2025-06-06T14:44:31.307593" level="INFO">${response} = &lt;Response [201]&gt;</msg>
<var>${response}</var>
<arg>alias=${alias}</arg>
<arg>url=usuarios</arg>
<arg>json=${body}</arg>
<doc>Sends a POST request on a previously created HTTP Session.</doc>
<status status="PASS" start="2025-06-06T14:44:30.869385" elapsed="0.438484"/>
</kw>
<kw name="Log" owner="BuiltIn">
<msg time="2025-06-06T14:44:31.312220" level="INFO">Resposta Retornada: 
{
    "message": "Cadastro realizado com sucesso",
    "_id": "s0aaP7hVG8uiFWr8"
}</msg>
<arg>Resposta Retornada: ${\n}${response.text}</arg>
<doc>Logs the given message with the given level.</doc>
<status status="PASS" start="2025-06-06T14:44:31.308854" elapsed="0.003684"/>
</kw>
<status status="PASS" start="2025-06-06T14:44:30.861658" elapsed="0.451276"/>
</kw>
<kw name="Realizar login com o usuario" owner="test_login">
<kw name="Create Dictionary" owner="BuiltIn">
<msg time="2025-06-06T14:44:31.319193" level="INFO">${body} = {'email': 'maria-cecilia45@example.net', 'password': 'Qw)$23Cqq4'}</msg>
<var>${body}</var>
<arg>email=${user.email}</arg>
<arg>password=${user.senha}</arg>
<doc>Creates and returns a dictionary based on the given ``items``.</doc>
<status status="PASS" start="2025-06-06T14:44:31.316161" elapsed="0.003137"/>
</kw>
<kw name="POST On Session" owner="RequestsLibrary">
<msg time="2025-06-06T14:44:31.534294" level="INFO">POST Request : url=https://compassuol.serverest.dev/login 
 path_url=/login 
 headers={'User-Agent': 'python-requests/2.32.3', 'Accept-Encoding': 'gzip, deflate', 'Accept': '*/*', 'Connection': 'keep-alive', 'Content-Type': 'application/json', 'Content-Length': '66'} 
 body=b'{"email": "maria-cecilia45@example.net", "password": "Qw)$23Cqq4"}' 
 </msg>
<msg time="2025-06-06T14:44:31.534721" level="INFO">POST Response : url=https://compassuol.serverest.dev/login 
 status=200, reason=OK 
 headers={'access-control-allow-origin': '*', 'x-dns-prefetch-control': 'off', 'x-frame-options': 'SAMEORIGIN', 'strict-transport-security': 'max-age=15552000; includeSubDomains', 'x-download-options': 'noopen', 'x-content-type-options': 'nosniff', 'x-xss-protection': '1; mode=block', 'content-type': 'application/json; charset=utf-8', 'x-cloud-trace-context': 'c2449e543e53e716f4adb3ba20b6c049', 'date': 'Fri, 06 Jun 2025 17:44:30 GMT', 'server': 'Google Frontend', 'Content-Length': '291'} 
 body={
    "message": "Login realizado com sucesso",
    "authorization": "Bearer eyJhbGciOiJIUzI1NiIsInR5cCI6IkpXVCJ9.eyJlbWFpbCI6Im1hcmlhLWNlY2lsaWE0NUBleGFtcGxlLm5ldCIsInBhc3N3b3JkIjoiUXcpJDIzQ3FxNCIsImlhdCI6MTc0OTIzMTg3MCwiZXhwIjoxNzQ5MjMyNDcwfQ.ZF4jqEuDhN4Y7Qpit12jhz1oYAkSkvCVLoXaH1MtLko"
} 
 </msg>
<msg time="2025-06-06T14:44:31.535065" level="INFO">C:\Program Files\Python313\Lib\site-packages\urllib3\connectionpool.py:1097: InsecureRequestWarning: Unverified HTTPS request is being made to host 'compassuol.serverest.dev'. Adding certificate verification is strongly advised. See: https://urllib3.readthedocs.io/en/latest/advanced-usage.html#tls-warnings
  warnings.warn(</msg>
<msg time="2025-06-06T14:44:31.537378" level="INFO">${response} = &lt;Response [200]&gt;</msg>
<var>${response}</var>
<arg>alias=${alias}</arg>
<arg>url=login</arg>
<arg>json=${body}</arg>
<arg>expected_status=${status_code_desejado}</arg>
<doc>Sends a POST request on a previously created HTTP Session.</doc>
<status status="PASS" start="2025-06-06T14:44:31.319696" elapsed="0.217945"/>
</kw>
<kw name="Log" owner="BuiltIn">
<msg time="2025-06-06T14:44:31.542581" level="INFO">Resposta Retornada: 
{
    "message": "Login realizado com sucesso",
    "authorization": "Bearer eyJhbGciOiJIUzI1NiIsInR5cCI6IkpXVCJ9.eyJlbWFpbCI6Im1hcmlhLWNlY2lsaWE0NUBleGFtcGxlLm5ldCIsInBhc3N3b3JkIjoiUXcpJDIzQ3FxNCIsImlhdCI6MTc0OTIzMTg3MCwiZXhwIjoxNzQ5MjMyNDcwfQ.ZF4jqEuDhN4Y7Qpit12jhz1oYAkSkvCVLoXaH1MtLko"
}</msg>
<arg>Resposta Retornada: ${\n}${response.text}</arg>
<doc>Logs the given message with the given level.</doc>
<status status="PASS" start="2025-06-06T14:44:31.538560" elapsed="0.004357"/>
</kw>
<kw name="Dictionary Should Contain Item" owner="Collections">
<arg>${response.json()}</arg>
<arg>message</arg>
<arg>Login realizado com sucesso</arg>
<doc>An item of ``key`` / ``value`` must be found in a ``dictionary``.</doc>
<status status="PASS" start="2025-06-06T14:44:31.543926" elapsed="0.003451"/>
</kw>
<kw name="Get From Dictionary" owner="Collections">
<msg time="2025-06-06T14:44:31.550825" level="INFO">${token} = Bearer eyJhbGciOiJIUzI1NiIsInR5cCI6IkpXVCJ9.eyJlbWFpbCI6Im1hcmlhLWNlY2lsaWE0NUBleGFtcGxlLm5ldCIsInBhc3N3b3JkIjoiUXcpJDIzQ3FxNCIsImlhdCI6MTc0OTIzMTg3MCwiZXhwIjoxNzQ5MjMyNDcwfQ.ZF4jqEuDhN4Y7Qpit12jhz1oY...</msg>
<var>${token}</var>
<arg>${response.json()}</arg>
<arg>authorization</arg>
<doc>Returns a value from the given ``dictionary`` based on the given ``key``.</doc>
<status status="PASS" start="2025-06-06T14:44:31.548289" elapsed="0.002674"/>
</kw>
<kw name="Set Global Variable" owner="BuiltIn">
<msg time="2025-06-06T14:44:31.552485" level="INFO">${token} = Bearer eyJhbGciOiJIUzI1NiIsInR5cCI6IkpXVCJ9.eyJlbWFpbCI6Im1hcmlhLWNlY2lsaWE0NUBleGFtcGxlLm5ldCIsInBhc3N3b3JkIjoiUXcpJDIzQ3FxNCIsImlhdCI6MTc0OTIzMTg3MCwiZXhwIjoxNzQ5MjMyNDcwfQ.ZF4jqEuDhN4Y7Qpit12jhz1oY...</msg>
<arg>${token}</arg>
<doc>Makes a variable available globally in all tests and suites.</doc>
<status status="PASS" start="2025-06-06T14:44:31.551597" elapsed="0.001081"/>
</kw>
<arg>status_code_desejado=200</arg>
<status status="PASS" start="2025-06-06T14:44:31.314482" elapsed="0.238440"/>
</kw>
<kw name="Cadastrar um carrinho" owner="test_cart">
<kw name="Cadastrar um produto" owner="test_cart">
<kw name="Word" owner="FakerLibrary">
<msg time="2025-06-06T14:44:31.555580" level="INFO">${random_prod} = minus</msg>
<var>${random_prod}</var>
<doc>Generate a word.</doc>
<status status="PASS" start="2025-06-06T14:44:31.555260" elapsed="0.000376"/>
</kw>
<kw name="Set Suite Variable" owner="BuiltIn">
<msg time="2025-06-06T14:44:31.556231" level="INFO">${random_prod} = minus</msg>
<arg>${random_prod}</arg>
<doc>Makes a variable available everywhere within the scope of the current suite.</doc>
<status status="PASS" start="2025-06-06T14:44:31.555855" elapsed="0.000462"/>
</kw>
<kw name="Create Dictionary" owner="BuiltIn">
<msg time="2025-06-06T14:44:31.557612" level="INFO">${body} = {'nome': 'minus', 'preco': '6661', 'descricao': 'Test Product', 'quantidade': '10'}</msg>
<var>${body}</var>
<arg>nome=${random_prod}</arg>
<arg>preco=${preco_item}</arg>
<arg>descricao=${desc_item}</arg>
<arg>quantidade=${qtde_item}</arg>
<doc>Creates and returns a dictionary based on the given ``items``.</doc>
<status status="PASS" start="2025-06-06T14:44:31.556554" elapsed="0.001289"/>
</kw>
<kw name="Create Dictionary" owner="BuiltIn">
<msg time="2025-06-06T14:44:31.560570" level="INFO">${headers} = {'Authorization': 'Bearer eyJhbGciOiJIUzI1NiIsInR5cCI6IkpXVCJ9.eyJlbWFpbCI6Im1hcmlhLWNlY2lsaWE0NUBleGFtcGxlLm5ldCIsInBhc3N3b3JkIjoiUXcpJDIzQ3FxNCIsImlhdCI6MTc0OTIzMTg3MCwiZXhwIjoxNzQ5MjMyNDcwfQ.ZF4jqE...</msg>
<var>${headers}</var>
<arg>Authorization=${token}</arg>
<doc>Creates and returns a dictionary based on the given ``items``.</doc>
<status status="PASS" start="2025-06-06T14:44:31.559642" elapsed="0.001041"/>
</kw>
<kw name="POST On Session" owner="RequestsLibrary">
<msg time="2025-06-06T14:44:31.755200" level="INFO">POST Request : url=https://compassuol.serverest.dev/produtos 
 path_url=/produtos 
 headers={'User-Agent': 'python-requests/2.32.3', 'Accept-Encoding': 'gzip, deflate', 'Accept': '*/*', 'Connection': 'keep-alive', 'Content-Type': 'application/json', 'Authorization': '*****', 'Content-Length': '83'} 
 body=b'{"nome": "minus", "preco": "6661", "descricao": "Test Product", "quantidade": "10"}' 
 </msg>
<msg time="2025-06-06T14:44:31.755594" level="INFO">POST Response : url=https://compassuol.serverest.dev/produtos 
 status=201, reason=Created 
 headers={'access-control-allow-origin': '*', 'x-dns-prefetch-control': 'off', 'x-frame-options': 'SAMEORIGIN', 'strict-transport-security': 'max-age=15552000; includeSubDomains', 'x-download-options': 'noopen', 'x-content-type-options': 'nosniff', 'x-xss-protection': '1; mode=block', 'content-type': 'application/json; charset=utf-8', 'x-cloud-trace-context': '9b4e6990f965fbb4f4adb3ba20b6c979', 'date': 'Fri, 06 Jun 2025 17:44:31 GMT', 'server': 'Google Frontend', 'Content-Length': '82'} 
 body={
    "message": "Cadastro realizado com sucesso",
    "_id": "oXapk23KXewUWNSe"
} 
 </msg>
<msg time="2025-06-06T14:44:31.755990" level="INFO">C:\Program Files\Python313\Lib\site-packages\urllib3\connectionpool.py:1097: InsecureRequestWarning: Unverified HTTPS request is being made to host 'compassuol.serverest.dev'. Adding certificate verification is strongly advised. See: https://urllib3.readthedocs.io/en/latest/advanced-usage.html#tls-warnings
  warnings.warn(</msg>
<msg time="2025-06-06T14:44:31.758348" level="INFO">${response_cadastro} = &lt;Response [201]&gt;</msg>
<var>${response_cadastro}</var>
<arg>alias=${alias}</arg>
<arg>url=produtos</arg>
<arg>json=${body}</arg>
<arg>headers=${headers}</arg>
<doc>Sends a POST request on a previously created HTTP Session.</doc>
<status status="PASS" start="2025-06-06T14:44:31.561089" elapsed="0.197529"/>
</kw>
<kw name="Set Test Variable" owner="BuiltIn">
<msg time="2025-06-06T14:44:31.761608" level="INFO">${response_cadastro} = &lt;Response [201]&gt;</msg>
<arg>${response_cadastro}</arg>
<doc>Makes a variable available everywhere within the scope of the current test.</doc>
<status status="PASS" start="2025-06-06T14:44:31.760237" elapsed="0.001686"/>
</kw>
<kw name="Log" owner="BuiltIn">
<msg time="2025-06-06T14:44:31.765716" level="INFO">Resposta Retornada: 
{
    "message": "Cadastro realizado com sucesso",
    "_id": "oXapk23KXewUWNSe"
}</msg>
<arg>Resposta Retornada: ${\n}${response_cadastro.text}</arg>
<doc>Logs the given message with the given level.</doc>
<status status="PASS" start="2025-06-06T14:44:31.762673" elapsed="0.003304"/>
</kw>
<status status="PASS" start="2025-06-06T14:44:31.554720" elapsed="0.211535"/>
</kw>
<kw name="Conferir se o produto foi cadastrado com sucesso" owner="test_cart">
<kw name="Dictionary Should Contain Item" owner="Collections">
<arg>${response_cadastro.json()}</arg>
<arg>message</arg>
<arg>Cadastro realizado com sucesso</arg>
<doc>An item of ``key`` / ``value`` must be found in a ``dictionary``.</doc>
<status status="PASS" start="2025-06-06T14:44:31.767785" elapsed="0.001931"/>
</kw>
<kw name="Get From Dictionary" owner="Collections">
<msg time="2025-06-06T14:44:31.771448" level="INFO">${id_prod_cadastrado} = oXapk23KXewUWNSe</msg>
<var>${id_prod_cadastrado}</var>
<arg>${response_cadastro.json()}</arg>
<arg>_id</arg>
<doc>Returns a value from the given ``dictionary`` based on the given ``key``.</doc>
[...]
 body={
    "message": "Registro excluído com sucesso"
} 
 </msg>
<msg time="2025-06-06T14:44:41.104919" level="INFO">C:\Program Files\Python313\Lib\site-packages\urllib3\connectionpool.py:1097: InsecureRequestWarning: Unverified HTTPS request is being made to host 'compassuol.serverest.dev'. Adding certificate verification is strongly advised. See: https://urllib3.readthedocs.io/en/latest/advanced-usage.html#tls-warnings
  warnings.warn(</msg>
<msg time="2025-06-06T14:44:41.106816" level="INFO">${response_consult} = &lt;Response [200]&gt;</msg>
<var>${response_consult}</var>
<arg>alias=ServeRest</arg>
<arg>url=/usuarios/${id_user}</arg>
<doc>Sends a DELETE request on a previously created HTTP Session.</doc>
<status status="PASS" start="2025-06-06T14:44:40.896269" elapsed="0.210922"/>
</kw>
<kw name="Set Test Variable" owner="BuiltIn">
<msg time="2025-06-06T14:44:41.114235" level="INFO">${resp_delete} = {'message': 'Registro excluído com sucesso'}</msg>
<arg>${resp_delete}</arg>
<arg>${response_consult.json()}</arg>
<doc>Makes a variable available everywhere within the scope of the current test.</doc>
<status status="PASS" start="2025-06-06T14:44:41.107975" elapsed="0.006629"/>
</kw>
<status status="PASS" start="2025-06-06T14:44:40.895368" elapsed="0.219744"/>
</kw>
<kw name="Conferir se o usuario foi realmente deletado" owner="test_user">
<kw name="Dictionary Should Contain Item" owner="Collections">
<arg>${resp_delete}</arg>
<arg>message</arg>
<arg>Registro excluído com sucesso</arg>
<doc>An item of ``key`` / ``value`` must be found in a ``dictionary``.</doc>
<status status="PASS" start="2025-06-06T14:44:41.118676" elapsed="0.001703"/>
</kw>
<status status="PASS" start="2025-06-06T14:44:41.116316" elapsed="0.004706"/>
</kw>
<status status="PASS" start="2025-06-06T14:44:40.253468" elapsed="0.870042"/>
</test>
<test id="s1-s1-s4-t5" name="Cenário 05: Editar usuario" line="30">
<kw name="Criar um usuario novo" owner="test_user">
<kw name="Generate Random String" owner="String">
<msg time="2025-06-06T14:44:41.137912" level="INFO">${random_word} = MJku</msg>
<var>${random_word}</var>
<arg>length=4</arg>
<arg>chars=[LETTERS]</arg>
<doc>Generates a string with a desired ``length`` from the given ``chars``.</doc>
<status status="PASS" start="2025-06-06T14:44:41.137190" elapsed="0.000815"/>
</kw>
<kw name="Convert To Lower Case" owner="String">
<msg time="2025-06-06T14:44:41.139238" level="INFO">${random_word} = mjku</msg>
<var>${random_word}</var>
<arg>${random_word}</arg>
<doc>Converts string to lower case.</doc>
<status status="PASS" start="2025-06-06T14:44:41.138735" elapsed="0.000612"/>
</kw>
<kw name="Set Test Variable" owner="BuiltIn">
<msg time="2025-06-06T14:44:41.144356" level="INFO">${email_teste} = mjku@emailteste.com</msg>
<arg>${email_teste}</arg>
<arg>${random_word}@emailteste.com</arg>
<doc>Makes a variable available everywhere within the scope of the current test.</doc>
<status status="PASS" start="2025-06-06T14:44:41.139612" elapsed="0.004984"/>
</kw>
<kw name="Log" owner="BuiltIn">
<msg time="2025-06-06T14:44:41.145490" level="INFO">mjku@emailteste.com</msg>
<arg>${email_teste}</arg>
<doc>Logs the given message with the given level.</doc>
<status status="PASS" start="2025-06-06T14:44:41.145134" elapsed="0.000616"/>
</kw>
<status status="PASS" start="2025-06-06T14:44:41.136501" elapsed="0.009432"/>
</kw>
<kw name="Cadastrar o usuario criado na ServeRest" owner="test_user">
<kw name="Create Dictionary" owner="BuiltIn">
<msg time="2025-06-06T14:44:41.151491" level="INFO">${body} = {'nome': 'Gabriel Barbosa', 'email': 'mjku@emailteste.com', 'password': '4321', 'administrador': 'true'}</msg>
<var>${body}</var>
<arg>nome=Gabriel Barbosa</arg>
<arg>email=${email}</arg>
<arg>password=4321</arg>
<arg>administrador=true</arg>
<doc>Creates and returns a dictionary based on the given ``items``.</doc>
<status status="PASS" start="2025-06-06T14:44:41.148706" elapsed="0.002835"/>
</kw>
<kw name="Log" owner="BuiltIn">
<msg time="2025-06-06T14:44:41.151922" level="INFO">{'nome': 'Gabriel Barbosa', 'email': 'mjku@emailteste.com', 'password': '4321', 'administrador': 'true'}</msg>
<arg>${body}</arg>
<doc>Logs the given message with the given level.</doc>
<status status="PASS" start="2025-06-06T14:44:41.151739" elapsed="0.000250"/>
</kw>
<kw name="Criar sessao na ServeRest" owner="test_user">
<kw name="Create Dictionary" owner="BuiltIn">
<msg time="2025-06-06T14:44:41.152724" level="INFO">${headers} = {'accept': 'application/json', 'Content-Type': 'application/json'}</msg>
<var>${headers}</var>
<arg>accept=application/json</arg>
<arg>Content-Type=application/json</arg>
<doc>Creates and returns a dictionary based on the given ``items``.</doc>
<status status="PASS" start="2025-06-06T14:44:41.152505" elapsed="0.000259"/>
</kw>
<kw name="Create Session" owner="RequestsLibrary">
<msg time="2025-06-06T14:44:41.153055" level="INFO">Creating Session using : alias=ServeRest, url=https://compassuol.serverest.dev, headers={},                     cookies={}, auth=None, timeout=None, proxies=None, verify=False,                     debug=0 </msg>
<arg>alias=ServeRest</arg>
<arg>url=https://compassuol.serverest.dev</arg>
<doc>Create Session: create a HTTP session to a server</doc>
<status status="PASS" start="2025-06-06T14:44:41.152907" elapsed="0.000325"/>
</kw>
<status status="PASS" start="2025-06-06T14:44:41.152188" elapsed="0.001140"/>
</kw>
<kw name="POST On Session" owner="RequestsLibrary">
<msg time="2025-06-06T14:44:41.576158" level="INFO">POST Request : url=https://compassuol.serverest.dev/usuarios 
 path_url=/usuarios 
 headers={'User-Agent': 'python-requests/2.32.3', 'Accept-Encoding': 'gzip, deflate', 'Accept': '*/*', 'Connection': 'keep-alive', 'Content-Length': '104', 'Content-Type': 'application/json'} 
 body=b'{"nome": "Gabriel Barbosa", "email": "mjku@emailteste.com", "password": "4321", "administrador": "true"}' 
 </msg>
<msg time="2025-06-06T14:44:41.576376" level="INFO">POST Response : url=https://compassuol.serverest.dev/usuarios 
 status=201, reason=Created 
 headers={'access-control-allow-origin': '*', 'x-dns-prefetch-control': 'off', 'x-frame-options': 'SAMEORIGIN', 'strict-transport-security': 'max-age=15552000; includeSubDomains', 'x-download-options': 'noopen', 'x-content-type-options': 'nosniff', 'x-xss-protection': '1; mode=block', 'content-type': 'application/json; charset=utf-8', 'x-cloud-trace-context': '57f2bb94e0a55f407e40eeded48e1e49', 'date': 'Fri, 06 Jun 2025 17:44:40 GMT', 'server': 'Google Frontend', 'Content-Length': '82'} 
 body={
    "message": "Cadastro realizado com sucesso",
    "_id": "WgZHVCfXWsNyj6td"
} 
 </msg>
<msg time="2025-06-06T14:44:41.576636" level="INFO">C:\Program Files\Python313\Lib\site-packages\urllib3\connectionpool.py:1097: InsecureRequestWarning: Unverified HTTPS request is being made to host 'compassuol.serverest.dev'. Adding certificate verification is strongly advised. See: https://urllib3.readthedocs.io/en/latest/advanced-usage.html#tls-warnings
  warnings.warn(</msg>
<msg time="2025-06-06T14:44:41.578020" level="INFO">${response} = &lt;Response [201]&gt;</msg>
<var>${response}</var>
<arg>alias=ServeRest</arg>
<arg>url=/usuarios</arg>
<arg>json=${body}</arg>
<arg>expected_status=${status_code_desejado}</arg>
<doc>Sends a POST request on a previously created HTTP Session.</doc>
<status status="PASS" start="2025-06-06T14:44:41.153451" elapsed="0.424732"/>
</kw>
<kw name="Log" owner="BuiltIn">
<msg time="2025-06-06T14:44:41.580720" level="INFO">{'message': 'Cadastro realizado com sucesso', '_id': 'WgZHVCfXWsNyj6td'}</msg>
<arg>${response.json()}</arg>
<doc>Logs the given message with the given level.</doc>
<status status="PASS" start="2025-06-06T14:44:41.578755" elapsed="0.002201"/>
</kw>
<if>
<branch type="IF" condition="${response.status_code} == 201">
<kw name="Set Test Variable" owner="BuiltIn">
<msg time="2025-06-06T14:44:41.587281" level="INFO">${id_user} = WgZHVCfXWsNyj6td</msg>
<arg>${id_user}</arg>
<arg>${response.json()["_id"]}</arg>
<doc>Makes a variable available everywhere within the scope of the current test.</doc>
<status status="PASS" start="2025-06-06T14:44:41.583096" elapsed="0.004360"/>
</kw>
<status status="PASS" start="2025-06-06T14:44:41.581247" elapsed="0.006361"/>
</branch>
<status status="PASS" start="2025-06-06T14:44:41.581179" elapsed="0.006534"/>
</if>
<kw name="Set Test Variable" owner="BuiltIn">
<msg time="2025-06-06T14:44:41.589951" level="INFO">${response} = {'message': 'Cadastro realizado com sucesso', '_id': 'WgZHVCfXWsNyj6td'}</msg>
<arg>${response}</arg>
<arg>${response.json()}</arg>
<doc>Makes a variable available everywhere within the scope of the current test.</doc>
<status status="PASS" start="2025-06-06T14:44:41.588054" elapsed="0.002055"/>
</kw>
<arg>email=${email_teste}</arg>
<arg>status_code_desejado=201</arg>
<status status="PASS" start="2025-06-06T14:44:41.146931" elapsed="0.443401"/>
</kw>
<kw name="Consultar os dados do novo usuario" owner="test_user">
<kw name="GET On Session" owner="RequestsLibrary">
<msg time="2025-06-06T14:44:41.773908" level="INFO">GET Request : url=https://compassuol.serverest.dev/usuarios/WgZHVCfXWsNyj6td 
 path_url=/usuarios/WgZHVCfXWsNyj6td 
 headers={'User-Agent': 'python-requests/2.32.3', 'Accept-Encoding': 'gzip, deflate', 'Accept': '*/*', 'Connection': 'keep-alive'} 
 body=None 
 </msg>
<msg time="2025-06-06T14:44:41.774082" level="INFO">GET Response : url=https://compassuol.serverest.dev/usuarios/WgZHVCfXWsNyj6td 
 status=200, reason=OK 
 headers={'access-control-allow-origin': '*', 'x-dns-prefetch-control': 'off', 'x-frame-options': 'SAMEORIGIN', 'strict-transport-security': 'max-age=15552000; includeSubDomains', 'x-download-options': 'noopen', 'x-content-type-options': 'nosniff', 'x-xss-protection': '1; mode=block', 'content-type': 'application/json; charset=utf-8', 'x-cloud-trace-context': '35c5223e26ced52f7e40eeded48e172a', 'date': 'Fri, 06 Jun 2025 17:44:41 GMT', 'server': 'Google Frontend', 'Content-Length': '153'} 
 body={
    "nome": "Gabriel Barbosa",
    "email": "mjku@emailteste.com",
    "password": "4321",
    "administrador": "true",
    "_id": "WgZHVCfXWsNyj6td"
} 
 </msg>
<msg time="2025-06-06T14:44:41.774337" level="INFO">C:\Program Files\Python313\Lib\site-packages\urllib3\connectionpool.py:1097: InsecureRequestWarning: Unverified HTTPS request is being made to host 'compassuol.serverest.dev'. Adding certificate verification is strongly advised. See: https://urllib3.readthedocs.io/en/latest/advanced-usage.html#tls-warnings
  warnings.warn(</msg>
<msg time="2025-06-06T14:44:41.775168" level="INFO">${response_consult} = &lt;Response [200]&gt;</msg>
<var>${response_consult}</var>
<arg>alias=ServeRest</arg>
<arg>url=/usuarios/${id_user}</arg>
<doc>Sends a GET request on a previously created HTTP Session.</doc>
<status status="PASS" start="2025-06-06T14:44:41.591481" elapsed="0.183808"/>
</kw>
<kw name="Set Test Variable" owner="BuiltIn">
<msg time="2025-06-06T14:44:41.778078" level="INFO">${resp_consult} = {'nome': 'Gabriel Barbosa', 'email': 'mjku@emailteste.com', 'password': '4321', 'administrador': 'true', '_id': 'WgZHVCfXWsNyj6td'}</msg>
<arg>${resp_consult}</arg>
<arg>${response_consult.json()}</arg>
<doc>Makes a variable available everywhere within the scope of the current test.</doc>
<status status="PASS" start="2025-06-06T14:44:41.775793" elapsed="0.002404"/>
</kw>
<status status="PASS" start="2025-06-06T14:44:41.590920" elapsed="0.187431"/>
</kw>
<kw name="Editar informacoes do usuario" owner="test_user">
<kw name="Create Dictionary" owner="BuiltIn">
<msg time="2025-06-06T14:44:41.780266" level="INFO">${novas_info} = {'nome': 'Gabriel B', 'password': '1234', 'email': 'mjku@emailteste.com', 'administrador': 'true'}</msg>
<var>${novas_info}</var>
<arg>nome=Gabriel B</arg>
<arg>password=1234</arg>
<arg>email=${email_teste}</arg>
<arg>administrador=true</arg>
<doc>Creates and returns a dictionary based on the given ``items``.</doc>
<status status="PASS" start="2025-06-06T14:44:41.779681" elapsed="0.000657"/>
</kw>
<kw name="PUT On Session" owner="RequestsLibrary">
<msg time="2025-06-06T14:44:41.959671" level="INFO">PUT Request : url=https://compassuol.serverest.dev/usuarios/WgZHVCfXWsNyj6td 
 path_url=/usuarios/WgZHVCfXWsNyj6td 
 headers={'User-Agent': 'python-requests/2.32.3', 'Accept-Encoding': 'gzip, deflate', 'Accept': '*/*', 'Connection': 'keep-alive', 'Content-Length': '98', 'Content-Type': 'application/json'} 
 body=b'{"nome": "Gabriel B", "password": "1234", "email": "mjku@emailteste.com", "administrador": "true"}' 
 </msg>
<msg time="2025-06-06T14:44:41.960125" level="INFO">PUT Response : url=https://compassuol.serverest.dev/usuarios/WgZHVCfXWsNyj6td 
 status=200, reason=OK 
 headers={'access-control-allow-origin': '*', 'x-dns-prefetch-control': 'off', 'x-frame-options': 'SAMEORIGIN', 'strict-transport-security': 'max-age=15552000; includeSubDomains', 'x-download-options': 'noopen', 'x-content-type-options': 'nosniff', 'x-xss-protection': '1; mode=block', 'content-type': 'application/json; charset=utf-8', 'x-cloud-trace-context': 'eb9433233906c0a27e40eeded48e10e7', 'date': 'Fri, 06 Jun 2025 17:44:41 GMT', 'server': 'Google Frontend', 'Content-Length': '50'} 
 body={
    "message": "Registro alterado com sucesso"
} 
 </msg>
<msg time="2025-06-06T14:44:41.960541" level="INFO">C:\Program Files\Python313\Lib\site-packages\urllib3\connectionpool.py:1097: InsecureRequestWarning: Unverified HTTPS request is being made to host 'compassuol.serverest.dev'. Adding certificate verification is strongly advised. See: https://urllib3.readthedocs.io/en/latest/advanced-usage.html#tls-warnings
  warnings.warn(</msg>
<msg time="2025-06-06T14:44:41.963766" level="INFO">${novas_info} = &lt;Response [200]&gt;</msg>
<var>${novas_info}</var>
<arg>alias=ServeRest</arg>
<arg>url=/usuarios/${id_user}</arg>
<arg>json=${novas_info}</arg>
<doc>Sends a PUT request on a previously created HTTP Session.</doc>
<status status="PASS" start="2025-06-06T14:44:41.780599" elapsed="0.183384"/>
</kw>
<status status="PASS" start="2025-06-06T14:44:41.779014" elapsed="0.185423"/>
</kw>
<kw name="Consultar os novos dados do usuario" owner="test_user">
<kw name="GET On Session" owner="RequestsLibrary">
<msg time="2025-06-06T14:44:42.165652" level="INFO">GET Request : url=https://compassuol.serverest.dev/usuarios/WgZHVCfXWsNyj6td 
 path_url=/usuarios/WgZHVCfXWsNyj6td 
 headers={'User-Agent': 'python-requests/2.32.3', 'Accept-Encoding': 'gzip, deflate', 'Accept': '*/*', 'Connection': 'keep-alive'} 
 body=None 
 </msg>
<msg time="2025-06-06T14:44:42.166011" level="INFO">GET Response : url=https://compassuol.serverest.dev/usuarios/WgZHVCfXWsNyj6td 
 status=200, reason=OK 
 headers={'access-control-allow-origin': '*', 'x-dns-prefetch-control': 'off', 'x-frame-options': 'SAMEORIGIN', 'strict-transport-security': 'max-age=15552000; includeSubDomains', 'x-download-options': 'noopen', 'x-content-type-options': 'nosniff', 'x-xss-protection': '1; mode=block', 'content-type': 'application/json; charset=utf-8', 'x-cloud-trace-context': 'd0112373bae979b97e40eeded48e1901', 'date': 'Fri, 06 Jun 2025 17:44:41 GMT', 'server': 'Google Frontend', 'Content-Length': '147'} 
 body={
    "nome": "Gabriel B",
    "password": "1234",
    "email": "mjku@emailteste.com",
    "administrador": "true",
    "_id": "WgZHVCfXWsNyj6td"
} 
 </msg>
<msg time="2025-06-06T14:44:42.166304" level="INFO">C:\Program Files\Python313\Lib\site-packages\urllib3\connectionpool.py:1097: InsecureRequestWarning: Unverified HTTPS request is being made to host 'compassuol.serverest.dev'. Adding certificate verification is strongly advised. See: https://urllib3.readthedocs.io/en/latest/advanced-usage.html#tls-warnings
  warnings.warn(</msg>
<msg time="2025-06-06T14:44:42.168150" level="INFO">${response_consult} = &lt;Response [200]&gt;</msg>
<var>${response_consult}</var>
<arg>alias=ServeRest</arg>
<arg>url=/usuarios/${id_user}</arg>
<doc>Sends a GET request on a previously created HTTP Session.</doc>
<status status="PASS" start="2025-06-06T14:44:41.967072" elapsed="0.201358"/>
</kw>
<kw name="Set Test Variable" owner="BuiltIn">
<msg time="2025-06-06T14:44:42.172233" level="INFO">${resp_consult} = {'nome': 'Gabriel B', 'password': '1234', 'email': 'mjku@emailteste.com', 'administrador': 'true', '_id': 'WgZHVCfXWsNyj6td'}</msg>
<arg>${resp_consult}</arg>
<arg>${response_consult.json()}</arg>
<doc>Makes a variable available everywhere within the scope of the current test.</doc>
<status status="PASS" start="2025-06-06T14:44:42.169188" elapsed="0.003325"/>
</kw>
<status status="PASS" start="2025-06-06T14:44:41.965752" elapsed="0.207125"/>
</kw>
<kw name="Conferir os dados retornados se estao editados" owner="test_user">
<kw name="Log" owner="BuiltIn">
<msg time="2025-06-06T14:44:42.175393" level="INFO">{'nome': 'Gabriel B', 'password': '1234', 'email': 'mjku@emailteste.com', 'administrador': 'true', '_id': 'WgZHVCfXWsNyj6td'}</msg>
<arg>${resp_consult}</arg>
<doc>Logs the given message with the given level.</doc>
<status status="PASS" start="2025-06-06T14:44:42.174845" elapsed="0.000790"/>
</kw>
<kw name="Dictionary Should Contain Item" owner="Collections">
<arg>${resp_consult}</arg>
<arg>nome</arg>
<arg>Gabriel B</arg>
<doc>An item of ``key`` / ``value`` must be found in a ``dictionary``.</doc>
<status status="PASS" start="2025-06-06T14:44:42.176175" elapsed="0.000757"/>
</kw>
<kw name="Dictionary Should Contain Item" owner="Collections">
<arg>${resp_consult}</arg>
<arg>email</arg>
<arg>${email_teste}</arg>
<doc>An item of ``key`` / ``value`` must be found in a ``dictionary``.</doc>
<status status="PASS" start="2025-06-06T14:44:42.177340" elapsed="0.000631"/>
</kw>
<kw name="Dictionary Should Contain Item" owner="Collections">
<arg>${resp_consult}</arg>
<arg>password</arg>
<arg>1234</arg>
<doc>An item of ``key`` / ``value`` must be found in a ``dictionary``.</doc>
<status status="PASS" start="2025-06-06T14:44:42.178357" elapsed="0.000582"/>
</kw>
<kw name="Dictionary Should Contain Item" owner="Collections">
<arg>${resp_consult}</arg>
<arg>administrador</arg>
<arg>true</arg>
<doc>An item of ``key`` / ``value`` must be found in a ``dictionary``.</doc>
<status status="PASS" start="2025-06-06T14:44:42.179408" elapsed="0.000847"/>
</kw>
<status status="PASS" start="2025-06-06T14:44:42.173867" elapsed="0.006804"/>
</kw>
<status status="PASS" start="2025-06-06T14:44:41.134640" elapsed="1.046650"/>
</test>
<doc>Estes testes são realizados na api ServeRest, englobando toda a parte de usuário.</doc>
<status status="PASS" start="2025-06-06T14:44:38.208446" elapsed="3.974784"/>
</suite>
<status status="PASS" start="2025-06-06T14:44:25.298907" elapsed="16.887291"/>
</suite>
<status status="PASS" start="2025-06-06T14:44:25.208741" elapsed="16.983341"/>
</suite>
<statistics>
<total>
<stat pass="14" fail="0" skip="0">All Tests</stat>
</total>
<tag>
</tag>
<suite>
<stat name="Review Challenge 01-robot" id="s1" pass="14" fail="0" skip="0">Review Challenge 01-robot</stat>
<stat name="Tests" id="s1-s1" pass="14" fail="0" skip="0">Review Challenge 01-robot.Tests</stat>
<stat name="Test Cart" id="s1-s1-s1" pass="3" fail="0" skip="0">Review Challenge 01-robot.Tests.Test Cart</stat>
<stat name="Test Login" id="s1-s1-s2" pass="2" fail="0" skip="0">Review Challenge 01-robot.Tests.Test Login</stat>
<stat name="Test Prod" id="s1-s1-s3" pass="4" fail="0" skip="0">Review Challenge 01-robot.Tests.Test Prod</stat>
<stat name="Test User" id="s1-s1-s4" pass="5" fail="0" skip="0">Review Challenge 01-robot.Tests.Test User</stat>
</suite>
</statistics>
<errors>
</errors>
</robot>
